@ Measure_optics:version %s "0.2.0"
@ Command %s "/usr/bin/python2 '/home/akoval/work_local/git/Beta-Beat.src/measure_optics.py' '--model' 'model/' '--accel' 'skekb' '--files' 'output/harmonic_output/HER_2019_05_20_18_27_51.sdds' '--output' 'output/phase_output/HER_2019_05_20_18_27_51.sdds/'"
@ CWD %s "/home/akoval/work_local/git/SKEKB_Kmod"
@ Date %s "14. June 2019, 13:55:56"
@ Model_directory %s "model/"
@ Q1 %le 0.5435913236046915
@ Q2 %le 0.6106992661986484
@ RMSbetabeat %le 0.2997500722745665
@ RescalingFactor %le 1.1315070202770028
@ FILENAME %s "getampbetax.out"
*                 NAME                    S                COUNT                 BETX              BETXSTD              BETXMDL               MUXMDL            DELTABETX              BETXRES           BETXSTDRES
$                   %s                  %le                   %d                  %le                  %le                  %le                  %le                  %le                  %le                  %le
                MQC1LE            0.5300002                    1       1.223874016193                    0            2.9087358            0.2203223      -0.579241945524       1.384822041257                    0
                MQC2LE            2.2500008                    1       227.5810864952                    0          142.9688048            0.2410243      0.5918233828249       257.5095970516                    0
               MQLC3LE           12.9355133                    1       43.37750199935                    0           26.9933253            0.2616968      0.6069714093116       49.08194803434                    0
               MQLC7LE           27.2720861                    1       10.30323226703                    0            9.3764221            0.4721468     0.09884475732326       11.65817964169                    0
               MQLB1LE           55.2235731                    1       12.63361947441                    0           12.5617527            0.9879476    0.005721078588733        14.2950291268                    0
               MQLB4LE           77.1787307                    1       44.30618712262                    0           35.3516866            1.3202075      0.2532976891297       50.13276177095                    0
               MQLA2LE           98.9121927                    1       53.72818810715                    0           36.8830728            1.8242478      0.4567167003275       60.79382203001                    0
               MQLA5LE          119.0986538                    1       11.87535273661                    0           10.0415612            2.3120774      0.1826201623516       13.43704498974                    0
                MQD3E1          164.5639584                    1       7.340406807115                    0            7.4403317            3.0072166    -0.01343016641118       8.305721833939                    0
                MQEAE4          230.8020191                    1       38.32781506422                    0           48.5050151            4.0807687     -0.2098174800028       43.36819181704                    0
                MQD3E4          270.0136808                    1       6.715458604247                    0            7.4403317            4.6861856    -0.09742483601276       7.598588555085                    0
                MQEAE6          306.4724249                    1       52.27957288202                    0           48.5050151            5.2289045     0.07781788695942       59.15470373309                    0
              MQTATNE1          354.4092937                    1       36.52795738201                    0           45.9537751            5.9292318     -0.2051151988596       41.33164021413                    0
              MQTATNE2          397.7476034                    1       38.11347437519                    0           45.9537751            6.4015278     -0.1706127670197       43.12566382267                    0
                MQEAE8          472.7108711                    1       37.53706600198                    0           48.5050151            7.5699902     -0.2261198986415       42.47345370185                    0
                MQD3E8          511.9225329                    1       6.243859321697                    0            7.4403317            8.1754072     -0.1608090104777       7.064970656122                    0
               MQEAE10          548.3812769                    1       47.33128945459                    0           48.5050151             8.718126    -0.02419802659556       53.55568629663                    0
               MQEAE11          597.0252838                    1       51.92286293054                    0           48.5050151            9.3981267     0.07046380304175       58.75108391879                    0
               MQR2NE1          696.7698054                    1       10.60492742877                    0           28.8232835           10.9206195      -0.632070807312       11.99954983518                    0
               MQFRNE3          753.3246054                    1       13.01779211873                    0           28.8233021           11.5379038     -0.5483587524578       14.72972317085                    0
               MQDRNE5          781.6020054                    1       3.416442716296                    0            8.5241331            11.856421     -0.5992034994977       3.865728917863                    0
               MQEAE13           881.197528                    1       55.61728023938                    0           48.5050151           13.2020923      0.1466294799562       62.93134303957                    0
               MQD3E12          947.4355886                    1       7.286721874651                    0            7.4403317           14.2756444    -0.02064556145384       8.244976955973                    0
               MQEAE16          983.8943327                    1       42.25906599088                    0           48.5050151           14.8183633     -0.1287691405981       47.81642983903                    0
               MQD3E14         1023.1059944                    1       5.800753139518                    0            7.4403317           15.4237802     -0.2203636378849       6.563592900258                    0
               MQEAE18         1059.5647385                    1       37.95350728211                    0           48.5050151           15.9664991     -0.2175343682738       42.94465993384                    0
              MQTANFE1         1107.5016074                    1       40.52352262351                    0           45.9537751           16.6668263       -0.11816771233       45.85265033485                    0
               MQD3E16         1189.3444407                    1       7.069419775586                    0            7.4403317            17.764866    -0.04985153073404       7.999098105361                    0
               MQEAE20         1225.8031848                    1       37.99700089082                    0           48.5050151           18.3075848     -0.2166376855572       42.99387325743                    0
               MQD3E18         1265.0148465                    1       5.973938496479                    0            7.4403317           18.9130018     -0.1970870738896       6.759553347469                    0
               MQEAE22         1301.4735906                    1       42.40511795556                    0           48.5050151           19.4557206       -0.12575807124       47.98168866239                    0
               MQEAE23         1350.1175975                    1       56.39293212853                    0           48.5050151           20.1357212      0.1626206488602       63.80899859744                    0
                 MQI6E         1404.3012987                    1       11.73939180696                    0           12.5196316             21.14351    -0.06232130608708       13.28320424336                    0
                 MQI5E         1418.7440064                    1        75.0492772682                    0           36.6707357           21.2614628       1.046571355485       84.91878409568                    0
                 MQI4E         1424.1361014                    1       122.6943441892                    0          102.3414091           21.2754895      0.1988729221939       138.8295117983                    0
                MQX2RE         1494.6206604                    1       78.37127363286                    0            79.143814           22.6372352     -0.0097612223634       88.67764630363                    0
                 MQM2E         1564.3492168                    1       27.21326995053                    0           29.3408767           23.6951094    -0.07251340071477       30.79200599372                    0
                 MQM7E         1608.8759522                    1       5.142353587117                    0            5.5669757           24.4296714    -0.07627518706135       5.818609184569                    0
               MQEAE25         1634.7988225                    1       48.08234384592                    0           48.5050151           24.9087078   -0.008713970157743       54.40550961303                    0
               MQD3E21         1671.2575666                    1         8.3104643468                    0            7.4403317           25.4514267      0.1169480988058       9.403348750166                    0
               MQEAE27         1710.4692283                    1       51.37119116043                    0           48.5050151           26.0568436      0.0590903034361       58.12686343802                    0
               MQD3E23         1746.9279724                    1       7.448678824004                    0            7.4403317           26.5995625    0.001121875252418       8.428232381149                    0
               MQEAE29         1786.1396341                    1       42.21519254166                    0           48.5050151           27.2049794      -0.129673654268       47.76678672323                    0
               MQEAE30          1813.166033                    1        66.3816849344                    0           48.5050151           27.6731146       0.368553020704       75.11134252109                    0
              MQTAFOE1         1861.1278611                    1       47.78755015361                    0           48.1181067           28.3637785   -0.006869691454138       54.07194848065                    0
              MQTAFOE2         1905.3942301                    1       43.49694348328                    0           48.1181067           28.8386941     -0.0960379269602       49.21709691193                    0
               MQEAE32         1980.3824571                    1       43.75419610516                    0           48.5050151           29.9974932    -0.09794490291463       49.50818005956                    0
               MQD3E29         2065.4852081                    1       6.130447522305                    0            7.4403317           31.2202127     -0.1760518523247       6.936644408928                    0
               MQEAE35         2104.6968698                    1       60.14830144955                    0           48.5050151           31.8256296      0.2400429383548        68.0582253479                    0
               MQR2ORE         2203.8099939                    1       41.48734781131                    0           34.8057218           33.1656568      0.1919691839666       46.94322530118                    0
               MQDROE5         2288.3421939                    1       1.346830339367                    0            6.9657018           34.2378829     -0.8066482921553       1.523947984116                    0
               MQEAE37         2389.8065079                    1       49.65385810233                    0           48.5050151           35.8334041     0.02368503545379       56.18368902662                    0
               MQD3E31          2426.265252                    1       8.696059299296                    0            7.4403317           36.3761229      0.1687730668373       9.839652145898                    0
               MQEAE39         2465.4769137                    1       44.50272769396                    0           48.5050151           36.9815398    -0.08251285764556       50.35514880719                    0
               MQD3E33         2501.9356578                    1        6.17621089555                    0            7.4403317           37.5242587     -0.1699011355165       6.988425987027                    0
               MQEAE41         2541.1473195                    1       40.34582146268                    0           48.5050151           38.1296756     -0.1682134026862       45.65158022387                    0
              MQTAOTE1         2616.1355465                    1       39.86581455473                    0           48.1181067           39.2884747     -0.1715007657454       45.10844903774                    0
              MQTAOTE2         2660.4019155                    1       40.61176574602                    0           48.1181067           39.7633903     -0.1559982607124       45.95249804747                    0
               MQEAE44         2735.3901425                    1       41.18885648913                    0           48.5050151           40.9221894     -0.1508330343942       46.60548027463                    0
               MQEAE45         2784.0341494                    1       39.71531611507                    0           48.5050151             41.60219     -0.1812121688203       44.93815899672                    0
               MQD3E40           2850.27221                    1       8.643814713173                    0            7.4403317           42.6757421      0.1617512581022       9.780537029929                    0
               MQLA2RE         2920.9780873                    1       101.9906625473                    0           78.5903189           43.8035918      0.2977509695189       115.4031506749                    0
               MQLB8RE         2942.8131119                    1       97.08170329006                    0           78.6738756           44.3053034       0.233976368263       109.8486288132                    0
               MQLB1RE         2960.9918734                    1       8.557502151883                    0            6.3964764           44.5395614      0.3378462792238       9.682873760891                    0
               MQLC7RE         2989.1433603                    1        6.06422894559                    0            5.1390694           45.0677164      0.1800247230734       6.861717624502                    0
               MQLC3RE         3003.3799331                    1       58.51137595829                    0           34.9614517           45.2894231      0.6735968649233       66.20603266287                    0
                MQC2RE         3013.8146988                    1       219.2202708275                    0          190.7130202           45.3047308      0.1494772123979       248.0492754283                    0
                MQC1RE         3015.7846995                    1       3.724983351391                    0            2.9087304           45.3257444      0.2806217280883       4.214844812514                    0