@ Measure_optics:version %s "0.2.0"
@ Command %s "/usr/bin/python2 '/home/akoval/work_local/git/Beta-Beat.src/measure_optics.py' '--model' 'model/' '--accel' 'skekb' '--files' 'output/harmonic_output/HER_2019_05_20_18_27_51.sdds' '--output' 'output/phase_output/HER_2019_05_20_18_27_51.sdds/'"
@ CWD %s "/home/akoval/work_local/git/SKEKB_Kmod"
@ Date %s "14. June 2019, 13:55:56"
@ Model_directory %s "model/"
@ Q1 %le 0.5435913236046915
@ Q2 %le 0.6106992661986484
@ FILENAME %s "getphasetoty.out"
*                    S               MUYMDL                 NAME                NAME2                   S2               PHASEY               STDPHY               PHYMDL          DELTAPHASEY
$                  %le                  %le                   %s                   %s                  %le                  %le                  %le                  %le                  %le
             0.5300002            0.2490992               MQC1LE               MQC1LE            0.5300002                    0                  nan                    0                    0
             2.2500008            0.2499778               MQC2LE               MQC1LE            0.5300002      0.1215879776411                  nan            0.0008786      0.1207093776411
            12.9355133            0.2953789              MQLC3LE               MQC1LE            0.5300002      0.2096547769852                  nan            0.0462797      0.1633750769852
            27.2720861            0.7492946              MQLC7LE               MQC1LE            0.5300002      0.5364975655967                  nan            0.5001954      0.0363021655967
            55.2235731            1.2500394              MQLB1LE               MQC1LE            0.5300002       0.604624084732                  nan   0.0009401999999998      -0.396316115268
            77.1787307            1.9465966              MQLB4LE               MQC1LE            0.5300002      0.7824701527039                  nan            0.6974974     0.08497275270387
           119.0986538              2.94926              MQLA5LE               MQC1LE            0.5300002      0.6722112324025                  nan            0.7001608     -0.0279495675975
           164.5639584            3.4064553               MQD3E1               MQC1LE            0.5300002      0.0010306230577                  nan            0.1573561     -0.1563254769423
           230.8020191            4.3815318               MQEAE4               MQC1LE            0.5300002      0.3795724859639                  nan            0.1324326      0.2471398859639
           270.0136808            5.0411482               MQD3E4               MQC1LE            0.5300002      0.9576901220898                  nan             0.792049      0.1656411220898
           306.4724249            5.5047961               MQEAE6               MQC1LE            0.5300002      0.7917568030998                  nan            0.2556969     -0.4639400969002
           354.4092937            6.2268103             MQTATNE1               MQC1LE            0.5300002      0.5219327135985                  nan            0.9777111     -0.4557783864015
           397.7476034            6.6685508             MQTATNE2               MQC1LE            0.5300002       0.537607853848                  nan            0.4194516       0.118156253848
           472.7108711            7.7060253               MQEAE8               MQC1LE            0.5300002      0.3765371420181                  nan            0.4569261     -0.0803889579819
           511.9225329            8.3656416               MQD3E8               MQC1LE            0.5300002      0.6921907980152                  nan            0.1165424     -0.4243516019848
           548.3812769            8.8292895              MQEAE10               MQC1LE            0.5300002      0.4458819738634                  nan            0.5801903     -0.1343083261366
           597.0252838            9.6370935              MQEAE11               MQC1LE            0.5300002       0.942461580741                  nan            0.3879943      -0.445532719259
           696.7698054             10.85891              MQR2NE1               MQC1LE            0.5300002      0.5878943261839                  nan            0.6098108     -0.0219164738161
           753.3246054           11.4337841              MQFRNE3               MQC1LE            0.5300002      0.8624497816689                  nan            0.1846849     -0.3222351183311
           781.6020054           11.7122452              MQDRNE5               MQC1LE            0.5300002      0.8440585481934                  nan             0.463146      0.3809125481934
            881.197528           12.8899378              MQEAE13               MQC1LE            0.5300002       0.981771516367                  nan            0.6408386       0.340932916367
           947.4355886           13.8650143              MQD3E12               MQC1LE            0.5300002      0.4901817985294                  nan            0.6159151     -0.1257333014706
           983.8943327           14.3286622              MQEAE16               MQC1LE            0.5300002       0.496809380731                  nan             0.079563       0.417246380731
          1023.1059944           14.9882786              MQD3E14               MQC1LE            0.5300002      0.6893578020652                  nan            0.7391794    -0.04982159793484
          1059.5647385           15.4519265              MQEAE18               MQC1LE            0.5300002      0.9337090642786                  nan            0.2028273     -0.2691182357214
          1107.5016074           16.1739407             MQTANFE1               MQC1LE            0.5300002      0.6211453814559                  nan            0.9248415     -0.3036961185441
          1189.3444407           17.1895078              MQD3E16               MQC1LE            0.5300002       0.990528862923                  nan            0.9404086       0.050120262923
          1225.8031848           17.6531557              MQEAE20               MQC1LE            0.5300002      0.7950778770791                  nan            0.4040565      0.3910213770791
          1265.0148465            18.312772              MQD3E18               MQC1LE            0.5300002       0.107856223668                  nan            0.0636728       0.044183423668
          1301.4735906           18.7764199              MQEAE22               MQC1LE            0.5300002      0.0464868059003                  nan            0.5273207     -0.4808338940997
          1350.1175975           19.5842239              MQEAE23               MQC1LE            0.5300002      0.1157327497908                  nan            0.3351247     -0.2193919502092
          1404.3012987           20.2018289                MQI6E               MQC1LE            0.5300002      0.6959392402588                  nan            0.9527297     -0.2567904597412
          1418.7440064           20.2546404                MQI5E               MQC1LE            0.5300002      0.5958911922235                  nan            0.0055412     -0.4096500077765
          1424.1361014           20.2734103                MQI4E               MQC1LE            0.5300002      0.0247466243938                  nan            0.0243111   0.0004355243938015
          1494.6206604           21.2341795               MQX2RE               MQC1LE            0.5300002       0.224577106977                  nan            0.9850803       0.239496806977
          1564.3492168           22.0286912                MQM2E               MQC1LE            0.5300002      0.1043462114434                  nan             0.779592      0.3247542114434
          1608.8759522           22.6624348                MQM7E               MQC1LE            0.5300002      0.8126811715283                  nan            0.4133356      0.3993455715283
          1671.2575666           23.4501631              MQD3E21               MQC1LE            0.5300002      0.7781565365896                  nan            0.2010639     -0.4229073634104
          1710.4692283           24.1097794              MQEAE27               MQC1LE            0.5300002      0.8555128823209                  nan            0.8606802   -0.005167317679101
          1746.9279724           24.5734273              MQD3E23               MQC1LE            0.5300002      0.5573284560952                  nan            0.3243281      0.2330003560952
          1786.1396341           25.2330437              MQEAE29               MQC1LE            0.5300002      0.0153850612091                  nan            0.9839445      0.0314405612091
           1813.166033           25.5485039              MQEAE30               MQC1LE            0.5300002      0.6017913560474                  nan            0.2994047      0.3023866560474
          1861.1278611           26.2818318             MQTAFOE1               MQC1LE            0.5300002      0.0424762316339                  nan            0.0327326    0.009743631633901
          1905.3942301           26.7136413             MQTAFOE2               MQC1LE            0.5300002      0.5891438932939                  nan            0.4645421      0.1246017932939
          1980.3824571           27.7624294              MQEAE32               MQC1LE            0.5300002      0.3152013055088                  nan            0.5133302     -0.1981288944912
          2065.4852081           29.0338813              MQD3E29               MQC1LE            0.5300002       0.425669145424                  nan            0.7847821      -0.359112954576
          2104.6968698           29.6934976              MQEAE35               MQC1LE            0.5300002      0.6053276425975                  nan            0.4443984      0.1609292425975
          2203.8099939           30.8555494              MQR2ORE               MQC1LE            0.5300002      0.9683497514206                  nan            0.6064502      0.3618995514206
          2288.3421939           32.0959819              MQDROE5               MQC1LE            0.5300002      0.9080536971592                  nan            0.8468827      0.0611709971592
          2465.4769137           34.4742177              MQEAE39               MQC1LE            0.5300002      0.6629515887021                  nan            0.2251185      0.4378330887021
          2501.9356578           34.9378656              MQD3E33               MQC1LE            0.5300002       0.540876431242                  nan            0.6887664      -0.147889968758
          2541.1473195           35.5974819              MQEAE41               MQC1LE            0.5300002      0.7354171237628                  nan            0.3483827      0.3870344237628
          2616.1355465             36.64627             MQTAOTE1               MQC1LE            0.5300002      0.7707999364408                  nan            0.3971708      0.3736291364408
          2660.4019155           37.0780795             MQTAOTE2               MQC1LE            0.5300002      0.8612575894409                  nan            0.8289803      0.0322772894409
          2735.3901425           38.1268676              MQEAE44               MQC1LE            0.5300002      0.5642795683358                  nan            0.8777684     -0.3134888316642
          2784.0341494           38.9346716              MQEAE45               MQC1LE            0.5300002      0.2089523384516                  nan            0.6855724     -0.4766200615484
            2850.27221           39.9097482              MQD3E40               MQC1LE            0.5300002      0.0137119513918                  nan             0.660649      0.3530629513918
          2920.9780873           41.0885679              MQLA2RE               MQC1LE            0.5300002      0.6420262292553                  nan            0.8394687     -0.1974424707447
          2942.8131119           41.6299859              MQLB8RE               MQC1LE            0.5300002      0.5416785420491                  nan            0.3808867      0.1607918420491
          2960.9918734           42.3540933              MQLB1RE               MQC1LE            0.5300002      0.7813728897867                  nan            0.1049941     -0.3236212102133
          2989.1433603            42.854773              MQLC7RE               MQC1LE            0.5300002      0.6718272558966                  nan            0.6056738     0.06615345589661
          3003.3799331           43.3284036              MQLC3RE               MQC1LE            0.5300002      0.6536574494111                  nan            0.0793044     -0.4256469505889
          3013.8146988           43.3540103               MQC2RE               MQC1LE            0.5300002      0.2634178934862                  nan            0.1049111      0.1585067934862
          3015.7846995           43.3550008               MQC1RE               MQC1LE            0.5300002      0.0759486926381                  nan            0.1059016     -0.0299529073619