@ Measure_optics:version %s "0.2.0"
@ Command %s "/usr/bin/python2 '/home/akoval/work_local/git/Beta-Beat.src/measure_optics.py' '--model' 'model/' '--accel' 'skekb' '--files' 'output/harmonic_output/HER_2019_05_20_18_27_51.sdds' '--output' 'output/phase_output/HER_2019_05_20_18_27_51.sdds/'"
@ CWD %s "/home/akoval/work_local/git/SKEKB_Kmod"
@ Date %s "14. June 2019, 13:55:56"
@ Model_directory %s "model/"
@ Q1 %le 0.5435913236046915
@ Q2 %le 0.6106992661986484
@ FILENAME %s "getphasetotx.out"
*                    S               MUXMDL                 NAME                NAME2                   S2               PHASEX               STDPHX               PHXMDL          DELTAPHASEX
$                  %le                  %le                   %s                   %s                  %le                  %le                  %le                  %le                  %le
             0.5300002            0.2203223               MQC1LE               MQC1LE            0.5300002                    0                  nan                    0                    0
             2.2500008            0.2410243               MQC2LE               MQC1LE            0.5300002      0.0198820674427                  nan             0.020702     -0.0008199325573
            12.9355133            0.2616968              MQLC3LE               MQC1LE            0.5300002      0.0409385458001                  nan            0.0413745  -0.0004359541999001
            27.2720861            0.4721468              MQLC7LE               MQC1LE            0.5300002      0.2611918482525                  nan            0.2518245      0.0093673482525
            55.2235731            0.9879476              MQLB1LE               MQC1LE            0.5300002      0.7790541263734                  nan            0.7676253      0.0114288263734
            77.1787307            1.3202075              MQLB4LE               MQC1LE            0.5300002      0.1005890081218                  nan            0.0998852   0.0007038081218001
            98.9121927            1.8242478              MQLA2LE               MQC1LE            0.5300002      0.6067330389813                  nan            0.6039255      0.0028075389813
           119.0986538            2.3120774              MQLA5LE               MQC1LE            0.5300002      0.0956018975795                  nan            0.0917551      0.0038467975795
           164.5639584            3.0072166               MQD3E1               MQC1LE            0.5300002      0.7950749932001                  nan            0.7868943      0.0081806932001
           230.8020191            4.0807687               MQEAE4               MQC1LE            0.5300002      0.8691075532508                  nan            0.8604464      0.0086611532508
           270.0136808            4.6861856               MQD3E4               MQC1LE            0.5300002      0.4723224871398                  nan            0.4658633      0.0064591871398
           306.4724249            5.2289045               MQEAE6               MQC1LE            0.5300002      0.0131474587377                  nan    0.008582199999999    0.004565258737701
           354.4092937            5.9292318             MQTATNE1               MQC1LE            0.5300002      0.7024363612528                  nan            0.7089095     -0.0064731387472
           397.7476034            6.4015278             MQTATNE2               MQC1LE            0.5300002      0.1747976448616                  nan            0.1812055     -0.0064078551384
           472.7108711            7.5699902               MQEAE8               MQC1LE            0.5300002       0.353668190734                  nan            0.3496679     0.00400029073399
           511.9225329            8.1754072               MQD3E8               MQC1LE            0.5300002      0.9614275359748                  nan            0.9550849      0.0063426359748
           548.3812769             8.718126              MQEAE10               MQC1LE            0.5300002      0.5040904016686                  nan            0.4978037    0.006286701668599
           597.0252838            9.3981267              MQEAE11               MQC1LE            0.5300002      0.1759084835972                  nan            0.1778044   -0.001895916402801
           696.7698054           10.9206195              MQR2NE1               MQC1LE            0.5300002      0.6981868363044                  nan            0.7002972   -0.002110363695601
           753.3246054           11.5379038              MQFRNE3               MQC1LE            0.5300002      0.3190265054379                  nan            0.3175815    0.001445005437949
           781.6020054            11.856421              MQDRNE5               MQC1LE            0.5300002      0.6335876038451                  nan            0.6360987     -0.0025110961549
            881.197528           13.2020923              MQEAE13               MQC1LE            0.5300002      0.9824472795026                  nan              0.98177    0.000677279502599
           947.4355886           14.2756444              MQD3E12               MQC1LE            0.5300002      0.0565549970765                  nan            0.0553221      0.0012328970765
           983.8943327           14.8183633              MQEAE16               MQC1LE            0.5300002      0.5979943858909                  nan             0.598041  -4.661410910034e-05
          1023.1059944           15.4237802              MQD3E14               MQC1LE            0.5300002      0.2071308868526                  nan            0.2034579      0.0036729868526
          1059.5647385           15.9664991              MQEAE18               MQC1LE            0.5300002      0.7499817779389                  nan            0.7461768    0.003804977938899
          1107.5016074           16.6668263             MQTANFE1               MQC1LE            0.5300002      0.4447188351761                  nan             0.446504   -0.001785164823931
          1189.3444407            17.764866              MQD3E16               MQC1LE            0.5300002      0.5380485810334                  nan            0.5445437   -0.006495118966602
          1225.8031848           18.3075848              MQEAE20               MQC1LE            0.5300002      0.0772302869183                  nan            0.0872625     -0.0100322130817
          1265.0148465           18.9130018              MQD3E18               MQC1LE            0.5300002      0.6866494167083                  nan            0.6926795   -0.006030083291701
          1301.4735906           19.4557206              MQEAE22               MQC1LE            0.5300002      0.2330682531716                  nan            0.2353983     -0.0023300468284
          1350.1175975           20.1357212              MQEAE23               MQC1LE            0.5300002      0.9148913171735                  nan            0.9153989  -0.0005075828264995
          1404.3012987             21.14351                MQI6E               MQC1LE            0.5300002      0.9235852468012                  nan            0.9231877   0.0003975468012002
          1418.7440064           21.2614628                MQI5E               MQC1LE            0.5300002      0.0363784463154                  nan            0.0411405   -0.004762053684601
          1424.1361014           21.2754895                MQI4E               MQC1LE            0.5300002      0.0492829762513                  nan            0.0551672     -0.0058842237487
          1494.6206604           22.6372352               MQX2RE               MQC1LE            0.5300002      0.4200982275255                  nan            0.4169129     0.00318532752548
          1564.3492168           23.6951094                MQM2E               MQC1LE            0.5300002      0.4720929999842                  nan            0.4747871     -0.0026941000158
          1608.8759522           24.4296714                MQM7E               MQC1LE            0.5300002        0.21721419863                  nan            0.2093491    0.007865098629999
          1634.7988225           24.9087078              MQEAE25               MQC1LE            0.5300002      0.6942944226747                  nan            0.6883855    0.005908922674701
          1671.2575666           25.4514267              MQD3E21               MQC1LE            0.5300002      0.2421622292513                  nan            0.2311044      0.0110578292513
          1710.4692283           26.0568436              MQEAE27               MQC1LE            0.5300002       0.846242400616                  nan            0.8365213    0.009721100615999
          1746.9279724           26.5995625              MQD3E23               MQC1LE            0.5300002      0.3855787984813                  nan            0.3792402    0.006338598481278
          1786.1396341           27.2049794              MQEAE29               MQC1LE            0.5300002      0.9838965726542                  nan            0.9846571  -0.0007605273457998
           1813.166033           27.6731146              MQEAE30               MQC1LE            0.5300002      0.4537455527992                  nan            0.4527923   0.0009532527992477
          1861.1278611           28.3637785             MQTAFOE1               MQC1LE            0.5300002      0.1369525774931                  nan            0.1434562   -0.006503622506899
          1905.3942301           28.8386941             MQTAFOE2               MQC1LE            0.5300002      0.6139355352146                  nan            0.6183718   -0.004436264785402
          1980.3824571           29.9974932              MQEAE32               MQC1LE            0.5300002      0.7747268024508                  nan            0.7771709   -0.002444097549201
          2065.4852081           31.2202127              MQD3E29               MQC1LE            0.5300002      0.0017715875485                  nan            0.9998904    0.001881187548498
          2104.6968698           31.8256296              MQEAE35               MQC1LE            0.5300002      0.6026518594082                  nan            0.6053073     -0.0026554405918
          2203.8099939           33.1656568              MQR2ORE               MQC1LE            0.5300002      0.9433169312671                  nan            0.9453345   -0.002017568732901
          2288.3421939           34.2378829              MQDROE5               MQC1LE            0.5300002      0.0161037505233                  nan            0.0175606   -0.001456849476703
          2389.8065079           35.8334041              MQEAE37               MQC1LE            0.5300002      0.6109056723546                  nan            0.6130818   -0.002176127645403
           2426.265252           36.3761229              MQD3E31               MQC1LE            0.5300002      0.1536073653284                  nan            0.1558006   -0.002193234671599
          2465.4769137           36.9815398              MQEAE39               MQC1LE            0.5300002       0.760372596978                  nan            0.7612175  -0.0008449030220008
          2501.9356578           37.5242587              MQD3E33               MQC1LE            0.5300002      0.3030777083693                  nan            0.3039364  -0.0008586916306578
          2541.1473195           38.1296756              MQEAE41               MQC1LE            0.5300002      0.9055584349859                  nan            0.9093533   -0.003794865014099
          2616.1355465           39.2884747             MQTAOTE1               MQC1LE            0.5300002      0.0599962782485                  nan            0.0681524   -0.008156121751502
          2660.4019155           39.7633903             MQTAOTE2               MQC1LE            0.5300002      0.5359488783075                  nan             0.543068   -0.007119121692498
          2735.3901425           40.9221894              MQEAE44               MQC1LE            0.5300002      0.6957115832051                  nan            0.7018671   -0.006155516794901
          2784.0341494             41.60219              MQEAE45               MQC1LE            0.5300002       0.376090754977                  nan            0.3818677   -0.005776945022967
            2850.27221           42.6757421              MQD3E40               MQC1LE            0.5300002      0.4528890433686                  nan            0.4554198   -0.002530756631421
          2920.9780873           43.8035918              MQLA2RE               MQC1LE            0.5300002      0.5825461107961                  nan            0.5832695     -0.0007233892039
          2942.8131119           44.3053034              MQLB8RE               MQC1LE            0.5300002      0.0843590255623                  nan            0.0849811  -0.0006220744377003
          2960.9918734           44.5395614              MQLB1RE               MQC1LE            0.5300002      0.2912737958869                  nan            0.3192391    -0.02796530411306
          2989.1433603           45.0677164              MQLC7RE               MQC1LE            0.5300002       0.815936099718                  nan            0.8473941      -0.031458000282
          3003.3799331           45.2894231              MQLC3RE               MQC1LE            0.5300002      0.0658088207003                  nan            0.0691008   -0.003291979299701
          3013.8146988           45.3047308               MQC2RE               MQC1LE            0.5300002      0.0807824845457                  nan            0.0844085   -0.003626015454302
          3015.7846995           45.3257444               MQC1RE               MQC1LE            0.5300002      0.1033303456197                  nan            0.1054221   -0.002091754380298