@ Measure_optics:version %s "0.2.0"
@ Command %s "/usr/bin/python2 '/home/akoval/work_local/git/Beta-Beat.src/measure_optics.py' '--model' 'model/' '--accel' 'skekb' '--files' 'output/harmonic_output/HER_2019_05_20_18_30_09.sdds' '--output' 'output/phase_output/HER_2019_05_20_18_30_09.sdds/'"
@ CWD %s "/home/akoval/work_local/git/SKEKB_Kmod"
@ Date %s "14. June 2019, 13:57:59"
@ Model_directory %s "model/"
@ Q1 %le 0.5438700496288051
@ Q2 %le 0.608711454818491
@ RMSbetabeat %le 0.31663984354020047
@ RescalingFactor %le 1.1316632806233904
@ FILENAME %s "getampbetax.out"
*                 NAME                    S                COUNT                 BETX              BETXSTD              BETXMDL               MUXMDL            DELTABETX              BETXRES           BETXSTDRES
$                   %s                  %le                   %d                  %le                  %le                  %le                  %le                  %le                  %le                  %le
                MQC1LE            0.5300002                    1        1.12282026948                    0            2.9087358            0.2203223     -0.6139834118039        1.27065446971                    0
                MQC2LE            2.2500008                    1       232.9126637173                    0          142.9688048            0.2410243      0.6291152747838        263.578709121                    0
               MQLC3LE           12.9355133                    1       45.18508185619                    0           26.9933253            0.2616968      0.6739353656511       51.13429796862                    0
               MQLC7LE           27.2720861                    1       9.559129503388                    0            9.3764221            0.4721468     0.01948583387556       10.81771585371                    0
               MQLB1LE           55.2235731                    1       12.35079451529                    0           12.5617527            0.9879476    -0.01679369031906       13.97694063948                    0
               MQLB4LE           77.1787307                    1       43.96756032133                    0           35.3516866            1.3202075      0.2437188872716       49.75647355424                    0
               MQLA2LE           98.9121927                    1       51.99538743691                    0           36.8830728            1.8242478      0.4097357809329       58.84127072414                    0
               MQLA5LE          119.0986538                    1       11.97911145807                    0           10.0415612            2.3120774      0.1929530896119       13.55632057159                    0
                MQD3E1          164.5639584                    1       6.873538585403                    0            7.4403317            3.0072166    -0.07617847395121       7.778531225049                    0
                MQEAE4          230.8020191                    1       37.61740032846                    0           48.5050151            4.0807687     -0.2244636920347       42.57023066422                    0
                MQD3E4          270.0136808                    1       7.001641040933                    0            7.4403317            4.6861856    -0.05896116957625       7.923500070129                    0
                MQEAE6          306.4724249                    1        57.7822527743                    0           48.5050151            5.2289045      0.1912634735847       65.39005373638                    0
              MQTATNE1          354.4092937                    1       35.26856256906                    0           45.9537751            5.9292318     -0.2325208866451       39.91213721977                    0
              MQTATNE2          397.7476034                    1       37.14460073809                    0           45.9537751            6.4015278     -0.1916964241292       42.03518072872                    0
                MQEAE8          472.7108711                    1       36.07647742229                    0           48.5050151            7.5699902     -0.2562320133719       40.82642479304                    0
                MQD3E8          511.9225329                    1       6.427300515568                    0            7.4403317            8.1754072     -0.1361540352337          7.273539987                    0
               MQEAE10          548.3812769                    1       49.08893123216                    0           48.5050151             8.718126     0.01203826307351       55.55214096048                    0
               MQEAE11          597.0252838                    1       50.91458642285                    0           48.5050151            9.3981267     0.04967674616487       57.61816790286                    0
               MQR2NE1          696.7698054                    1       10.82801856112                    0           28.8232835           10.9206195      -0.624330844849       12.25367100753                    0
               MQFRNE3          753.3246054                    1       13.02793684003                    0           28.8233021           11.5379038     -0.5480067899636       14.74323774414                    0
               MQDRNE5          781.6020054                    1       3.138260285378                    0            8.5241331            11.856421     -0.6318381882871       3.551453930001                    0
               MQEAE13           881.197528                    1       56.11361831885                    0           48.5050151           13.2020923      0.1568621966855       63.50172139436                    0
               MQD3E12          947.4355886                    1       7.493283393441                    0            7.4403317           14.2756444    0.007116845804139       8.479873667662                    0
               MQEAE16          983.8943327                    1       41.05129637392                    0           48.5050151           14.8183633     -0.1536690321756       46.45624472835                    0
               MQD3E14         1023.1059944                    1       5.751771892608                    0            7.4403317           15.4237802     -0.2269468453123       6.509069049386                    0
               MQEAE18         1059.5647385                    1       36.96929129417                    0           48.5050151           15.9664991     -0.2378253832526       41.83678946828                    0
              MQTANFE1         1107.5016074                    1       40.55493462297                    0           45.9537751           16.6668263      -0.117484155878        45.8945303609                    0
               MQD3E16         1189.3444407                    1       7.265944835071                    0            7.4403317            17.764866    -0.02343804980211       8.222602968885                    0
               MQEAE20         1225.8031848                    1       35.79517784131                    0           48.5050151           18.3075848     -0.2620314050514       40.50808838639                    0
               MQD3E18         1265.0148465                    1       5.801502773399                    0            7.4403317           18.9130018     -0.2202628851347        6.56534766109                    0
               MQEAE22         1301.4735906                    1       41.69945108307                    0           48.5050151           19.4557206     -0.1403063993054       47.18973761286                    0
               MQEAE23         1350.1175975                    1       57.38495609393                    0           48.5050151           20.1357212      0.1830726364196       64.94044767169                    0
                 MQI6E         1404.3012987                    1       11.79026141928                    0           12.5196316             21.14351    -0.05825811845129       13.34260591715                    0
                 MQI5E         1418.7440064                    1       79.56503528255                    0           36.6707357           21.2614628       1.169714726573       90.04082885077                    0
                 MQI4E         1424.1361014                    1       128.3448138028                    0          102.3414091           21.2754895      0.2540848805137        145.243113039                    0
                MQX2RE         1494.6206604                    1       82.44005511154                    0            79.143814           22.6372352     0.04164875237809        93.2943832223                    0
                 MQM2E         1564.3492168                    1       26.88916672281                    0           29.3408767           23.6951094    -0.08355953376111       30.42948262676                    0
                 MQM7E         1608.8759522                    1       4.998231265057                    0            5.5669757           24.4296714     -0.1021639873411       5.656314790729                    0
               MQEAE25         1634.7988225                    1       38.03414547242                    0           48.5050151           24.9087078     -0.2158718970811       43.04184584102                    0
               MQD3E21         1671.2575666                    1       8.242150076169                    0            7.4403317           25.4514267      0.1077664825304       9.327338594587                    0
               MQEAE27         1710.4692283                    1       52.52207182826                    0           48.5050151           26.0568436     0.08281734826755       59.43730011031                    0
               MQD3E23         1746.9279724                    1       7.455151658113                    0            7.4403317           26.5995625    0.001991841051012       8.436721382965                    0
               MQEAE29         1786.1396341                    1        43.3884643823                    0           48.5050151           27.2049794     -0.1054849835043       49.10113194408                    0
               MQEAE30          1813.166033                    1       68.22403129413                    0           48.5050151           27.6731146       0.406535616028       77.20663107166                    0
              MQTAFOE1         1861.1278611                    1       49.28366488605                    0           48.1181067           28.3637785     0.02422286049864       55.77251388609                    0
              MQTAFOE2         1905.3942301                    1       46.01255162988                    0           48.1181067           28.8386941    -0.04375806145584       52.07071512733                    0
               MQEAE32         1980.3824571                    1       41.96680441813                    0           48.5050151           29.9974932     -0.1347945293573        47.4922915651                    0
               MQD3E29         2065.4852081                    1       6.308114089824                    0            7.4403317           31.2202127     -0.1521730019343       7.138661085437                    0
               MQEAE35         2104.6968698                    1       64.28352463941                    0           48.5050151           31.8256296      0.3252964566011       72.74730438347                    0
               MQR2ORE         2203.8099939                    1       37.56592105045                    0           34.8057218           33.1656568     0.07930303144712       42.51197345559                    0
               MQDROE5         2288.3421939                    1       1.239142066733                    0            6.9657018           34.2378829     -0.8221080800885       1.402291576397                    0
               MQEAE37         2389.8065079                    1       55.36448552013                    0           48.5050151           35.8334041      0.1414177566173       62.65395531374                    0
               MQD3E31          2426.265252                    1       8.849932167958                    0            7.4403317           36.3761229      0.1894539819989       10.01514327049                    0
               MQEAE39         2465.4769137                    1        47.1191152445                    0           48.5050151           36.9815398    -0.02857230025892       53.32297253766                    0
               MQD3E33         2501.9356578                    1       6.443492208434                    0            7.4403317           37.5242587     -0.1339778294516       7.291863531268                    0
               MQEAE41         2541.1473195                    1       37.57943699196                    0           48.5050151           38.1296756     -0.2252463603096       42.52726895031                    0
              MQTAOTE1         2616.1355465                    1       39.01223473159                    0           48.1181067           39.2884747     -0.1892400302694        44.1487135408                    0
              MQTAOTE2         2660.4019155                    1       38.63962528352                    0           48.1181067           39.7633903     -0.1969836734346        43.7270451104                    0
               MQEAE44         2735.3901425                    1       45.31975169949                    0           48.5050151           40.9221894    -0.06566874361219       51.28669888529                    0
               MQEAE45         2784.0341494                    1       36.67521866569                    0           48.5050151             41.60219     -0.2438881095061        41.5039982728                    0
               MQD3E40           2850.27221                    1       7.531664706175                    0            7.4403317           42.6757421     0.01227539441215       8.523308389945                    0
               MQLA2RE         2920.9780873                    1       104.2196894929                    0           78.5903189           43.8035918       0.326113584366       117.9415957171                    0
               MQLB8RE         2942.8131119                    1       102.1172696203                    0           78.6738756           44.3053034       0.297981939259       115.5623643468                    0
               MQLB1RE         2960.9918734                    1       8.548516578117                    0            6.3964764           44.5395614      0.3364415099095       9.674042315255                    0
               MQLC7RE         2989.1433603                    1       6.064389988711                    0            5.1390694           45.0677164      0.1800560600936       6.862847469605                    0
               MQLC3RE         3003.3799331                    1       57.02609597429                    0           34.9614517           45.2894231      0.6311135036276       64.53433885141                    0
                MQC2RE         3013.8146988                    1       223.7808596317                    0          190.7130202           45.3047308      0.1733905708014       253.2445817516                    0
                MQC1RE         3015.7846995                    1       3.619252737784                    0            2.9087304           45.3257444      0.2442723250613       4.095775426646                    0