@ ErrorsFrom: %s "Analytical N-BPM method"
@ RCond %le 1e-10
@ RangeOfBPMs %d 11
@ Measure_optics:version %s "0.2.0"
@ FILENAME %s "getbetay.out"
@ Model_directory %s "model/"
@ CALCULATION_TIME %s "1.13 s"
@ Command %s "/usr/bin/python2 '/home/akoval/work_local/git/Beta-Beat.src/measure_optics.py' '--model' 'model/' '--accel' 'skekb' '--files' 'output/harmonic_output/HER_2019_05_20_18_30_09.sdds' '--output' 'output/phase_output/HER_2019_05_20_18_30_09.sdds/'"
@ RMS_BETABEAT %s "184.704 %"
@ Date %s "14. June 2019, 13:57:59"
@ BetaAlgorithmVersion %s "2018.7.a"
@ CWD %s "/home/akoval/work_local/git/SKEKB_Kmod"
*                 NAME                    S              BETYMDL              ALFYMDL                 BETY             STATBETY              SYSBETY              ERRBETY                 ALFY             STATALFY              SYSALFY              ERRALFY                 CORR                NCOMB               BBEATY            DELTABETY
$                   %s                  %le                  %le                  %le                  %le                  %le                  %le                  %le                  %le                  %le                  %le                  %le                  %le                   %d                  %le                  %le
                MQC1LE            0.5300002           93.6285972         -176.6390896       16.26428328918                    0                    0       318.3171637516      -30.39914678344                    0                    0       1198.482947954                    0                    3     -0.8262893626993     -0.8262893626993
               MQLC3LE           12.9355133            7.6774363            3.9602896       2.833259392453                    0                    0       8.771695501392      0.5189198327824                    0                    0       10.38768671742                    0                   22     -0.6309628264252     -0.6309628264252
               MQLC7LE           27.2720861          227.9670433            2.7768696       355.1429170181                    0                    0       699.6948686248       10.71328485053                    0                    0       27.36278149386                    0                    5      0.5578695581479      0.5578695581479
               MQLB1LE           55.2235731          227.9626232           -2.7726728      -1184.965405922                    0                    0       537.5387675135       13.40793298481                    0                    0       11.06869732998                    0                   10       -6.19806882939       -6.19806882939
               MQLB4LE           77.1787307           18.1118897           -5.8434664       20.64874631864                    0                    0       24.85599167231       -6.17197635312                    0                    0       17.07392434331                    0                   10      0.1400658164699      0.1400658164699
               MQLA2LE           98.9121927           17.1404258            6.7980612       3.100101332215                    0                    0       21.72500488994     -0.2071087060663                    0                    0       16.41257309555                    0                   12      -0.819135103854      -0.819135103854
               MQLA5LE          119.0986538          234.1217208           14.3138633       43.46006765172                    0                    0       289.6816893725       3.337477018253                    0                    0       34.22288787077                    0                   14     -0.8143697752467     -0.8143697752467
                MQD3E1          164.5639584           20.9498176            1.7084092     -0.2993034131514                    0                    0       20.27499483057     0.02650638919273                    0                    0       3.044853546036                    0                   24      -1.014286683487      -1.014286683487
                MQEAE4          230.8020191            7.6858431            1.2526734       4.377003720687                    0                    0       8.115092489562       2.326302126869                    0                    0       2.920925583002                    0                   14     -0.4305109193959     -0.4305109193959
                MQD3E4          270.0136808           20.9498176           -1.7084092       -9.62274059779                    0                    0       17.65594930837       1.923619905899                    0                    0       4.268580251509                    0                    9      -1.459323359349      -1.459323359349
                MQEAE6          306.4724249            7.6858431            1.2526734     -0.4712842623803                    0                    0       6.528246013745     -0.2470945794979                    0                    0        2.24102481966                    0                   15      -1.061318485981      -1.061318485981
              MQTATNE1          354.4092937           14.5078121           -1.2253565      -1.530941943832                    0                    0       15.31907879578      0.3354156972265                    0                    0       2.456508573629                    0                   18      -1.105525349603      -1.105525349603
              MQTATNE2          397.7476034           14.5078121            1.2253565       -11.1389839666                    0                    0       14.70132381665     -0.5333174113506                    0                    0       2.894090137322                    0                   19      -1.767792130875      -1.767792130875
                MQEAE8          472.7108711            7.6858431            1.2526734      -18.95322358712                    0                    0       7.085969458996      -2.864574925994                    0                    0       2.783048455197                    0                   18      -3.465991478166      -3.465991478166
                MQD3E8          511.9225329           20.9498176           -1.7084092      -59.80067931397                    0                    0       18.70170286281       2.573679088534                    0                    0       3.519710172473                    0                   16      -3.854472552256      -3.854472552256
               MQEAE10          548.3812769            7.6858431            1.2526734       3.517069150137                    0                    0       6.378257108727      0.1006984953385                    0                    0       2.052531514597                    0                   30     -0.5423964418246     -0.5423964418246
               MQEAE11          597.0252838            7.6858431           -1.2526734      -6.104842520829                    0                    0        9.19484729204       1.202805545515                    0                    0       2.797315188875                    0                   16      -1.794297052568      -1.794297052568
               MQR2NE1          696.7698054            9.2517301           -0.6740765      -3.836836085187                    0                    0       14.08792373161      0.3264024805701                    0                    0       3.473575677931                    0                   13      -1.414715522796      -1.414715522796
               MQFRNE3          753.3246054            9.2517568           -0.6740695       3.870649711604                    0                    0       9.392408754664      -2.383464172426                    0                    0       2.152788084379                    0                   22     -0.5816308410091     -0.5816308410091
               MQDRNE5          781.6020054           30.1970047            1.9356985       65.66683183356                    0                    0       30.26577147797       7.960026602464                    0                    0       4.920925276816                    0                   27       1.174614087919       1.174614087919
               MQEAE13           881.197528            7.6858431           -1.2526734     -0.9915485410697                    0                    0       10.31165903974      0.3463376812063                    0                    0       3.909214766111                    0                   11      -1.129009729729      -1.129009729729
               MQD3E12          947.4355886           20.9498176           -1.7084092       4.236457940279                    0                    0       20.48348764402      -1.340455100939                    0                    0       3.945585140026                    0                   18      -0.797780676607      -0.797780676607
               MQEAE16          983.8943327            7.6858431            1.2526734       2.970411765877                    0                    0       6.977123711204      0.2068385244039                    0                    0       2.210744216481                    0                   22     -0.6135216752112     -0.6135216752112
               MQD3E14         1023.1059944           20.9498176           -1.7084092       18.88355094918                    0                    0       18.75477050228      -1.761976683025                    0                    0       3.400370586454                    0                   18    -0.09862933846361    -0.09862933846361
               MQEAE18         1059.5647385            7.6858431            1.2526734      -2.111504979861                    0                    0       8.841856118579     -0.2808877830744                    0                    0        2.89529870727                    0                   15      -1.274726526731      -1.274726526731
              MQTANFE1         1107.5016074           14.5078121           -1.2253565      -4.082818306747                    0                    0       15.78586409659       1.081479893808                    0                    0       2.331955051449                    0                   22      -1.281422055828      -1.281422055828
               MQD3E16         1189.3444407           20.9498176           -1.7084092       18.00430915534                    0                    0        19.3125749038      -2.032061836505                    0                    0        3.10190499917                    0                   28     -0.1405982859088     -0.1405982859088
               MQEAE20         1225.8031848            7.6858431            1.2526734      -2.835768023339                    0                    0       7.016539056303     -0.3346726260628                    0                    0       2.702096535768                    0                   18      -1.368959915841      -1.368959915841
               MQD3E18         1265.0148465           20.9498176           -1.7084092       6.543373376337                    0                    0       18.20980832459      -1.043788901966                    0                    0       3.459090856314                    0                   17     -0.6876644226088     -0.6876644226088
               MQEAE22         1301.4735906            7.6858431            1.2526734       2.725232308006                    0                    0       7.776710585019      0.1395215899739                    0                    0       2.434288832669                    0                   10     -0.6454218135151     -0.6454218135151
               MQEAE23         1350.1175975            7.6858431           -1.2526734       4.346133123868                    0                    0        9.53095674592      0.1084897642626                    0                    0       2.147392026007                    0                   28     -0.4345274724815     -0.4345274724815
                 MQI6E         1404.3012987           27.8083512            1.2057705       13.23211707893                    0                    0       25.23336038665     0.06853367343634                    0                    0       2.674473227509                    0                   21     -0.5241675069565     -0.5241675069565
                 MQI5E         1418.7440064           69.7334913            4.4926479      -53.82528153052                    0                    0       74.21088609822       7.727181754255                    0                    0       10.34252728909                    0                   12      -1.771871313584      -1.771871313584
                 MQI4E         1424.1361014           30.1163345            2.8546183      -51.50354172649                    0                    0        45.9881512724      -9.255563687771                    0                    0       8.237286318345                    0                    9      -2.710153064162      -2.710153064162
                MQX2RE         1494.6206604           22.2827608            0.9330685       -18.1665446012                    0                    0       25.19332253413      0.4900663426565                    0                    0       1.835480129018                    0                   12      -1.815273509609      -1.815273509609
                 MQM2E         1564.3492168           28.5508884            1.3770404      -50.04141903935                    0                    0       33.43832608808       -2.27862018481                    0                    0       3.990364105023                    0                   22      -2.752709699897      -2.752709699897
                 MQM7E         1608.8759522           35.6097046            -3.009263       -118.670134239                    0                    0       29.56349051702       11.81461395411                    0                    0       5.318285554265                    0                   23      -4.332522287729      -4.332522287729
               MQD3E21         1671.2575666           20.9498176            1.7084092       -9.07074859544                    0                    0       19.01098084084      -2.990590443917                    0                    0        3.14764937058                    0                   19      -1.432975063012      -1.432975063012
               MQEAE27         1710.4692283            7.6858431           -1.2526734       11.64427093704                    0                    0       6.786027046481    -0.06532219285029                    0                    0       2.490821026435                    0                   18       0.515028447177       0.515028447177
               MQD3E23         1746.9279724           20.9498176            1.7084092      -12.77123442813                    0                    0       21.73907948054      -2.908194303776                    0                    0       4.634546605707                    0                   28      -1.609610769505      -1.609610769505
               MQEAE29         1786.1396341            7.6858431           -1.2526734       2.277307987375                    0                    0         16.102873693     -0.1571613092932                    0                    0       6.455533231256                    0                   15     -0.7037009528108     -0.7037009528108
               MQEAE30          1813.166033            7.6858431            1.2526734       44.97191816759                    0                    0       7.401633505285       6.677788368887                    0                    0       3.098344519497                    0                   29       4.851266748809       4.851266748809
              MQTAFOE2         1905.3942301           13.8843623            1.6545976       15.49618146861                    0                    0       13.01369777145        4.87197925824                    0                    0       2.793419328276                    0                   17      0.1160888151564      0.1160888151564
               MQEAE32         1980.3824571            7.6858431            1.2526734      -2.287287739961                    0                    0       7.918534184887      0.6191329944745                    0                    0       2.227353455858                    0                   24      -1.297597506246      -1.297597506246
               MQD3E29         2065.4852081           20.9498176            1.7084092       94.73504374615                    0                    0       26.71201529403       8.365226955044                    0                    0       5.005184491621                    0                   21       3.521998499221       3.521998499221
               MQEAE35         2104.6968698            7.6858431           -1.2526734         16.898554958                    0                    0        6.14050418692       3.112754885438                    0                    0       2.287753474386                    0                   25       1.198659891717       1.198659891717
               MQR2ORE         2203.8099939            4.7479218            0.5746181       2.447069443947                    0                    0       4.258704098893      -2.109448204368                    0                    0       1.505727783804                    0                   16      -0.484601990718      -0.484601990718
               MQDROE5         2288.3421939           29.3993215           -2.5237427      -63.88451466285                    0                    0       26.22206344239       5.156376676727                    0                    0       5.719362018625                    0                   12      -3.172992824438      -3.172992824438
               MQEAE37         2389.8065079            7.6858431           -1.2526734       9.839276408589                    0                    0       7.500798127477      -2.133905107161                    0                    0       2.586524199103                    0                   15      0.2801817940558      0.2801817940558
               MQD3E31          2426.265252           20.9498176            1.7084092       20.75264438162                    0                    0       21.10937117367       1.077135098732                    0                    0       3.372806779723                    0                   17   -0.009411691411738   -0.009411691411738
               MQEAE39         2465.4769137            7.6858431           -1.2526734       13.45960997675                    0                    0       5.803322851282      -4.660508009254                    0                    0       1.912394739496                    0                   32      0.7512210178668      0.7512210178668
               MQD3E33         2501.9356578           20.9498176            1.7084092       21.97132394884                    0                    0       24.73819173415      0.6721856157507                    0                    0       4.042306182947                    0                   12     0.04875967745132     0.04875967745132
               MQEAE41         2541.1473195            7.6858431           -1.2526734      -3.278686819463                    0                    0       9.311402387714      0.7123340033526                    0                    0       3.773199905905                    0                   17      -1.426587789629      -1.426587789629
              MQTAOTE1         2616.1355465           13.8843623           -1.6545976       10.03929745729                    0                    0       14.99894061074       -2.02617311612                    0                    0       3.855005422637                    0                   29      -0.276934925755      -0.276934925755
              MQTAOTE2         2660.4019155           13.8843623            1.6545976      -3.465594854604                    0                    0       14.49453326067     -0.4359092248534                    0                    0       2.989761644371                    0                   20      -1.249604179128      -1.249604179128
               MQEAE44         2735.3901425            7.6858431            1.2526734      -5.978583157054                    0                    0       11.71796849623      -1.503679052975                    0                    0       3.178736027962                    0                   25      -1.777869529636      -1.777869529636
               MQEAE45         2784.0341494            7.6858431           -1.2526734       13.67177409259                    0                    0       9.355638024139      -2.200953279785                    0                    0       2.326597740404                    0                   18      0.7788255516941      0.7788255516941
               MQD3E40           2850.27221           20.9498176           -1.7084092       4.713918172303                    0                    0        27.4731633803     -0.3842250287362                    0                    0        4.03624187234                    0                   15     -0.7749900136456     -0.7749900136456
               MQLA2RE         2920.9780873            4.4997139            1.4176538       21.00456619721                    0                    0       6.904038048719       7.397581652049                    0                    0        4.10707928589                    0                   22       3.667978156836       3.667978156836
               MQLB8RE         2942.8131119            2.4274661            0.9647408      -2.588048296924                    0                    0        3.72861837241       1.755938893146                    0                    0       3.142882780553                    0                   18      -2.066152189282      -2.066152189282
               MQLB1RE         2960.9918734          263.1461398             28.21658       51.85914855808                    0                    0       560.7445286032       15.58261277375                    0                    0       3134.593918003                    0                    2     -0.8029264324474     -0.8029264324474
               MQLC7RE         2989.1433603          263.1507975          -28.2212238       111.0921222906                    0                    0       470.7115821029      -20.84162011086                    0                    0       739.3394724352                    0                    9     -0.5778385498123     -0.5778385498123
               MQLC3RE         3003.3799331           25.6036831           -7.2885555        4.90124661216                    0                    0       35.10255427595      -1.057131760261                    0                    0       19.52603888932                    0                   28     -0.8085725950826     -0.8085725950826
                MQC2RE         3013.8146988          263.7467378         -135.9911137       648.6632394081                    0                    0       726.4196812736      -342.3086608682                    0                    0       920.0313880457                    0                    5       1.459417109075       1.459417109075
                MQC1RE         3015.7846995           93.6284372          176.6381914       198.7207149692                    0                    0       586.9502662974       361.7844731275                    0                    0       3573.063318746                    0                    1        1.12243972998        1.12243972998