@ Measure_optics:version %s "0.2.0"
@ Command %s "/usr/bin/python2 '/home/akoval/work_local/git/Beta-Beat.src/measure_optics.py' '--model' 'model/' '--accel' 'skekb' '--files' 'output/harmonic_output/HER_2019_05_20_18_21_17.sdds' '--output' 'output/phase_output/HER_2019_05_20_18_21_17.sdds/'"
@ CWD %s "/home/akoval/work_local/git/SKEKB_Kmod"
@ Date %s "14. June 2019, 13:53:06"
@ Model_directory %s "model/"
@ Q1 %le 0.5438740040082745
@ Q2 %le 0.611119829297848
@ RMSbetabeat %le 0.29091509799154197
@ RescalingFactor %le 1.1471788333610495
@ FILENAME %s "getampbetax.out"
*                 NAME                    S                COUNT                 BETX              BETXSTD              BETXMDL               MUXMDL            DELTABETX              BETXRES           BETXSTDRES
$                   %s                  %le                   %d                  %le                  %le                  %le                  %le                  %le                  %le                  %le
                MQC1LE            0.5300002                    1       1.397109969431                    0            2.9087358            0.2203223     -0.5196848165341       1.602734984809                    0
                MQC2LE            2.2500008                    1       221.0797900145                    0          142.9688048            0.2410243      0.5463498511002       253.6180555885                    0
               MQLC3LE           12.9355133                    1       44.06760224559                    0           26.9933253            0.2616968      0.6325369977886       50.55342053312                    0
               MQLC7LE           27.2720861                    1       10.97400636757                    0            9.3764221            0.4721468      0.1703831430084       12.58914782205                    0
               MQLB1LE           55.2235731                    1       13.03548548861                    0           12.5617527            0.9879476     0.03771231610114       14.95403303511                    0
               MQLB4LE           77.1787307                    1       44.13786075127                    0           35.3516866            1.3202075      0.2485362084895        50.6340196037                    0
               MQLA2LE           98.9121927                    1       51.82292624282                    0           36.8830728            1.8242478      0.4050598908566        59.4501640686                    0
               MQLA5LE          119.0986538                    1       11.94007469799                    0           10.0415612            2.3120774      0.1890655706001       13.69740096229                    0
                MQD3E1          164.5639584                    1       8.103737449388                    0            7.4403317            3.0072166     0.08916346422936       9.296436073053                    0
                MQEAE4          230.8020191                    1       40.43719798206                    0           48.5050151            4.0807687     -0.1663295455389       46.38869760545                    0
                MQD3E4          270.0136808                    1       6.367916032026                    0            7.4403317            4.6861856     -0.1441354648173       7.305138484561                    0
                MQEAE6          306.4724249                    1       45.59859238573                    0           48.5050151            5.2289045    -0.05992004555153       52.30974001597                    0
              MQTATNE1          354.4092937                    1       38.72285508363                    0           45.9537751            5.9292318     -0.1573520347487       44.42203971925                    0
              MQTATNE2          397.7476034                    1       39.70670007108                    0           45.9537751            6.4015278     -0.1359425861168       45.55068586416                    0
                MQEAE8          472.7108711                    1       40.84413562962                    0           48.5050151            7.5699902     -0.1579399460982       46.85552786122                    0
                MQD3E8          511.9225329                    1       6.028193810629                    0            7.4403317            8.1754072     -0.1897950180597       6.915416342951                    0
               MQEAE10          548.3812769                    1       44.06779620461                    0           48.5050151             8.718126    -0.09147959002262        50.5536430388                    0
               MQEAE11          597.0252838                    1       52.60285965912                    0           48.5050151            9.3981267     0.08448290451356       60.34488717521                    0
               MQR2NE1          696.7698054                    1       10.80798214954                    0           28.8232835           10.9206195     -0.6250259915899       12.39868835329                    0
               MQFRNE3          753.3246054                    1       13.12328455714                    0           28.8233021           11.5379038     -0.5446987818532       15.05475426813                    0
               MQDRNE5          781.6020054                    1       3.297854769148                    0            8.5241331            11.856421     -0.6131155238357       3.783229186666                    0
               MQEAE13           881.197528                    1       53.72789846826                    0           48.5050151           13.2020923      0.1076771826066       61.63550788376                    0
               MQD3E12          947.4355886                    1       7.192324959594                    0            7.4403317           14.2756444    -0.03333275321666         8.2508829563                    0
               MQEAE16          983.8943327                    1       42.76943629907                    0           48.5050151           14.8183633     -0.1182471294794       49.06419203708                    0
               MQD3E14         1023.1059944                    1       6.385888488663                    0            7.4403317           15.4237802     -0.1417199197365       7.325756106398                    0
               MQEAE18         1059.5647385                    1        39.7403335518                    0           48.5050151           15.9664991     -0.1806963987153       45.58926948133                    0
              MQTANFE1         1107.5016074                    1       40.04753493061                    0           45.9537751           16.6668263     -0.1285256794799       45.94168440068                    0
               MQD3E16         1189.3444407                    1        6.57531589815                    0            7.4403317            17.764866     -0.1162603814895        7.54306322102                    0
               MQEAE20         1225.8031848                    1       40.41960022354                    0           48.5050151           18.3075848     -0.1666923484053       46.36850982937                    0
               MQD3E18         1265.0148465                    1       6.101398113074                    0            7.4403317           18.9130018     -0.1799561687453       6.999394769227                    0
               MQEAE22         1301.4735906                    1       42.34996702382                    0           48.5050151           19.4557206     -0.1268950862812       48.58298576326                    0
               MQEAE23         1350.1175975                    1       54.85722378436                    0           48.5050151           20.1357212      0.1309598331485       62.93104598237                    0
                 MQI6E         1404.3012987                    1       10.99577839273                    0           12.5196316             21.14351     -0.1217170964731       12.61412422847                    0
                 MQI5E         1418.7440064                    1       71.93864459304                    0           36.6707357           21.2614628      0.9617453323425       82.52649037782                    0
                 MQI4E         1424.1361014                    1       115.5463623858                    0          102.3414091           21.2754895      0.1290284490117       132.5523412009                    0
                MQX2RE         1494.6206604                    1       74.32998296813                    0            79.143814           22.6372352    -0.06082384444942       85.26978314513                    0
                 MQM2E         1564.3492168                    1       27.26153288209                    0           29.3408767           23.6951094    -0.07086849650639       31.27385348731                    0
                 MQM7E         1608.8759522                    1       5.187849907485                    0            5.5669757           24.4296714    -0.06810264907655       5.951391604521                    0
               MQEAE25         1634.7988225                    1       60.08369697993                    0           48.5050151           24.9087078      0.2387110251601       68.92674540545                    0
               MQD3E21         1671.2575666                    1        8.37951426799                    0            7.4403317           25.4514267      0.1262285884364       9.612801402085                    0
               MQEAE27         1710.4692283                    1       50.41467242723                    0           48.5050151           26.0568436       0.039370306829       57.83464509935                    0
               MQD3E23         1746.9279724                    1       6.835803961645                    0            7.4403317           26.5995625    -0.08125010587295       7.841889613805                    0
               MQEAE29         1786.1396341                    1       41.45765256141                    0           48.5050151           27.2049794     -0.1452914203626       47.55934149929                    0
               MQEAE30          1813.166033                    1       61.99643110109                    0           48.5050151           27.6731146        0.27814476448        71.1209935031                    0
              MQTAFOE1         1861.1278611                    1       46.24948717172                    0           48.1181067           28.3637785    -0.03883402021476        53.0564327372                    0
              MQTAFOE2         1905.3942301                    1       40.56543658696                    0           48.1181067           28.8386941     -0.1569610824492       46.53581021861                    0
               MQEAE32         1980.3824571                    1       45.45789446396                    0           48.5050151           29.9974932    -0.06282073368623       52.14833433821                    0
               MQD3E29         2065.4852081                    1       6.021284203385                    0            7.4403317           31.2202127     -0.1907236873075       6.907489787775                    0
               MQEAE35         2104.6968698                    1       55.26993230796                    0           48.5050151           31.8256296      0.1394684074216       63.40449646499                    0
               MQR2ORE         2203.8099939                    1       46.67320893933                    0           34.8057218           33.1656568      0.3409636842908       53.54251738023                    0
               MQDROE5         2288.3421939                    1       1.346465023296                    0            6.9657018           34.2378829     -0.8067007371324       1.544636174586                    0
               MQEAE37         2389.8065079                    1       43.77062215566                    0           48.5050151           35.8334041    -0.09760625647834       50.21273126002                    0
               MQD3E31          2426.265252                    1       9.673232651997                    0            7.4403317           36.3761229      0.3001077158962       11.09692774855                    0
               MQEAE39         2465.4769137                    1       43.14085989652                    0           48.5050151           36.9815398     -0.1105897027848       49.49028132628                    0
               MQD3E33         2501.9356578                    1       6.310016329887                    0            7.4403317           37.5242587     -0.1519173359049       7.238717171809                    0
               MQEAE41         2541.1473195                    1       43.51987526852                    0           48.5050151           38.1296756     -0.1027757608404       49.92507973856                    0
              MQTAOTE1         2616.1355465                    1       40.55267560122                    0           48.1181067           39.2884747      -0.157226283776       46.52117108588                    0
              MQTAOTE2         2660.4019155                    1       41.52206291457                    0           48.1181067           39.7633903     -0.1370802851108       47.63323169308                    0
               MQEAE44         2735.3901425                    1       38.81052162252                    0           48.5050151           40.9221894     -0.1998657965056       44.52260891706                    0
               MQEAE45         2784.0341494                    1       43.38472959416                    0           48.5050151             41.60219     -0.1055619814834       49.77004348152                    0
               MQD3E40           2850.27221                    1        9.18206915239                    0            7.4403317           42.6757421      0.2340940595954       10.53347537808                    0
               MQLA2RE         2920.9780873                    1       98.35109136021                    0           78.5903189           43.8035918      0.2514402885342       112.8262902464                    0
               MQLB8RE         2942.8131119                    1       92.44594768872                    0           78.6738756           44.3053034      0.1750526713434       106.0520344185                    0
               MQLB1RE         2960.9918734                    1       8.415549903967                    0            6.3964764           44.5395614      0.3156540222624       9.654140720924                    0
               MQLC7RE         2989.1433603                    1       6.294566318558                    0            5.1390694           45.0677164      0.2248455563877       7.220993245837                    0
               MQLC3RE         3003.3799331                    1       56.60328713254                    0           34.9614517           45.2894231      0.6190199313876       64.93409289711                    0
                MQC2RE         3013.8146988                    1        212.878181048                    0          190.7130202           45.3047308      0.1162225883934       244.2093433826                    0
                MQC1RE         3015.7846995                    1       3.875702138675                    0            2.9087304           45.3257444      0.3324377325156         4.4461234579                    0