@ ErrorsFrom: %s "Analytical N-BPM method"
@ RCond %le 1e-10
@ RangeOfBPMs %d 11
@ Measure_optics:version %s "0.2.0"
@ FILENAME %s "getbetay.out"
@ Model_directory %s "model/"
@ CALCULATION_TIME %s "0.83 s"
@ Command %s "/usr/bin/python2 '/home/akoval/work_local/git/Beta-Beat.src/measure_optics.py' '--model' 'model/' '--accel' 'skekb' '--files' 'output/harmonic_output/HER_2019_05_20_18_30_00.sdds' '--output' 'output/phase_output/HER_2019_05_20_18_30_00.sdds/'"
@ RMS_BETABEAT %s "196.214 %"
@ Date %s "14. June 2019, 13:57:44"
@ BetaAlgorithmVersion %s "2018.7.a"
@ CWD %s "/home/akoval/work_local/git/SKEKB_Kmod"
*                 NAME                    S              BETYMDL              ALFYMDL                 BETY             STATBETY              SYSBETY              ERRBETY                 ALFY             STATALFY              SYSALFY              ERRALFY                 CORR                NCOMB               BBEATY            DELTABETY
$                   %s                  %le                  %le                  %le                  %le                  %le                  %le                  %le                  %le                  %le                  %le                  %le                  %le                   %d                  %le                  %le
                MQC2LE            2.2500008          291.1407337             168.5324       146.4672127242                    0                    0       1462.132150897        84.4806132389                    0                    0       1696.928003995                    0                    2     -0.4969195451875     -0.4969195451875
               MQLC7LE           27.2720861          227.9670433            2.7768696       57.21746873529                    0                    0        700.966508816      0.4322567382551                    0                    0       20.02054510851                    0                    4     -0.7490099099106     -0.7490099099106
               MQLB1LE           55.2235731          227.9626232           -2.7726728       105.1485838487                    0                    0        337.356362058      -1.461677308377                    0                    0       7.466692716535                    0                    8      -0.538746385821      -0.538746385821
               MQLB4LE           77.1787307           18.1118897           -5.8434664       30.85345618385                    0                    0       22.32538382424      -10.00380058061                    0                    0       14.98873282772                    0                   31      0.7034918329836      0.7034918329836
               MQLA5LE          119.0986538          234.1217208           14.3138633       463.5854929942                    0                    0       297.7591415995        26.0509702648                    0                    0       34.47210794382                    0                   24      0.9801045858118      0.9801045858118
                MQD3E1          164.5639584           20.9498176            1.7084092       40.15719984629                    0                    0       24.14020932851       2.673538341509                    0                    0       3.275838961641                    0                   33      0.9168281372669      0.9168281372669
                MQEAE4          230.8020191            7.6858431            1.2526734       21.45006335778                    0                    0       7.985603556228       2.313161727618                    0                    0       2.503931961091                    0                   27       1.790853661556       1.790853661556
                MQD3E4          270.0136808           20.9498176           -1.7084092         30.746400554                    0                    0       15.48279307901      -1.677590388245                    0                    0        2.86908990928                    0                   42      0.4676213960926      0.4676213960926
              MQTATNE2          397.7476034           14.5078121            1.2253565       63.13964733943                    0                    0       15.43959444431       4.111119272736                    0                    0        2.70931226664                    0                   34        3.35211366843        3.35211366843
                MQD3E8          511.9225329           20.9498176           -1.7084092       47.29576086051                    0                    0       19.42960035765      -4.585200643857                    0                    0       3.396676459314                    0                   43       1.257573873126       1.257573873126
               MQEAE11          597.0252838            7.6858431           -1.2526734       7.030357393257                    0                    0       7.400101637738     -0.7606451975334                    0                    0        2.47484051388                    0                   42    -0.08528481497921    -0.08528481497921
               MQD3E14         1023.1059944           20.9498176           -1.7084092       40.18907333684                    0                    0       18.26964156869       -2.84904298579                    0                    0       3.017827858503                    0                   42      0.9183495581767      0.9183495581767
              MQTANFE1         1107.5016074           14.5078121           -1.2253565       17.85835548038                    0                    0       12.53986282231      -1.878268053585                    0                    0       2.202570505555                    0                   36      0.2309475307017      0.2309475307017
               MQD3E18         1265.0148465           20.9498176           -1.7084092       54.65934452262                    0                    0       20.42686549991      -2.867445940109                    0                    0       4.292171358696                    0                   19       1.609060640348       1.609060640348
               MQEAE22         1301.4735906            7.6858431            1.2526734       7.942078735081                    0                    0       7.966854639764       1.304073168547                    0                    0        2.69226126345                    0                   22     0.03333865026221     0.03333865026221
                 MQI6E         1404.3012987           27.8083512            1.2057705       44.37194515349                    0                    0       27.18779540891       1.500248856026                    0                    0       2.517043219257                    0                   41      0.5956338020316      0.5956338020316
                 MQI5E         1418.7440064           69.7334913            4.4926479       134.8793859064                    0                    0       83.35068632119       8.787274394283                    0                    0       10.65127845586                    0                   39      0.9342124335366      0.9342124335366
                 MQI4E         1424.1361014           30.1163345            2.8546183       41.45638061352                    0                    0       36.78716987531       4.201620818064                    0                    0       6.853798286932                    0                   16      0.3765413786834      0.3765413786834
                MQX2RE         1494.6206604           22.2827608            0.9330685      -5.618391596254                    0                    0        26.0367667804    -0.07803459794496                    0                    0       2.474739935783                    0                   21      -1.252140730975      -1.252140730975
                 MQM2E         1564.3492168           28.5508884            1.3770404       36.59057807585                    0                    0       40.83648786462        2.17064317204                    0                    0       4.425126079629                    0                   38      0.2815915765286      0.2815915765286
               MQD3E21         1671.2575666           20.9498176            1.7084092       29.28136750967                    0                    0       23.32482482151       2.542481255108                    0                    0        3.45224776297                    0                   40      0.3976908089965      0.3976908089965
               MQD3E23         1746.9279724           20.9498176            1.7084092       21.42581355647                    0                    0       19.77668300639       1.312144558283                    0                    0       3.809069483202                    0                   41     0.02272076853187     0.02272076853187
              MQTAFOE1         1861.1278611           13.8843623           -1.6545976       38.11939812199                    0                    0       14.04556941397      -5.605528255276                    0                    0       3.439667563646                    0                   35       1.745491459985       1.745491459985
              MQTAFOE2         1905.3942301           13.8843623            1.6545976       20.80062429189                    0                    0       11.88648449567       2.829377430886                    0                    0       3.038099891765                    0                   42      0.4981332122034      0.4981332122034
               MQEAE32         1980.3824571            7.6858431            1.2526734       9.689204792047                    0                    0        6.88039637271         1.4608045562                    0                    0       2.550003005058                    0                   41      0.2606560745492      0.2606560745492
               MQD3E33         2501.9356578           20.9498176            1.7084092       33.13143679755                    0                    0       17.26738685118       3.326262392935                    0                    0        2.66699261371                    0                   38       0.581466599382       0.581466599382
               MQEAE41         2541.1473195            7.6858431           -1.2526734         10.293879801                    0                    0       8.981559558695      -1.937806534835                    0                    0       2.769634730749                    0                   34       0.339329942996       0.339329942996
               MQLB1RE         2960.9918734          263.1461398             28.21658       554.6204936391                    0                    0       340.5150264799       84.71355089279                    0                    0        660.861903181                    0                   14       1.107652022031       1.107652022031
               MQLC7RE         2989.1433603          263.1507975          -28.2212238       275.7565259242                    0                    0       365.7885577856      -21.75123581905                    0                    0       1491.318671744                    0                    6      0.0479030599337      0.0479030599337
               MQLC3RE         3003.3799331           25.6036831           -7.2885555       27.87707815078                    0                    0       36.22341521004      -8.130783336911                    0                    0       19.87604629965                    0                   12     0.08879171960927     0.08879171960927
                MQC2RE         3013.8146988          263.7467378         -135.9911137       425.4237399775                    0                    0       655.8438882278      -219.0253441461                    0                    0       18579.52147802                    0                    1      0.6130009551061      0.6130009551061
                MQC1RE         3015.7846995           93.6284372          176.6381914       212.1235379397                    0                    0       627.8847721405        400.523589834                    0                    0         75869.788373                    0                    1       1.265588792074       1.265588792074