@ Measure_optics:version %s "0.2.0"
@ Command %s "/usr/bin/python2 '/home/akoval/work_local/git/Beta-Beat.src/measure_optics.py' '--model' 'model/' '--accel' 'skekb' '--files' 'output/harmonic_output/HER_2019_05_20_18_30_00.sdds' '--output' 'output/phase_output/HER_2019_05_20_18_30_00.sdds/'"
@ CWD %s "/home/akoval/work_local/git/SKEKB_Kmod"
@ Date %s "14. June 2019, 13:57:44"
@ Model_directory %s "model/"
@ Q1 %le 0.5439879633224035
@ Q2 %le 0.6049067091484432
@ FILENAME %s "getphasey.out"
*                    S               MUYMDL                 NAME                NAME2                   S2               PHASEY               STDPHY               PHYMDL          DELTAPHASEY
$                  %le                  %le                   %s                   %s                  %le                  %le                  %le                  %le                  %le
             0.5300002            0.2490992               MQC1LE               MQC2LE            2.2500008      0.0042395711509                  nan            0.0008786      0.0033609711509
             2.2500008            0.2499778               MQC2LE              MQLC7LE           27.2720861      0.4817235045123                  nan            0.4993168     -0.0175932954877
            27.2720861            0.7492946              MQLC7LE              MQLB1LE           55.2235731      0.5043929206921                  nan            0.5007448      0.0036481206921
            55.2235731            1.2500394              MQLB1LE              MQLB4LE           77.1787307      0.7000136182987                  nan            0.6965572      0.0034564182987
            77.1787307            1.9465966              MQLB4LE              MQLA5LE          119.0986538      0.9872757749288                  nan            0.0026634     -0.0153876250712
           119.0986538              2.94926              MQLA5LE               MQD3E1          164.5639584      0.4854240182609                  nan            0.4571953     0.02822871826087
           164.5639584            3.4064553               MQD3E1               MQEAE4          230.8020191     0.00685966470876                  nan            0.9750765     0.03178316470876
           230.8020191            4.3815318               MQEAE4               MQD3E4          270.0136808      0.5660663435596                  nan            0.6596164    -0.09355005644043
           270.0136808            5.0411482               MQD3E4             MQTATNE2          397.7476034      0.7514584631078                  nan            0.6274026      0.1240558631078
           397.7476034            6.6685508             MQTATNE2               MQD3E8          511.9225329       0.664363079657                  nan            0.6970908    -0.03272772034297
           511.9225329            8.3656416               MQD3E8              MQEAE11          597.0252838      0.1811670083545                  nan            0.2714519    -0.09028489164553
           597.0252838            9.6370935              MQEAE11              MQD3E14         1023.1059944      0.3620232214095                  nan            0.3511851      0.0108381214095
          1023.1059944           14.9882786              MQD3E14             MQTANFE1         1107.5016074      0.2355546832478                  nan            0.1856621      0.0498925832478
          1107.5016074           16.1739407             MQTANFE1              MQD3E18         1265.0148465      0.0698352512337                  nan            0.1388313     -0.0689960487663
          1265.0148465            18.312772              MQD3E18              MQEAE22         1301.4735906      0.4948263610428                  nan            0.4636479      0.0311784610428
          1301.4735906           18.7764199              MQEAE22                MQI6E         1404.3012987      0.4586069582609                  nan             0.425409      0.0331979582609
          1404.3012987           20.2018289                MQI6E                MQI5E         1418.7440064       0.026793751607                  nan            0.0528115      -0.026017748393
          1418.7440064           20.2546404                MQI5E                MQI4E         1424.1361014      0.0145848677152                  nan            0.0187699   -0.004185032284799
          1424.1361014           20.2734103                MQI4E               MQX2RE         1494.6206604      0.0399517753567                  nan            0.9607692      0.0791825753567
          1494.6206604           21.2341795               MQX2RE                MQM2E         1564.3492168      0.7052013503282                  nan            0.7945117     -0.0893103496718
          1564.3492168           22.0286912                MQM2E              MQD3E21         1671.2575666      0.4511569039836                  nan            0.4214719     0.02968500398361
          1671.2575666           23.4501631              MQD3E21              MQD3E23         1746.9279724      0.1852583669422                  nan            0.1232642     0.06199416694219
          1746.9279724           24.5734273              MQD3E23             MQTAFOE1         1861.1278611      0.7483029174255                  nan            0.7084045     0.03989841742554
          1861.1278611           26.2818318             MQTAFOE1             MQTAFOE2         1905.3942301        0.31659193997                  nan            0.4318095       -0.11521756003
          1905.3942301           26.7136413             MQTAFOE2              MQEAE32         1980.3824571      0.0928595650528                  nan            0.0487881      0.0440714650528
          1980.3824571           27.7624294              MQEAE32              MQD3E33         2501.9356578      0.1372324620634                  nan            0.1754362     -0.0382037379366
          2501.9356578           34.9378656              MQD3E33              MQEAE41         2541.1473195      0.7290133512301                  nan            0.6596163      0.0693970512301
          2541.1473195           35.5974819              MQEAE41              MQLB1RE         2960.9918734      0.7379821565869                  nan            0.7566114    -0.01862924341312
          2960.9918734           42.3540933              MQLB1RE              MQLC7RE         2989.1433603      0.4530135774276                  nan            0.5006797    -0.04766612257238
          2989.1433603            42.854773              MQLC7RE              MQLC3RE         3003.3799331      0.5304289205326                  nan            0.4736306     0.05679832053257
          3003.3799331           43.3284036              MQLC3RE               MQC2RE         3013.8146988      0.9877560107909                  nan            0.0256067    -0.03785068920907
          3013.8146988           43.3540103               MQC2RE               MQC1RE         3015.7846995      0.0052975875332                  nan   0.0009905000000003      0.0043070875332