@ ErrorsFrom: %s "Analytical N-BPM method"
@ RCond %le 1e-10
@ RangeOfBPMs %d 11
@ Measure_optics:version %s "0.2.0"
@ FILENAME %s "getbetax.out"
@ Model_directory %s "model/"
@ CALCULATION_TIME %s "1.38 s"
@ Command %s "/usr/bin/python2 '/home/akoval/work_local/git/Beta-Beat.src/measure_optics.py' '--model' 'model/' '--accel' 'skekb' '--files' 'output/harmonic_output/HER_2019_05_20_18_24_42.sdds' '--output' 'output/phase_output/HER_2019_05_20_18_24_42.sdds/'"
@ RMS_BETABEAT %s "13.912 %"
@ Date %s "14. June 2019, 13:53:48"
@ BetaAlgorithmVersion %s "2018.7.a"
@ CWD %s "/home/akoval/work_local/git/SKEKB_Kmod"
*                 NAME                    S              BETXMDL              ALFXMDL                 BETX             STATBETX              SYSBETX              ERRBETX                 ALFX             STATALFX              SYSALFX              ERRALFX                 CORR                NCOMB               BBEATX            DELTABETX
$                   %s                  %le                  %le                  %le                  %le                  %le                  %le                  %le                  %le                  %le                  %le                  %le                  %le                   %d                  %le                  %le
                MQC1LE            0.5300002            2.9087358           -5.2990847       3.644403712233                    0                    0       3.788119521761      -6.694741741529                    0                    0       13.96462782805                    0                   44      0.2529167180578      0.2529167180578
                MQC2LE            2.2500008          142.9688048         -106.7116067       192.5736955646                    0                    0       202.5031522066      -144.3865258968                    0                    0       301.0025219047                    0                   35       0.346963037384       0.346963037384
               MQLC3LE           12.9355133           26.9933253            1.1608736       36.36345373551                    0                    0       43.27172062008       1.480430194174                    0                    0       4.751542009183                    0                   36      0.3471276077094      0.3471276077094
               MQLC7LE           27.2720861            9.3764221           -1.0647787       8.838926353442                    0                    0       14.56649537724      -0.863004946285                    0                    0       4.317307344435                    0                   44    -0.05732418408913    -0.05732418408913
               MQLB1LE           55.2235731           12.5617527           -1.9840866       14.20452745006                    0                    0       15.78700889316      -2.155582269422                    0                    0       5.534726998737                    0                   36      0.1307759187189      0.1307759187189
               MQLB4LE           77.1787307           35.3516866            4.2598365       38.03496498782                    0                    0       32.36839707869       4.586805574535                    0                    0       7.797578520329                    0                   28     0.07590241501563     0.07590241501563
               MQLA2LE           98.9121927           36.8830728           -6.1504106       36.04835397441                    0                    0       32.61916408879       -6.22164154142                    0                    0       10.61847429152                    0                   36    -0.02263148816564    -0.02263148816564
               MQLA5LE          119.0986538           10.0415612           -3.1555304       8.821587662507                    0                    0       9.448682026715      -2.920911936607                    0                    0       5.670181651018                    0                   36     -0.1214924166864     -0.1214924166864
                MQD3E1          164.5639584            7.4403317            0.2028379       9.761151287936                    0                    0       7.212780155293      0.2780969509837                    0                    0      0.9999020524552                    0                   36       0.311924210037       0.311924210037
                MQEAE4          230.8020191           48.5050151           -5.6463304       58.96729022334                    0                    0       44.01186006863      -6.648086008351                    0                    0       10.29598260831                    0                   36        0.21569470913        0.21569470913
                MQD3E4          270.0136808            7.4403317           -0.2028379       6.697843229565                    0                    0       6.239750408005     0.02238756439956                    0                    0       1.039633093727                    0                   35    -0.09979238834676    -0.09979238834676
                MQEAE6          306.4724249           48.5050151           -5.6463304       40.94946503145                    0                    0       43.00353162842      -4.660154839587                    0                    0       10.00656959743                    0                   34     -0.1557684303978     -0.1557684303978
              MQTATNE1          354.4092937           45.9537751            4.4063204       52.37915042756                    0                    0        44.2402592318       4.852124271762                    0                    0       8.467563166122                    0                   43      0.1398225785275      0.1398225785275
              MQTATNE2          397.7476034           45.9537751           -4.4063204       49.87592855361                    0                    0       46.68595545704      -4.972217306555                    0                    0       9.005505855425                    0                   34     0.08534997277324     0.08534997277324
                MQEAE8          472.7108711           48.5050151           -5.6463304       55.32364543285                    0                    0       36.76211815704      -6.413621013373                    0                    0       8.678127587957                    0                   35      0.1405757800259      0.1405757800259
                MQD3E8          511.9225329            7.4403317           -0.2028379       7.616489073105                    0                    0       8.183894426171     -0.1228959770853                    0                    0      0.9564122995274                    0                   36     0.02367601072205     0.02367601072205
               MQEAE10          548.3812769           48.5050151           -5.6463304       46.43623375827                    0                    0        49.0150714129      -5.324572892563                    0                    0       11.10223130221                    0                   28    -0.04265087512002    -0.04265087512002
               MQEAE11          597.0252838           48.5050151            5.6463304       47.68480137247                    0                    0       48.29571787187       5.485311450125                    0                    0       11.04411637883                    0                   36    -0.01690987469733    -0.01690987469733
               MQR2NE1          696.7698054           28.8232835            1.9137339       29.21259248144                    0                    0       26.81957171461       1.890541530706                    0                    0       3.474886000652                    0                   45     0.01350675336625     0.01350675336625
               MQFRNE3          753.3246054           28.8233021            1.9137359       30.15933956469                    0                    0       23.50978321488       1.975475684508                    0                    0       3.152281419172                    0                   44     0.04635268575578     0.04635268575578
               MQDRNE5          781.6020054            8.5241331            -0.615502       8.228417065547                    0                    0       6.991734343044     -0.6193981994949                    0                    0       1.797201129187                    0                   44    -0.03469162564495    -0.03469162564495
               MQEAE13           881.197528           48.5050151            5.6463304       51.78573894556                    0                    0       51.24620256822       6.052338202809                    0                    0       12.30817906428                    0                   35     0.06763679670638     0.06763679670638
               MQD3E12          947.4355886            7.4403317           -0.2028379       7.899332744142                    0                    0       6.825539645442     -0.1431283429396                    0                    0       1.160957432602                    0                   35     0.06169093834115     0.06169093834115
               MQEAE16          983.8943327           48.5050151           -5.6463304       52.86251837761                    0                    0       41.47756614525      -6.081981022715                    0                    0       9.493434465751                    0                   34     0.08983613897717     0.08983613897717
               MQD3E14         1023.1059944            7.4403317           -0.2028379       7.735079118761                    0                    0       7.083011050377     -0.1282655663818                    0                    0       1.431051843573                    0                   34     0.03961482238229     0.03961482238229
               MQEAE18         1059.5647385           48.5050151           -5.6463304         49.262242185                    0                    0       52.19777460792      -5.673788482156                    0                    0       12.66666229174                    0                   33     0.01561131531317     0.01561131531317
              MQTANFE1         1107.5016074           45.9537751            4.4063204       49.89592657559                    0                    0        44.0013449254       4.733573324205                    0                    0       8.606482749091                    0                   41     0.08578514968603     0.08578514968603
               MQD3E16         1189.3444407            7.4403317           -0.2028379       8.146613933637                    0                    0       6.292033233317     -0.3005723790308                    0                    0       1.131170792929                    0                   33      0.0949261756216      0.0949261756216
               MQEAE20         1225.8031848           48.5050151           -5.6463304       53.98422129934                    0                    0       37.79342723646      -6.359937053127                    0                    0        8.80231276493                    0                   33      0.1129616429981      0.1129616429981
               MQD3E18         1265.0148465            7.4403317           -0.2028379       8.391987355902                    0                    0       7.475018989256     -0.1838594346147                    0                    0       1.240138299221                    0                   34       0.127905004007       0.127905004007
               MQEAE22         1301.4735906           48.5050151           -5.6463304       51.42591611197                    0                    0       45.67843779167      -5.929751147157                    0                    0         10.673220567                    0                   34     0.06021853628845     0.06021853628845
               MQEAE23         1350.1175975           48.5050151            5.6463304       45.53761142471                    0                    0       46.83723536619       5.287458223113                    0                    0       11.33931096674                    0                   27    -0.06117725495344    -0.06117725495344
                 MQI6E         1404.3012987           12.5196316           -1.2996081       11.64177717758                    0                    0       11.65501090696      -1.212462071125                    0                    0       2.413079595384                    0                   27    -0.07011823114818    -0.07011823114818
                 MQI5E         1418.7440064           36.6707357           -4.5163713       36.35550866965                    0                    0       28.77946833496      -4.628008666323                    0                    0       6.914717967204                    0                   43     -0.0085961468821     -0.0085961468821
                 MQI4E         1424.1361014          102.3414091           -7.6626934       101.7176298581                    0                    0       75.49063354121      -7.765651329267                    0                    0       11.09364005129                    0                   42   -0.006095081623326   -0.006095081623326
                MQX2RE         1494.6206604            79.143814            6.9773227       72.48965744283                    0                    0       77.18547403987       6.428451372876                    0                    0       13.25859487207                    0                   27    -0.08407677392412    -0.08407677392412
                 MQM2E         1564.3492168           29.3408767           -0.5146595       28.37784261143                    0                    0       27.92182411362     -0.4494690576762                    0                    0       1.490754508476                    0                   44     -0.0328222669831     -0.0328222669831
                 MQM7E         1608.8759522            5.5669757            0.5811089       6.054470223215                    0                    0       5.725418030598      0.6493888806238                    0                    0       1.473435748548                    0                   45     0.08756900505508     0.08756900505508
               MQEAE25         1634.7988225           48.5050151            5.6463304        52.4043190598                    0                    0       49.34075419519       6.135362348345                    0                    0       11.03155437122                    0                   45     0.08038970716247     0.08038970716247
               MQD3E21         1671.2575666            7.4403317            0.2028379       8.643995517994                    0                    0       7.457300301432      0.2475661495756                    0                    0       1.089433956543                    0                   45      0.1617755587421      0.1617755587421
               MQEAE27         1710.4692283           48.5050151            5.6463304        51.1777793129                    0                    0       36.38149964127       6.063136011903                    0                    0       8.361659575157                    0                   45     0.05510284261108     0.05510284261108
               MQD3E23         1746.9279724            7.4403317            0.2028379       7.758142439012                    0                    0       6.503147123372      0.3227204343769                    0                    0       0.983151853923                    0                   45     0.04271459282007     0.04271459282007
               MQEAE29         1786.1396341           48.5050151            5.6463304       44.43085921649                    0                    0       45.97970869548       5.243381126285                    0                    0       10.84122167232                    0                   45    -0.08399452871235    -0.08399452871235
               MQEAE30          1813.166033           48.5050151           -5.6463304       44.82737087434                    0                    0       43.77540018611      -5.096769289478                    0                    0       10.10590466135                    0                   45    -0.07581987590513    -0.07581987590513
              MQTAFOE1         1861.1278611           48.1181067            4.8487187       50.19871074139                    0                    0       43.26316550759       4.892577195757                    0                    0       8.558924445822                    0                   44      0.0432395242474      0.0432395242474
              MQTAFOE2         1905.3942301           48.1181067           -4.8487187       45.34849012692                    0                    0       44.28456726549      -4.694456302986                    0                    0       9.349827893173                    0                   44    -0.05755871880726    -0.05755871880726
               MQEAE32         1980.3824571           48.5050151           -5.6463304       54.91131186701                    0                    0       40.02104162258      -6.512201590795                    0                    0       9.268054436616                    0                   43      0.1320749360412      0.1320749360412
               MQD3E29         2065.4852081            7.4403317            0.2028379       7.913853344774                    0                    0       7.589374205322      0.3475002167349                    0                    0        1.83792355026                    0                   42     0.06364254496534     0.06364254496534
               MQEAE35         2104.6968698           48.5050151            5.6463304        47.8850028736                    0                    0       41.67778960532       5.554303583776                    0                    0       9.561290238867                    0                   33     -0.0127824354889     -0.0127824354889
               MQR2ORE         2203.8099939           34.8057218           -3.3658129        44.6724872003                    0                    0       29.09145071744      -4.302138333134                    0                    0       5.471865873821                    0                   42      0.2834811315505      0.2834811315505
               MQDROE5         2288.3421939            6.9657018            0.6768551       8.621793098312                    0                    0       6.049332394287       1.003472860584                    0                    0       1.644927518419                    0                   43      0.2377493820238      0.2377493820238
               MQEAE37         2389.8065079           48.5050151            5.6463304       49.02814029672                    0                    0       41.92791332552       5.897027288679                    0                    0       9.609329119262                    0                   35     0.01078497131981     0.01078497131981
               MQD3E31          2426.265252            7.4403317            0.2028379       8.986301139996                    0                    0       6.296549823286       0.641665859283                    0                    0       1.065752663189                    0                   44      0.2077823277686      0.2077823277686
               MQEAE39         2465.4769137           48.5050151            5.6463304       43.10446957486                    0                    0       43.52052155033       4.806999657039                    0                    0       9.831987517433                    0                   44     -0.1113399411175     -0.1113399411175
               MQD3E33         2501.9356578            7.4403317            0.2028379       7.341418230818                    0                    0       6.477599439988    -0.05850333915565                    0                    0      0.9796308205073                    0                   45     -0.0132942284256     -0.0132942284256
               MQEAE41         2541.1473195           48.5050151            5.6463304       61.39983671718                    0                    0       41.58789994532       7.032854958166                    0                    0       9.828705732619                    0                   45      0.2658451211817      0.2658451211817
              MQTAOTE1         2616.1355465           48.1181067            4.8487187       57.21271714047                    0                    0       43.43945038147       5.933021665092                    0                    0       8.731156740543                    0                   45      0.1890059909707      0.1890059909707
              MQTAOTE2         2660.4019155           48.1181067           -4.8487187       56.69536685153                    0                    0       42.54024820613      -5.611890751492                    0                    0        8.63126687051                    0                   45      0.1782543150545      0.1782543150545
               MQEAE44         2735.3901425           48.5050151           -5.6463304       43.22146945562                    0                    0       36.90743944182      -5.218117160839                    0                    0       8.609275895708                    0                   45     -0.1089278218652     -0.1089278218652
               MQEAE45         2784.0341494           48.5050151            5.6463304       57.64443313178                    0                    0       48.39470151974       6.606579176146                    0                    0       11.68039762195                    0                   45      0.1884221252779      0.1884221252779
               MQD3E40           2850.27221            7.4403317           -0.2028379       8.836730509757                    0                    0       5.558600301453      -0.149536708426                    0                    0       1.262043817131                    0                   44        0.18767964468        0.18767964468
               MQLA2RE         2920.9780873           78.5903189           -3.1552007        70.8399258592                    0                    0       98.28120113904      -2.698263065777                    0                    0       8.183340288153                    0                   27    -0.09861765608388    -0.09861765608388
               MQLB8RE         2942.8131119           78.6738756            3.0596957       70.20813707639                    0                    0       99.06827635226        2.87665199714                    0                    0        7.52881509115                    0                   21     -0.1076054593605     -0.1076054593605
               MQLB1RE         2960.9918734            6.3964764            0.1355252       7.089262079986                    0                    0       7.554207070535    -0.03190101670514                    0                    0       0.826256591198                    0                   44      0.1083073924866      0.1083073924866
               MQLC7RE         2989.1433603            5.1390694            0.9907191       5.351163294331                    0                    0       9.056019214392      0.8390098335019                    0                    0        3.97951924987                    0                   44     0.04127087568242     0.04127087568242
               MQLC3RE         3003.3799331           34.9614517           -2.6137639       38.35336396835                    0                    0       62.40178409484      -2.624535940255                    0                    0       9.952935991731                    0                   32     0.09701863347826     0.09701863347826
                MQC2RE         3013.8146988          190.7130202          118.3642996        250.585717088                    0                    0       509.4902294568       157.0026632404                    0                    0       630.3897720508                    0                   21      0.3139413178253      0.3139413178253
                MQC1RE         3015.7846995            2.9087304            5.2990527       3.248216360634                    0                    0       5.073363409237       6.004524765006                    0                    0       19.18325405363                    0                   35      0.1167127625972      0.1167127625972