@ Measure_optics:version %s "0.2.0"
@ Command %s "/usr/bin/python2 '/home/akoval/work_local/git/Beta-Beat.src/measure_optics.py' '--model' 'model/' '--accel' 'skekb' '--files' 'output/harmonic_output/HER_2019_05_20_18_24_42.sdds' '--output' 'output/phase_output/HER_2019_05_20_18_24_42.sdds/'"
@ CWD %s "/home/akoval/work_local/git/SKEKB_Kmod"
@ Date %s "14. June 2019, 13:53:48"
@ Model_directory %s "model/"
@ FILENAME %s "getcouple.out"
@ CG %le nan
@ CG_std %le nan
@ QG %le nan
@ Q1F %le 0.5448251573626635
@ Q2F %le 0.612047523066663
*                 NAME                    S                COUNT               F1001W               FWSTD1               F1001R               F1001I               F1010W               FWSTD2               F1010R               F1010I                Q1001             Q1001STD                Q1010             Q1010STD            MDLF1001R            MDLF1001I            MDLF1010R            MDLF1010I
$                   %s                  %le                  %le                  %le                  %le                  %le                  %le                  %le                  %le                  %le                  %le                  %le                  %le                  %le                  %le                  %le                  %le                  %le                  %le
             "MQLB4LE"           77.1787307                    1                  nan                  nan                  nan                  nan                  nan                  nan                  nan                  nan      0.1525359292584      0.2222612842331      0.2674103705483     0.06377483703356                  nan                  nan                  nan                  nan
             "MQLA2LE"           98.9121927                    1                  nan                  nan                  nan                  nan                  nan                  nan                  nan                  nan      0.8206316065619      0.1300739079217      0.5848356712421     0.01577075209246                  nan                  nan                  nan                  nan
            "MQTATNE1"          354.4092937                    1                  nan                  nan                  nan                  nan                  nan                  nan                  nan                  nan      0.6645998402818      0.1653519910122      0.8630961615244      0.1113970483153                  nan                  nan                  nan                  nan
             "MQEAE18"         1059.5647385                    1                  nan                  nan                  nan                  nan                  nan                  nan                  nan                  nan      0.7284066343649     0.06272349275227      0.7425347866743      0.0201298922544                  nan                  nan                  nan                  nan
             "MQEAE22"         1301.4735906                    1                  nan                  nan                  nan                  nan                  nan                  nan                  nan                  nan      0.3642547251252     0.01249818403273      0.2315077843461      0.1368300435414                  nan                  nan                  nan                  nan
            "MQTAFOE1"         1861.1278611                    1                  nan                  nan                  nan                  nan                  nan                  nan                  nan                  nan      0.8036349498629      0.1830743444379      0.8358002474787     0.04404669389909                  nan                  nan                  nan                  nan
             "MQD3E33"         2501.9356578                    1                  nan                  nan                  nan                  nan                  nan                  nan                  nan                  nan       0.276687862538     0.01116325695003      0.1442370945153      0.1079733657977                  nan                  nan                  nan                  nan
             "MQEAE44"         2735.3901425                    1                  nan                  nan                  nan                  nan                  nan                  nan                  nan                  nan      0.6896392652062     0.07804929273638      0.7458276232053     0.01616238612635                  nan                  nan                  nan                  nan
             "MQEAE45"         2784.0341494                    1                  nan                  nan                  nan                  nan                  nan                  nan                  nan                  nan      0.2382015016048     0.04178675490694      0.1231132452258      0.1849429989904                  nan                  nan                  nan                  nan
             "MQLB1RE"         2960.9918734                    1                  nan                  nan                  nan                  nan                  nan                  nan                  nan                  nan      0.7573036817812    0.005511702474057      0.6978985710913     0.05915093120239                  nan                  nan                  nan                  nan