@ Measure_optics:version %s "0.2.0"
@ Command %s "/usr/bin/python2 '/home/akoval/work_local/git/Beta-Beat.src/measure_optics.py' '--model' 'model/' '--accel' 'skekb' '--files' 'output/harmonic_output/HER_2019_05_20_18_20_44.sdds' '--output' 'output/phase_output/HER_2019_05_20_18_20_44.sdds/'"
@ CWD %s "/home/akoval/work_local/git/SKEKB_Kmod"
@ Date %s "14. June 2019, 13:52:25"
@ Model_directory %s "model/"
@ Q1 %le 0.5437650552882722
@ Q2 %le 0.6117814016774167
@ RMSbetabeat %le 0.29361445409104603
@ RescalingFactor %le 1.1500711021195233
@ FILENAME %s "getampbetax.out"
*                 NAME                    S                COUNT                 BETX              BETXSTD              BETXMDL               MUXMDL            DELTABETX              BETXRES           BETXSTDRES
$                   %s                  %le                   %d                  %le                  %le                  %le                  %le                  %le                  %le                  %le
                MQC1LE            0.5300002                    1         1.4148944865                    0            2.9087358            0.2203223     -0.5135706424422       1.627229261471                    0
                MQC2LE            2.2500008                    1       221.8347287004                    0          142.9688048            0.2410243      0.5516302945296       255.1257109248                    0
               MQLC3LE           12.9355133                    1       44.53311006898                    0           26.9933253            0.2616968      0.6497822915128       51.21624297785                    0
               MQLC7LE           27.2720861                    1       11.12484984298                    0            9.3764221            0.4721468      0.1864706733906       12.79436831983                    0
               MQLB1LE           55.2235731                    1       13.39012315658                    0           12.5617527            0.9879476     0.06594385961577        15.3995936962                    0
               MQLB4LE           77.1787307                    1       45.01617780809                    0           35.3516866            1.3202075      0.2733813330447       51.77180522495                    0
               MQLA2LE           98.9121927                    1       51.32485908813                    0           36.8830728            1.8242478      0.3915559412971       59.02723725762                    0
               MQLA5LE          119.0986538                    1       11.79531777874                    0           10.0415612            2.3120774      0.1746497923791       13.56545411765                    0
                MQD3E1          164.5639584                    1       8.214664743298                    0            7.4403317            3.0072166      0.1040723820549       9.447448534867                    0
                MQEAE4          230.8020191                    1       40.26225853021                    0           48.5050151            4.0807687     -0.1699361716061       46.30446004166                    0
                MQD3E4          270.0136808                    1       6.290102634562                    0            7.4403317            4.6861856      -0.154593788532       7.234065269376                    0
                MQEAE6          306.4724249                    1       45.50030853483                    0           48.5050151            5.2289045    -0.06194630718025       52.32858998343                    0
              MQTATNE1          354.4092937                    1       38.59967555295                    0           45.9537751            5.9292318     -0.1600325442479       44.39237140464                    0
              MQTATNE2          397.7476034                    1       39.58627008214                    0           45.9537751            6.4015278     -0.1385632628442       45.52702526216                    0
                MQEAE8          472.7108711                    1         41.427049456                    0           48.5050151            7.5699902     -0.1459223469863       47.64405242542                    0
                MQD3E8          511.9225329                    1       6.219647049899                    0            7.4403317            8.1754072     -0.1640632030023       7.153036337471                    0
               MQEAE10          548.3812769                    1       44.20393625516                    0           48.5050151             8.718126    -0.08867286889772       50.83766968699                    0
               MQEAE11          597.0252838                    1       52.72715116597                    0           48.5050151            9.3981267     0.08704535102749       60.63997285307                    0
               MQR2NE1          696.7698054                    1       10.64734492443                    0           28.8232835           10.9206195      -0.630599167356       12.24520371189                    0
               MQFRNE3          753.3246054                    1       13.23977178996                    0           28.8233021           11.5379038     -0.5406573561895       15.22667893429                    0
               MQDRNE5          781.6020054                    1        3.03652668304                    0            8.5241331            11.856421     -0.6437729623156       3.492221588979                    0
               MQEAE13           881.197528                    1       53.60911577305                    0           48.5050151           13.2020923       0.105228308094       61.65429486076                    0
               MQD3E12          947.4355886                    1       7.209674551658                    0            7.4403317           14.2756444    -0.03100092276021       8.291638357548                    0
               MQEAE16          983.8943327                    1        42.7193331485                    0           48.5050151           14.8183633     -0.1192800773194        49.1302705559                    0
               MQD3E14         1023.1059944                    1        6.37720367054                    0            7.4403317           15.4237802     -0.1428871819599       7.334237653819                    0
               MQEAE18         1059.5647385                    1       39.32891337178                    0           48.5050151           15.9664991     -0.1891784119499       45.23104674664                    0
              MQTANFE1         1107.5016074                    1       40.29896160885                    0           45.9537751           16.6668263     -0.1230543840814       46.34667119177                    0
               MQD3E16         1189.3444407                    1       6.572461523798                    0            7.4403317            17.764866     -0.1166440168524       7.558798068312                    0
               MQEAE20         1225.8031848                    1       40.09946396196                    0           48.5050151           18.3075848     -0.1732924135929       46.11723471313                    0
               MQD3E18         1265.0148465                    1       6.100577876464                    0            7.4403317           18.9130018     -0.1800664106866       7.016098321951                    0
               MQEAE22         1301.4735906                    1       42.01496032994                    0           48.5050151           19.4557206      -0.133801726619       48.32019173216                    0
               MQEAE23         1350.1175975                    1       54.89408913267                    0           48.5050151           20.1357212      0.1317198648325       63.13210558866                    0
                 MQI6E         1404.3012987                    1       11.00561074862                    0           12.5196316             21.14351     -0.1209317414241       12.65723488317                    0
                 MQI5E         1418.7440064                    1       71.48474744019                    0           36.6707357           21.2614628      0.9493676926746       82.21254227327                    0
                 MQI4E         1424.1361014                    1       113.1937337566                    0          102.3414091           21.2754895      0.1060404068304       130.1808421344                    0
                MQX2RE         1494.6206604                    1       73.93933773439                    0            79.143814           22.6372352    -0.06575973538002       85.03549563818                    0
                 MQM2E         1564.3492168                    1       27.21802576838                    0           29.3408767           23.6951094    -0.07235131224342       31.30266489296                    0
                 MQM7E         1608.8759522                    1       5.138724553446                    0            5.5669757           24.4296714    -0.07692707308815        5.90989861067                    0
               MQEAE25         1634.7988225                    1       57.78727934459                    0           48.5050151           24.9087078      0.1913671034933       66.45948004432                    0
               MQD3E21         1671.2575666                    1       8.664858607287                    0            7.4403317           25.4514267      0.1645796123964       9.965203488192                    0
               MQEAE27         1710.4692283                    1       50.45578622495                    0           48.5050151           26.0568436     0.04021792635099       58.02774167203                    0
               MQD3E23         1746.9279724                    1       6.739072851573                    0            7.4403317           26.5995625    -0.09425101953809       7.750412941673                    0
               MQEAE29         1786.1396341                    1       41.34232626267                    0           48.5050151           27.2049794      -0.147669036337        47.5466147291                    0
               MQEAE30          1813.166033                    1       61.50902451197                    0           48.5050151           27.6731146      0.2680961831506       70.73975161078                    0
              MQTAFOE1         1861.1278611                    1       46.33822414647                    0           48.1181067           28.3637785    -0.03698987087392       53.29225251439                    0
              MQTAFOE2         1905.3942301                    1       40.36265812532                    0           48.1181067           28.8386941     -0.1611752645014       46.41992671466                    0
               MQEAE32         1980.3824571                    1       45.22705402211                    0           48.5050151           29.9974932    -0.06757983831419       52.01432786483                    0
               MQD3E29         2065.4852081                    1       6.066324144689                    0            7.4403317           31.2202127     -0.1846702016405       6.976704094897                    0
               MQEAE35         2104.6968698                    1       55.39657770071                    0           48.5050151           31.8256296      0.1420793826474       63.71000316991                    0
               MQR2ORE         2203.8099939                    1       47.39904683389                    0           34.8057218           33.1656568      0.3618176662519       54.51227403167                    0
               MQDROE5         2288.3421939                    1       1.274112732635                    0            6.9657018           34.2378829     -0.8170876719651       1.465320234646                    0
               MQEAE37         2389.8065079                    1        43.7516205865                    0           48.5050151           35.8334041    -0.09799800090156       50.31747450743                    0
               MQD3E31          2426.265252                    1       9.307759300068                    0            7.4403317           36.3761229       0.250987143499       10.70458499649                    0
               MQEAE39         2465.4769137                    1       43.22684756554                    0           48.5050151           36.9815398     -0.1088169444661       49.71394822085                    0
               MQD3E33         2501.9356578                    1       6.221441371352                    0            7.4403317           37.5242587     -0.1638220415157       7.155099934723                    0
               MQEAE41         2541.1473195                    1       43.83313755621                    0           48.5050151           38.1296756    -0.09631741241934       50.41122481862                    0
              MQTAOTE1         2616.1355465                    1        40.0827875393                    0           48.1181067           39.2884747     -0.1669915903133       46.09805564135                    0
              MQTAOTE2         2660.4019155                    1       42.01858837908                    0           48.1181067           39.7633903     -0.1267613948102       48.32436424664                    0
               MQEAE44         2735.3901425                    1       38.78529718827                    0           48.5050151           40.9221894     -0.2003858341595       44.60584948334                    0
               MQEAE45         2784.0341494                    1       43.60096682159                    0           48.5050151             41.60219     -0.1011039429283       50.14421196599                    0
               MQD3E40           2850.27221                    1        9.46290461921                    0            7.4403317           42.6757421      0.2718390793262       10.88301314467                    0
               MQLA2RE         2920.9780873                    1       97.22416278951                    0           78.5903189           43.8035918      0.2371010087542        111.814700052                    0
               MQLB8RE         2942.8131119                    1       92.61384930458                    0           78.6738756           44.3053034      0.1771868183469       106.5125117413                    0
               MQLB1RE         2960.9918734                    1       8.531080796461                    0            6.3964764           44.5395614      0.3337156682797       9.811349493857                    0
               MQLC7RE         2989.1433603                    1       6.296012968407                    0            5.1390694           45.0677164      0.2251270567405       7.240862573535                    0
               MQLC3RE         3003.3799331                    1        58.0629030556                    0           34.9614517           45.2894231      0.6607692253123       66.77646690942                    0
                MQC2RE         3013.8146988                    1       210.8328075162                    0          190.7130202           45.3047308      0.1054977121911       242.4727193031                    0
                MQC1RE         3015.7846995                    1       3.844923651413                    0            2.9087304           45.3257444      0.3218563162173       4.421935581346                    0