@ Measure_optics:version %s "0.2.0"
@ Command %s "/usr/bin/python2 '/home/akoval/work_local/git/Beta-Beat.src/measure_optics.py' '--model' 'model/' '--accel' 'skekb' '--files' 'output/harmonic_output/HER_2019_05_20_18_20_44.sdds' '--output' 'output/phase_output/HER_2019_05_20_18_20_44.sdds/'"
@ CWD %s "/home/akoval/work_local/git/SKEKB_Kmod"
@ Date %s "14. June 2019, 13:52:25"
@ Model_directory %s "model/"
@ Q1 %le 0.5437650552882722
@ Q2 %le 0.6117814016774167
@ FILENAME %s "getphasex.out"
*                    S               MUXMDL                 NAME                NAME2                   S2               PHASEX               STDPHX               PHXMDL          DELTAPHASEX
$                  %le                  %le                   %s                   %s                  %le                  %le                  %le                  %le                  %le
             0.5300002            0.2203223               MQC1LE               MQC2LE            2.2500008      0.0201313486721                  nan             0.020702     -0.0005706513279
             2.2500008            0.2410243               MQC2LE              MQLC3LE           12.9355133      0.0196848200886                  nan            0.0206725     -0.0009876799114
            12.9355133            0.2616968              MQLC3LE              MQLC7LE           27.2720861      0.2094091761936                  nan              0.21045     -0.0010408238064
            27.2720861            0.4721468              MQLC7LE              MQLB1LE           55.2235731      0.5148224446571                  nan            0.5158008  -0.0009783553429001
            55.2235731            0.9879476              MQLB1LE              MQLB4LE           77.1787307      0.3328013067082                  nan            0.3322599      0.0005414067082
            77.1787307            1.3202075              MQLB4LE              MQLA2LE           98.9121927       0.504070450455                  nan            0.5040403   3.015045499988e-05
            98.9121927            1.8242478              MQLA2LE              MQLA5LE          119.0986538      0.4867301358994                  nan            0.4878296     -0.0010994641006
           119.0986538            2.3120774              MQLA5LE               MQD3E1          164.5639584      0.6891782967089                  nan            0.6951392     -0.0059609032911
           164.5639584            3.0072166               MQD3E1               MQEAE4          230.8020191      0.0707046774345                  nan            0.0735521     -0.0028474225655
           230.8020191            4.0807687               MQEAE4               MQD3E4          270.0136808      0.6070721075781                  nan            0.6054169     0.00165520757813
           270.0136808            4.6861856               MQD3E4               MQEAE6          306.4724249      0.5433135820047                  nan            0.5427189   0.0005946820046703
           306.4724249            5.2289045               MQEAE6             MQTATNE1          354.4092937      0.7012964379716                  nan            0.7003273   0.0009691379715995
           354.4092937            5.9292318             MQTATNE1             MQTATNE2          397.7476034      0.4715608863393                  nan             0.472296     -0.0007351136607
           397.7476034            6.4015278             MQTATNE2               MQEAE8          472.7108711      0.1689041176547                  nan            0.1684624   0.0004417176546999
           472.7108711            7.5699902               MQEAE8               MQD3E8          511.9225329      0.6062742439626                  nan             0.605417   0.0008572439625999
           511.9225329            8.1754072               MQD3E8              MQEAE10          548.3812769      0.5440595205353                  nan            0.5427188    0.001340720535261
           548.3812769             8.718126              MQEAE10              MQEAE11          597.0252838      0.6782899633088                  nan            0.6800007   -0.001710736691161
           597.0252838            9.3981267              MQEAE11              MQR2NE1          696.7698054      0.5273803535874                  nan            0.5224928      0.0048875535874
           696.7698054           10.9206195              MQR2NE1              MQFRNE3          753.3246054      0.6149588134596                  nan            0.6172843    -0.00232548654039
           753.3246054           11.5379038              MQFRNE3              MQDRNE5          781.6020054      0.3125538919673                  nan            0.3185172   -0.005963308032709
           781.6020054            11.856421              MQDRNE5              MQEAE13           881.197528      0.3500482470385                  nan            0.3456713    0.004376947038499
            881.197528           13.2020923              MQEAE13              MQD3E12          947.4355886       0.072332715437                  nan            0.0735521   -0.001219384562999
           947.4355886           14.2756444              MQD3E12              MQEAE16          983.8943327      0.5431218737338                  nan            0.5427189   0.0004029737337993
           983.8943327           14.8183633              MQEAE16              MQD3E14         1023.1059944      0.6067830920118                  nan            0.6054169      0.0013661920118
          1023.1059944           15.4237802              MQD3E14              MQEAE18         1059.5647385      0.5439931591276                  nan            0.5427189    0.001274259127599
          1059.5647385           15.9664991              MQEAE18             MQTANFE1         1107.5016074      0.7013348705893                  nan            0.7003272     0.00100767058931
          1107.5016074           16.6668263             MQTANFE1              MQD3E16         1189.3444407     0.09451581831019                  nan            0.0980397   -0.003523881689811
          1189.3444407            17.764866              MQD3E16              MQEAE20         1225.8031848      0.5439144080557                  nan            0.5427188    0.001195608055701
          1225.8031848           18.3075848              MQEAE20              MQD3E18         1265.0148465      0.6055987482327                  nan             0.605417   0.0001817482327009
          1265.0148465           18.9130018              MQD3E18              MQEAE22         1301.4735906      0.5436890037805                  nan            0.5427188   0.0009702037805006
          1301.4735906           19.4557206              MQEAE22              MQEAE23         1350.1175975      0.6829392677051                  nan            0.6800006      0.0029386677051
          1350.1175975           20.1357212              MQEAE23                MQI6E         1404.3012987      0.0078981942452                  nan            0.0077888   0.0001093942451998
          1404.3012987             21.14351                MQI6E                MQI5E         1418.7440064      0.1188584418801                  nan            0.1179528   0.0009056418800988
          1418.7440064           21.2614628                MQI5E                MQI4E         1424.1361014      0.0133255738576                  nan            0.0140267  -0.0007011261423987
          1424.1361014           21.2754895                MQI4E               MQX2RE         1494.6206604      0.3623649839677                  nan            0.3617457   0.0006192839676897
          1494.6206604           22.6372352               MQX2RE                MQM2E         1564.3492168     0.05483191356729                  nan            0.0578742   -0.003042286432711
          1564.3492168           23.6951094                MQM2E                MQM7E         1608.8759522      0.7425922634161                  nan             0.734562     0.00803026341612
          1608.8759522           24.4296714                MQM7E              MQEAE25         1634.7988225      0.4765570482433                  nan            0.4790364   -0.002479351756698
          1634.7988225           24.9087078              MQEAE25              MQD3E21         1671.2575666      0.5461594590707                  nan            0.5427189    0.003440559070699
          1671.2575666           25.4514267              MQD3E21              MQEAE27         1710.4692283      0.6035566573844                  nan            0.6054169   -0.001860242615602
          1710.4692283           26.0568436              MQEAE27              MQD3E23         1746.9279724      0.5403739512238                  nan            0.5427189   -0.002344948776221
          1746.9279724           26.5995625              MQD3E23              MQEAE29         1786.1396341      0.6027242350867                  nan            0.6054169   -0.002692664913278
          1786.1396341           27.2049794              MQEAE29              MQEAE30          1813.166033      0.4676106959692                  nan            0.4681352  -0.0005245040307826
           1813.166033           27.6731146              MQEAE30             MQTAFOE1         1861.1278611      0.6969613205249                  nan            0.6906639    0.006297420524883
          1861.1278611           28.3637785             MQTAFOE1             MQTAFOE2         1905.3942301      0.4738199528252                  nan            0.4749156   -0.001095647174803
          1905.3942301           28.8386941             MQTAFOE2              MQEAE32         1980.3824571      0.1613399745377                  nan            0.1587991      0.0025408745377
          1980.3824571           29.9974932              MQEAE32              MQD3E29         2065.4852081      0.2185523878913                  nan            0.2227195     -0.0041671121087
          2065.4852081           31.2202127              MQD3E29              MQEAE35         2104.6968698      0.6085352809577                  nan            0.6054169    0.003118380957702
          2104.6968698           31.8256296              MQEAE35              MQR2ORE         2203.8099939      0.3412809490536                  nan            0.3400272    0.001253749053598
          2203.8099939           33.1656568              MQR2ORE              MQDROE5         2288.3421939       0.067209083821                  nan            0.0722261   -0.005017016179002
          2288.3421939           34.2378829              MQDROE5              MQEAE37         2389.8065079      0.5969686093814                  nan            0.5955212      0.0014474093814
          2389.8065079           35.8334041              MQEAE37              MQD3E31          2426.265252      0.5400725562903                  nan            0.5427188   -0.002646243709696
           2426.265252           36.3761229              MQD3E31              MQEAE39         2465.4769137       0.622819935433                  nan            0.6054169       0.017403035433
          2465.4769137           36.9815398              MQEAE39              MQD3E33         2501.9356578      0.5450403461804                  nan            0.5427189    0.002321446180393
          2501.9356578           37.5242587              MQD3E33              MQEAE41         2541.1473195      0.5983093072455                  nan            0.6054169   -0.007107592754492
          2541.1473195           38.1296756              MQEAE41             MQTAOTE1         2616.1355465      0.1499126166436                  nan            0.1587991   -0.008886483356403
          2616.1355465           39.2884747             MQTAOTE1             MQTAOTE2         2660.4019155      0.4763394024935                  nan            0.4749156    0.001423802493504
          2660.4019155           39.7633903             MQTAOTE2              MQEAE44         2735.3901425      0.1684262547801                  nan            0.1587991    0.009627154780097
          2735.3901425           40.9221894              MQEAE44              MQEAE45         2784.0341494       0.678070723876                  nan            0.6800006   -0.001929876124003
          2784.0341494             41.60219              MQEAE45              MQD3E40           2850.27221     0.06858998806839                  nan            0.0735521   -0.004962111931608
            2850.27221           42.6757421              MQD3E40              MQLA2RE         2920.9780873      0.1279509114209                  nan            0.1278497   0.0001012114209113
          2920.9780873           43.8035918              MQLA2RE              MQLB8RE         2942.8131119      0.5039674346399                  nan            0.5017116      0.0022558346399
          2942.8131119           44.3053034              MQLB8RE              MQLB1RE         2960.9918734      0.2232289534205                  nan             0.234258    -0.01102904657948
          2960.9918734           44.5395614              MQLB1RE              MQLC7RE         2989.1433603      0.5228343776423                  nan             0.528155   -0.005320622357725
          2989.1433603           45.0677164              MQLC7RE              MQLC3RE         3003.3799331      0.2259966171977                  nan            0.2217067    0.004289917197701
          3003.3799331           45.2894231              MQLC3RE               MQC2RE         3013.8146988      0.0184474268034                  nan            0.0153077    0.003139726803399
          3013.8146988           45.3047308               MQC2RE               MQC1RE         3015.7846995      0.0211912975928                  nan            0.0210136   0.0001776975928037