@ Measure_optics:version %s "0.2.0"
@ Command %s "/usr/bin/python2 '/home/akoval/work_local/git/Beta-Beat.src/measure_optics.py' '--model' 'model/' '--accel' 'skekb' '--files' 'output/harmonic_output/HER_2019_05_20_18_24_28.sdds' '--output' 'output/phase_output/HER_2019_05_20_18_24_28.sdds/'"
@ CWD %s "/home/akoval/work_local/git/SKEKB_Kmod"
@ Date %s "14. June 2019, 13:53:34"
@ Model_directory %s "model/"
@ TABLE %s "ORBIT"
@ TYPE %s "ORBIT"
@ Q1 %le 0.5447564922682077
@ Q2 %le 0.6121689222775024
@ FILENAME %s "getCOx.out"
*                 NAME                    S                COUNT                    X                 STDX                 XMDL               MUXMDL               DELTAX
$                   %s                  %le                   %d                  %le                  %le                  %le                  %le                  %le
                MQC1LE            0.5300002                    1      -1.276794525638                  nan                  nan            0.2203223                  nan
                MQC2LE            2.2500008                    1   -0.003390489489485                  nan                  nan            0.2410243                  nan
               MQLC3LE           12.9355133                    1      0.4703245376211                  nan                  nan            0.2616968                  nan
               MQLC7LE           27.2720861                    1     -0.7488209954187                  nan                  nan            0.4721468                  nan
               MQLB1LE           55.2235731                    1     -0.5655094121709                  nan                  nan            0.9879476                  nan
               MQLB4LE           77.1787307                    1      0.1155232653945                  nan                  nan            1.3202075                  nan
               MQLA2LE           98.9121927                    1       1.050843675671                  nan                  nan            1.8242478                  nan
               MQLA5LE          119.0986538                    1     -0.1951220640894                  nan                  nan            2.3120774                  nan
                MQD3E1          164.5639584                    1       1.109569263907                  nan                  nan            3.0072166                  nan
                MQEAE4          230.8020191                    1      0.1811030771509                  nan                  nan            4.0807687                  nan
                MQD3E4          270.0136808                    1       0.726124932016                  nan                  nan            4.6861856                  nan
                MQEAE6          306.4724249                    1      0.2380143774572                  nan                  nan            5.2289045                  nan
              MQTATNE1          354.4092937                    1       1.041397971611                  nan                  nan            5.9292318                  nan
              MQTATNE2          397.7476034                    1       1.281256304727                  nan                  nan            6.4015278                  nan
                MQEAE8          472.7108711                    1   -0.001560207476996                  nan                  nan            7.5699902                  nan
                MQD3E8          511.9225329                    1      0.6180569784826                  nan                  nan            8.1754072                  nan
               MQEAE10          548.3812769                    1      0.8809474489867                  nan                  nan             8.718126                  nan
               MQEAE11          597.0252838                    1        1.00908360275                  nan                  nan            9.3981267                  nan
               MQR2NE1          696.7698054                    1      -1.358693793947                  nan                  nan           10.9206195                  nan
               MQFRNE3          753.3246054                    1      -1.519556058904                  nan                  nan           11.5379038                  nan
               MQDRNE5          781.6020054                    1      0.1359254337168                  nan                  nan            11.856421                  nan
               MQEAE13           881.197528                    1      0.4635637004599                  nan                  nan           13.2020923                  nan
               MQD3E12          947.4355886                    1       -1.11342132949                  nan                  nan           14.2756444                  nan
               MQEAE16          983.8943327                    1      0.9028024344266                  nan                  nan           14.8183633                  nan
               MQD3E14         1023.1059944                    1     -0.4622207113128                  nan                  nan           15.4237802                  nan
               MQEAE18         1059.5647385                    1        1.00055039263                  nan                  nan           15.9664991                  nan
              MQTANFE1         1107.5016074                    1       2.156641909055                  nan                  nan           16.6668263                  nan
               MQD3E16         1189.3444407                    1      -0.218683933098                  nan                  nan            17.764866                  nan
               MQEAE20         1225.8031848                    1      0.4666051936101                  nan                  nan           18.3075848                  nan
               MQD3E18         1265.0148465                    1     -0.1282651577208                  nan                  nan           18.9130018                  nan
               MQEAE22         1301.4735906                    1      0.9058235947622                  nan                  nan           19.4557206                  nan
               MQEAE23         1350.1175975                    1       1.647405236568                  nan                  nan           20.1357212                  nan
                 MQI6E         1404.3012987                    1     0.08930824025251                  nan                  nan             21.14351                  nan
                 MQI5E         1418.7440064                    1     -0.1134407131544                  nan                  nan           21.2614628                  nan
                 MQI4E         1424.1361014                    1     -0.3467545549525                  nan                  nan           21.2754895                  nan
                MQX2RE         1494.6206604                    1     -0.6139352156713                  nan                  nan           22.6372352                  nan
                 MQM2E         1564.3492168                    1     -0.3198445729818                  nan                  nan           23.6951094                  nan
                 MQM7E         1608.8759522                    1      0.2637518584205                  nan                  nan           24.4296714                  nan
               MQEAE25         1634.7988225                    1      -17.33423176946                  nan                  nan           24.9087078                  nan
               MQD3E21         1671.2575666                    1        1.06127901976                  nan                  nan           25.4514267                  nan
               MQEAE27         1710.4692283                    1       0.736664449619                  nan                  nan           26.0568436                  nan
               MQD3E23         1746.9279724                    1      0.6881610932207                  nan                  nan           26.5995625                  nan
               MQEAE29         1786.1396341                    1       1.111119932206                  nan                  nan           27.2049794                  nan
               MQEAE30          1813.166033                    1     -0.2501397262772                  nan                  nan           27.6731146                  nan
              MQTAFOE1         1861.1278611                    1       1.683561778108                  nan                  nan           28.3637785                  nan
              MQTAFOE2         1905.3942301                    1    -0.06424573889975                  nan                  nan           28.8386941                  nan
               MQEAE32         1980.3824571                    1       1.114525482091                  nan                  nan           29.9974932                  nan
               MQD3E29         2065.4852081                    1      0.4658213927038                  nan                  nan           31.2202127                  nan
               MQEAE35         2104.6968698                    1      0.7577638384287                  nan                  nan           31.8256296                  nan
               MQR2ORE         2203.8099939                    1     -0.6165331834371                  nan                  nan           33.1656568                  nan
               MQDROE5         2288.3421939                    1      0.6266547863182                  nan                  nan           34.2378829                  nan
               MQEAE37         2389.8065079                    1     -0.1474279074683                  nan                  nan           35.8334041                  nan
               MQD3E31          2426.265252                    1       13.60141193052                  nan                  nan           36.3761229                  nan
               MQEAE39         2465.4769137                    1      0.2520351125905                  nan                  nan           36.9815398                  nan
               MQD3E33         2501.9356578                    1      0.5606727468687                  nan                  nan           37.5242587                  nan
               MQEAE41         2541.1473195                    1      0.3667066258402                  nan                  nan           38.1296756                  nan
              MQTAOTE1         2616.1355465                    1        1.02721325739                  nan                  nan           39.2884747                  nan
              MQTAOTE2         2660.4019155                    1      0.9965354907923                  nan                  nan           39.7633903                  nan
               MQEAE44         2735.3901425                    1       1.523766235193                  nan                  nan           40.9221894                  nan
               MQEAE45         2784.0341494                    1       1.310404750725                  nan                  nan             41.60219                  nan
               MQD3E40           2850.27221                    1      0.9688544866546                  nan                  nan           42.6757421                  nan
               MQLA2RE         2920.9780873                    1     -0.1953097773697                  nan                  nan           43.8035918                  nan
               MQLB8RE         2942.8131119                    1      -1.826634316007                  nan                  nan           44.3053034                  nan
               MQLB1RE         2960.9918734                    1     -0.5072584686785                  nan                  nan           44.5395614                  nan
               MQLC7RE         2989.1433603                    1      0.7302830928045                  nan                  nan           45.0677164                  nan
               MQLC3RE         3003.3799331                    1      -1.564010300425                  nan                  nan           45.2894231                  nan
                MQC2RE         3013.8146988                    1      -2.207587754102                  nan                  nan           45.3047308                  nan
                MQC1RE         3015.7846995                    1      -1.022914238244                  nan                  nan           45.3257444                  nan