@ ErrorsFrom: %s "Analytical N-BPM method"
@ RCond %le 1e-10
@ RangeOfBPMs %d 11
@ Measure_optics:version %s "0.2.0"
@ FILENAME %s "getbetax.out"
@ Model_directory %s "model/"
@ CALCULATION_TIME %s "1.30 s"
@ Command %s "/usr/bin/python2 '/home/akoval/work_local/git/Beta-Beat.src/measure_optics.py' '--model' 'model/' '--accel' 'skekb' '--files' 'output/harmonic_output/HER_2019_05_20_18_25_10.sdds' '--output' 'output/phase_output/HER_2019_05_20_18_25_10.sdds/'"
@ RMS_BETABEAT %s "54.285 %"
@ Date %s "14. June 2019, 13:54:30"
@ BetaAlgorithmVersion %s "2018.7.a"
@ CWD %s "/home/akoval/work_local/git/SKEKB_Kmod"
*                 NAME                    S              BETXMDL              ALFXMDL                 BETX             STATBETX              SYSBETX              ERRBETX                 ALFX             STATALFX              SYSALFX              ERRALFX                 CORR                NCOMB               BBEATX            DELTABETX
$                   %s                  %le                  %le                  %le                  %le                  %le                  %le                  %le                  %le                  %le                  %le                  %le                  %le                   %d                  %le                  %le
                MQC1LE            0.5300002            2.9087358           -5.2990847       3.677892187081                    0                    0       3.788119521761      -6.682502004078                    0                    0       13.96462782803                    0                   42      0.2644297866725      0.2644297866725
                MQC2LE            2.2500008          142.9688048         -106.7116067       206.7721028157                    0                    0       202.5031522066      -155.5221184399                    0                    0       300.9923931178                    0                   34      0.4462742631508      0.4462742631508
               MQLC3LE           12.9355133           26.9933253            1.1608736         37.863425913                    0                    0       44.06079148316       1.545031020436                    0                    0       4.832716287569                    0                   25      0.4026958698935      0.4026958698935
               MQLC7LE           27.2720861            9.3764221           -1.0647787       9.623253706679                    0                    0       14.56649537724      -0.926803265396                    0                    0       4.317307344434                    0                   42     0.02632471149937     0.02632471149937
               MQLB1LE           55.2235731           12.5617527           -1.9840866       15.15757267404                    0                    0       15.78700889316       -2.28717918093                    0                    0       5.534726998737                    0                   33      0.2066447283296      0.2066447283296
               MQLB4LE           77.1787307           35.3516866            4.2598365       37.63173010623                    0                    0       32.36839707869       4.524655464666                    0                    0        7.79757852033                    0                   28     0.06449603188749     0.06449603188749
               MQLA2LE           98.9121927           36.8830728           -6.1504106        36.6164448584                    0                    0       32.69460494341      -6.303208860986                    0                    0       10.64182132185                    0                   28   -0.007229005648306   -0.007229005648306
               MQLA5LE          119.0986538           10.0415612           -3.1555304       8.847044903366                    0                    0       9.472450771037       -2.94953131836                    0                    0       5.684015967121                    0                   28     -0.1189572291442     -0.1189572291442
                MQD3E1          164.5639584            7.4403317            0.2028379       9.788204609733                    0                    0       7.212780155293      0.2922979564835                    0                    0      0.9999020524552                    0                   36      0.3155602470967      0.3155602470967
                MQEAE4          230.8020191           48.5050151           -5.6463304       59.33547614601                    0                    0       44.01186006863      -6.686368868366                    0                    0       10.29598260831                    0                   36      0.2232853865457      0.2232853865457
                MQD3E4          270.0136808            7.4403317           -0.2028379       6.590042497301                    0                    0       6.239750408005    0.009419519768776                    0                    0       1.039633093727                    0                   35     -0.1142810881266     -0.1142810881266
                MQEAE6          306.4724249           48.5050151           -5.6463304       40.69076777965                    0                    0       43.00353162842      -4.638902863827                    0                    0       10.00656959743                    0                   34     -0.1611018428556     -0.1611018428556
              MQTATNE1          354.4092937           45.9537751            4.4063204       53.04012764463                    0                    0        44.2402592318       4.928286744343                    0                    0       8.467563166122                    0                   43      0.1542061023107      0.1542061023107
              MQTATNE2          397.7476034           45.9537751           -4.4063204       49.99764593799                    0                    0       46.68595545704      -4.979029579579                    0                    0       9.005505855425                    0                   34     0.08799866450985     0.08799866450985
                MQEAE8          472.7108711           48.5050151           -5.6463304       55.12003988954                    0                    0       36.76211815704      -6.374930168554                    0                    0       8.678127587957                    0                   35      0.1363781616376      0.1363781616376
                MQD3E8          511.9225329            7.4403317           -0.2028379       7.478672644158                    0                    0       8.183894426171     -0.1059358993019                    0                    0      0.9564122995274                    0                   36    0.005153122966024    0.005153122966024
               MQEAE10          548.3812769           48.5050151           -5.6463304       45.49192871851                    0                    0        49.0150714129      -5.225750780472                    0                    0       11.10223130221                    0                   28    -0.06211906903399    -0.06211906903399
               MQEAE11          597.0252838           48.5050151            5.6463304       48.70801489449                    0                    0       48.29571787187       5.601671831029                    0                    0       11.04411637882                    0                   36    0.004185130013388    0.004185130013388
               MQR2NE1          696.7698054           28.8232835            1.9137339        29.6068884121                    0                    0       26.81957171461        1.90207745348                    0                    0       3.474886000652                    0                   45     0.02718652481433     0.02718652481433
               MQFRNE3          753.3246054           28.8233021            1.9137359       30.36569962521                    0                    0       23.50978321488       2.005745630275                    0                    0       3.152281419172                    0                   44     0.05351217288923     0.05351217288923
               MQDRNE5          781.6020054            8.5241331            -0.615502       8.348676277106                    0                    0       6.991734343044     -0.6598540318524                    0                    0       1.797201129187                    0                   44    -0.02058353862335    -0.02058353862335
               MQEAE13           881.197528           48.5050151            5.6463304       44.96127118525                    0                    0       51.24620256822        5.22545111953                    0                    0       12.30817906428                    0                   28    -0.07305933020421    -0.07305933020421
               MQD3E12          947.4355886            7.4403317           -0.2028379     -0.2389552473741                    0                    0       6.811973548678     -0.5556866908077                    0                    0       1.160871020094                    0                   32      -1.032116208928      -1.032116208928
               MQEAE16          983.8943327           48.5050151           -5.6463304       40.37959135924                    0                    0       48.58876695549      -4.774291301043                    0                    0       10.72558016197                    0                   22     -0.1675171881507     -0.1675171881507
               MQD3E14         1023.1059944            7.4403317           -0.2028379       5.259539585373                    0                    0       7.324943235233      0.4198383945054                    0                    0       1.447328479013                    0                   25     -0.2931041521478     -0.2931041521478
               MQEAE18         1059.5647385           48.5050151           -5.6463304       34.48221772969                    0                    0       52.19777460792      -3.209815897496                    0                    0       12.66666229174                    0                   28     -0.2890999485599     -0.2890999485599
              MQTANFE1         1107.5016074           45.9537751            4.4063204      -51.66543963158                    0                    0       56.04404943121      -2.155264309774                    0                    0       12.96644701745                    0                   15      -2.124291519449      -2.124291519449
               MQD3E16         1189.3444407            7.4403317           -0.2028379       25.58385261308                    0                    0        6.56995291347       -4.04497811055                    0                    0       1.259506259245                    0                   17       2.438536565927       2.438536565927
               MQEAE20         1225.8031848           48.5050151           -5.6463304       54.10041428835                    0                    0       42.67336653194      -6.357547658467                    0                    0       9.702712848758                    0                   19      0.1153571270273      0.1153571270273
               MQD3E18         1265.0148465            7.4403317           -0.2028379       25.98285034387                    0                    0       7.475018989256      0.2031459410745                    0                    0       1.240138299221                    0                   31       2.492162902344       2.492162902344
               MQEAE22         1301.4735906           48.5050151           -5.6463304       70.96571996459                    0                    0       45.67843779167      -7.777851741781                    0                    0         10.673220567                    0                   32      0.4630594345406      0.4630594345406
               MQEAE23         1350.1175975           48.5050151            5.6463304       35.41251772096                    0                    0       46.83723536619        4.14094666324                    0                    0       11.33931096679                    0                   23     -0.2699204886763     -0.2699204886763
                 MQI6E         1404.3012987           12.5196316           -1.2996081       9.387809604879                    0                    0       11.65501090696     -0.9229905889757                    0                    0       2.413079595384                    0                   26     -0.2501528874956     -0.2501528874956
                 MQI5E         1418.7440064           36.6707357           -4.5163713       35.88962052168                    0                    0       28.77946833496      -4.561293473572                    0                    0       6.914717967204                    0                   44    -0.02130077740221    -0.02130077740221
                 MQI4E         1424.1361014          102.3414091           -7.6626934       100.4006786683                    0                    0       75.49063354121      -7.658520640035                    0                    0       11.09364005129                    0                   43    -0.01896329597939    -0.01896329597939
                MQX2RE         1494.6206604            79.143814            6.9773227       73.18666499655                    0                    0       77.18547403987       6.485483043063                    0                    0       13.25859487207                    0                   27     -0.0752699257513     -0.0752699257513
                 MQM2E         1564.3492168           29.3408767           -0.5146595       28.68607672194                    0                    0       27.92182411362     -0.4377732372413                    0                    0       1.490754508476                    0                   45    -0.02231698748323    -0.02231698748323
                 MQM7E         1608.8759522            5.5669757            0.5811089       6.013031794196                    0                    0       5.725418030598      0.6338159648519                    0                    0       1.473435748548                    0                   45     0.08012538912219     0.08012538912219
               MQEAE25         1634.7988225           48.5050151            5.6463304       52.00188429649                    0                    0       49.34075419519       6.068688188112                    0                    0       11.03155437122                    0                   45     0.07209294109646     0.07209294109646
               MQD3E21         1671.2575666            7.4403317            0.2028379       8.643413334416                    0                    0       7.457300301432      0.2589578277323                    0                    0       1.089433956543                    0                   45      0.1616973117496      0.1616973117496
               MQEAE27         1710.4692283           48.5050151            5.6463304       51.34707481336                    0                    0       36.38149964127       6.073049002689                    0                    0       8.361659575156                    0                   45     0.05859311057838     0.05859311057838
               MQD3E23         1746.9279724            7.4403317            0.2028379       7.837951394747                    0                    0       6.503147123372      0.3114500393329                    0                    0       0.983151853923                    0                   45     0.05344112477495     0.05344112477495
               MQEAE29         1786.1396341           48.5050151            5.6463304       44.69348108267                    0                    0       45.97970869548       5.272074814178                    0                    0       10.84122167232                    0                   45    -0.07858020473694    -0.07858020473694
               MQEAE30          1813.166033           48.5050151           -5.6463304       45.16933414797                    0                    0       43.77540018611      -5.130336819079                    0                    0       10.10590466135                    0                   45    -0.06876981576346    -0.06876981576346
              MQTAFOE1         1861.1278611           48.1181067            4.8487187        50.2930950102                    0                    0       43.26316550759       4.910045555784                    0                    0       8.558924445822                    0                   44     0.04520103676895     0.04520103676895
              MQTAFOE2         1905.3942301           48.1181067           -4.8487187       45.36440429582                    0                    0       44.28456726549      -4.678431154925                    0                    0       9.349827893173                    0                   44    -0.05722798740504    -0.05722798740504
               MQEAE32         1980.3824571           48.5050151           -5.6463304       54.64890980889                    0                    0       40.02104162258      -6.487375759599                    0                    0       9.268054436615                    0                   43      0.1266651437221      0.1266651437221
               MQD3E29         2065.4852081            7.4403317            0.2028379       7.909440473194                    0                    0       7.589374205322      0.3581373244446                    0                    0       1.837923550261                    0                   42     0.06304944350724     0.06304944350724
               MQEAE35         2104.6968698           48.5050151            5.6463304       45.09516128134                    0                    0       41.67778960532       5.248791617583                    0                    0       9.561290238857                    0                   33     -0.0702989950962     -0.0702989950962
               MQR2ORE         2203.8099939           34.8057218           -3.3658129       44.70406757538                    0                    0       29.09145071744       -4.30523099315                    0                    0       5.471865873822                    0                   42      0.2843884644099      0.2843884644099
               MQDROE5         2288.3421939            6.9657018            0.6768551       8.530991010997                    0                    0       6.049332394287       1.004479713493                    0                    0       1.644927518419                    0                   43      0.2247137841872      0.2247137841872
               MQEAE37         2389.8065079           48.5050151            5.6463304       47.98588730132                    0                    0       41.92791332552       5.778085372517                    0                    0       9.609329119263                    0                   35    -0.01070255926334    -0.01070255926334
               MQD3E31          2426.265252            7.4403317            0.2028379       8.046589123587                    0                    0       6.296549823286      0.5659407154081                    0                    0       1.065752663189                    0                   44      0.0814825800827      0.0814825800827
               MQEAE39         2465.4769137           48.5050151            5.6463304       43.35093351174                    0                    0       43.52052155033       4.843733745666                    0                    0       9.831987517433                    0                   44     -0.1062587358779     -0.1062587358779
               MQD3E33         2501.9356578            7.4403317            0.2028379       7.423455075744                    0                    0       6.477599439988    -0.05460369991611                    0                    0      0.9796308205073                    0                   45   -0.002268262348596   -0.002268262348596
               MQEAE41         2541.1473195           48.5050151            5.6463304        59.5981556279                    0                    0       41.58789994532       6.835638169186                    0                    0       9.828705732618                    0                   45      0.2287008983509      0.2287008983509
              MQTAOTE1         2616.1355465           48.1181067            4.8487187       62.74165529306                    0                    0       43.43945038147        6.52776603647                    0                    0       8.731156740542                    0                   45      0.3039094759948      0.3039094759948
              MQTAOTE2         2660.4019155           48.1181067           -4.8487187       62.04871205947                    0                    0       42.54024820613      -6.090138671752                    0                    0        8.63126687051                    0                   44      0.2895085928116      0.2895085928116
               MQEAE44         2735.3901425           48.5050151           -5.6463304       45.89725939767                    0                    0       36.90743944182      -5.448067399258                    0                    0       8.609275895708                    0                   45    -0.05376259953641    -0.05376259953641
               MQEAE45         2784.0341494           48.5050151            5.6463304       53.30450972523                    0                    0       49.59779153626       6.174243996297                    0                    0       11.97197558077                    0                   36     0.09894842039192     0.09894842039192
               MQD3E40           2850.27221            7.4403317           -0.2028379       9.455349954548                    0                    0       5.558600301453     -0.5228903929275                    0                    0       1.262043817131                    0                   44      0.2708237126777      0.2708237126777
               MQLA2RE         2920.9780873           78.5903189           -3.1552007       92.09414772857                    0                    0        98.8791662484      -3.416446667003                    0                    0       8.231492508702                    0                   21      0.1718256016464      0.1718256016464
               MQLB8RE         2942.8131119           78.6738756            3.0596957       79.41383369596                    0                    0       99.06827635226        3.04158047202                    0                    0       7.528815091151                    0                   21    0.009405385082673    0.009405385082673
               MQLB1RE         2960.9918734            6.3964764            0.1355252       6.312018627492                    0                    0       7.554207070535     0.07084182254742                    0                    0       0.826256591198                    0                   42    -0.01320379646954    -0.01320379646954
               MQLC7RE         2989.1433603            5.1390694            0.9907191       5.935512564879                    0                    0       9.492142288841      0.7837956675584                    0                    0       4.229980382664                    0                   33      0.1549780909514      0.1549780909514
               MQLC3RE         3003.3799331           34.9614517           -2.6137639       36.82311319828                    0                    0       63.25890628959      -2.629466852425                    0                    0       10.07997624204                    0                   17     0.05324897587938     0.05324897587938
                MQC2RE         3013.8146988          190.7130202          118.3642996       308.5716011648                    0                    0       527.2170013064       193.6470090748                    0                    0       652.1556711855                    0                   15      0.6179891694924      0.6179891694924
                MQC1RE         3015.7846995            2.9087304            5.2990527         3.0785978564                    0                    0       5.073363409237       5.477036944211                    0                    0       19.18325404358                    0                   34     0.05839917525522     0.05839917525522