@ Measure_optics:version %s "0.2.0"
@ Command %s "/usr/bin/python2 '/home/akoval/work_local/git/Beta-Beat.src/measure_optics.py' '--model' 'model/' '--accel' 'skekb' '--files' 'output/harmonic_output/HER_2019_05_20_18_25_10.sdds' '--output' 'output/phase_output/HER_2019_05_20_18_25_10.sdds/'"
@ CWD %s "/home/akoval/work_local/git/SKEKB_Kmod"
@ Date %s "14. June 2019, 13:54:30"
@ Model_directory %s "model/"
@ Q1 %le 0.5448470705451594
@ Q2 %le 0.6122711524306976
@ FILENAME %s "getphasetoty.out"
*                    S               MUYMDL                 NAME                NAME2                   S2               PHASEY               STDPHY               PHYMDL          DELTAPHASEY
$                  %le                  %le                   %s                   %s                  %le                  %le                  %le                  %le                  %le
             0.5300002            0.2490992               MQC1LE               MQC1LE            0.5300002                    0                  nan                    0                    0
             2.2500008            0.2499778               MQC2LE               MQC1LE            0.5300002      0.9907484002891                  nan            0.0008786     -0.0101301997109
            12.9355133            0.2953789              MQLC3LE               MQC1LE            0.5300002      0.1010317937834                  nan            0.0462797      0.0547520937834
            27.2720861            0.7492946              MQLC7LE               MQC1LE            0.5300002      0.5064708766608                  nan            0.5001954     0.00627547666079
            55.2235731            1.2500394              MQLB1LE               MQC1LE            0.5300002      0.0003167961465                  nan   0.0009401999999998  -0.0006234038534998
           119.0986538              2.94926              MQLA5LE               MQC1LE            0.5300002      0.7419902692647                  nan            0.7001608      0.0418294692647
           164.5639584            3.4064553               MQD3E1               MQC1LE            0.5300002      0.2388354462483                  nan            0.1573561      0.0814793462483
           270.0136808            5.0411482               MQD3E4               MQC1LE            0.5300002      0.7772995422414                  nan             0.792049     -0.0147494577586
           354.4092937            6.2268103             MQTATNE1               MQC1LE            0.5300002      0.9042135696086                  nan            0.9777111     -0.0734975303914
           472.7108711            7.7060253               MQEAE8               MQC1LE            0.5300002      0.4442974198023                  nan            0.4569261     -0.0126286801977
           511.9225329            8.3656416               MQD3E8               MQC1LE            0.5300002      0.1238962878312                  nan            0.1165424      0.0073538878312
           597.0252838            9.6370935              MQEAE11               MQC1LE            0.5300002      0.3653248025745                  nan            0.3879943     -0.0226694974255
           753.3246054           11.4337841              MQFRNE3               MQC1LE            0.5300002      0.1548918883022                  nan            0.1846849     -0.0297930116978
            881.197528           12.8899378              MQEAE13               MQC1LE            0.5300002      0.6026224812169                  nan            0.6408386    -0.03821611878314
           947.4355886           13.8650143              MQD3E12               MQC1LE            0.5300002       0.581679417326                  nan            0.6159151    -0.03423568267403
           983.8943327           14.3286622              MQEAE16               MQC1LE            0.5300002      0.0270796699815                  nan             0.079563     -0.0524833300185
          1023.1059944           14.9882786              MQD3E14               MQC1LE            0.5300002      0.7893812219012                  nan            0.7391794      0.0502018219012
          1059.5647385           15.4519265              MQEAE18               MQC1LE            0.5300002      0.0062650701446                  nan            0.2028273     -0.1965622298554
          1107.5016074           16.1739407             MQTANFE1               MQC1LE            0.5300002      0.8248110519779                  nan            0.9248415     -0.1000304480221
          1189.3444407           17.1895078              MQD3E16               MQC1LE            0.5300002      0.8966237654794                  nan            0.9404086     -0.0437848345206
          1265.0148465            18.312772              MQD3E18               MQC1LE            0.5300002      0.0676227128801                  nan            0.0636728    0.003949912880101
          1301.4735906           18.7764199              MQEAE22               MQC1LE            0.5300002      0.7004457172041                  nan            0.5273207      0.1731250172041
          1350.1175975           19.5842239              MQEAE23               MQC1LE            0.5300002      0.4213132530847                  nan            0.3351247      0.0861885530847
          1404.3012987           20.2018289                MQI6E               MQC1LE            0.5300002      0.9358320183784                  nan            0.9527297     -0.0168976816216
          1418.7440064           20.2546404                MQI5E               MQC1LE            0.5300002      0.0275623741674                  nan            0.0055412      0.0220211741674
          1424.1361014           20.2734103                MQI4E               MQC1LE            0.5300002       0.021583750536                  nan            0.0243111   -0.002727349463998
          1494.6206604           21.2341795               MQX2RE               MQC1LE            0.5300002      0.9056275551845                  nan            0.9850803     -0.0794527448155
          1564.3492168           22.0286912                MQM2E               MQC1LE            0.5300002      0.8079640112522                  nan             0.779592      0.0283720112522
          1671.2575666           23.4501631              MQD3E21               MQC1LE            0.5300002      0.1568167127381                  nan            0.2010639     -0.0442471872619
          1710.4692283           24.1097794              MQEAE27               MQC1LE            0.5300002      0.8811918425763                  nan            0.8606802      0.0205116425763
          1746.9279724           24.5734273              MQD3E23               MQC1LE            0.5300002      0.3721918795203                  nan            0.3243281      0.0478637795203
           1813.166033           25.5485039              MQEAE30               MQC1LE            0.5300002       0.230581467613                  nan            0.2994047      -0.068823232387
          1980.3824571           27.7624294              MQEAE32               MQC1LE            0.5300002      0.5337664768105                  nan            0.5133302     0.02043627681048
          2065.4852081           29.0338813              MQD3E29               MQC1LE            0.5300002      0.7904444611685                  nan            0.7847821    0.005662361168499
          2501.9356578           34.9378656              MQD3E33               MQC1LE            0.5300002      0.7268815351629                  nan            0.6887664      0.0381151351629
          2616.1355465             36.64627             MQTAOTE1               MQC1LE            0.5300002      0.4484660198016                  nan            0.3971708      0.0512952198016
          2660.4019155           37.0780795             MQTAOTE2               MQC1LE            0.5300002      0.8286962754413                  nan            0.8289803  -0.0002840245586977
          2735.3901425           38.1268676              MQEAE44               MQC1LE            0.5300002      0.9520604491445                  nan            0.8777684     0.07429204914451
          2784.0341494           38.9346716              MQEAE45               MQC1LE            0.5300002      0.5967760193329                  nan            0.6855724    -0.08879638066711
            2850.27221           39.9097482              MQD3E40               MQC1LE            0.5300002      0.3965567235464                  nan             0.660649     -0.2640922764536
          2920.9780873           41.0885679              MQLA2RE               MQC1LE            0.5300002        0.71235231898                  nan            0.8394687       -0.12711638102
          2960.9918734           42.3540933              MQLB1RE               MQC1LE            0.5300002      0.1005753093239                  nan            0.1049941   -0.004418790676099
          2989.1433603            42.854773              MQLC7RE               MQC1LE            0.5300002       0.330515568518                  nan            0.6056738      -0.275158231482
          3003.3799331           43.3284036              MQLC3RE               MQC1LE            0.5300002       0.841748612571                  nan            0.0793044      -0.237555787429
          3013.8146988           43.3540103               MQC2RE               MQC1LE            0.5300002      0.1005040536193                  nan            0.1049111   -0.004407046380695
          3015.7846995           43.3550008               MQC1RE               MQC1LE            0.5300002      0.8587725356194                  nan            0.1059016     -0.2471290643806