@ Measure_optics:version %s "0.2.0"
@ Command %s "/usr/bin/python2 '/home/akoval/work_local/git/Beta-Beat.src/measure_optics.py' '--model' 'model/' '--accel' 'skekb' '--files' 'output/harmonic_output/HER_2019_05_20_18_28_32.sdds' '--output' 'output/phase_output/HER_2019_05_20_18_28_32.sdds/'"
@ CWD %s "/home/akoval/work_local/git/SKEKB_Kmod"
@ Date %s "14. June 2019, 13:56:43"
@ Model_directory %s "model/"
@ Q1 %le 0.5436733439516476
@ Q2 %le 0.6111203238554305
@ RMSbetabeat %le 1.3277133399139671
@ RescalingFactor %le 0.46633181136713053
@ FILENAME %s "getampbetay.out"
*                 NAME                    S                COUNT                 BETY              BETYSTD              BETYMDL               MUYMDL            DELTABETY              BETYRES           BETYSTDRES
$                   %s                  %le                   %d                  %le                  %le                  %le                  %le                  %le                  %le                  %le
                MQC1LE            0.5300002                    1       1.567879420996                    0           93.6285972            0.2490992     -0.9832542677357      0.7311520503985                    0
                MQC2LE            2.2500008                    1       5.273820086734                    0          291.1407337            0.2499778     -0.9818856673894       2.459350073871                    0
               MQLC3LE           12.9355133                    1       12.74942219687                    0            7.6774363            0.2953789      0.6606353603839       5.945461146953                    0
               MQLC7LE           27.2720861                    1      0.9206446840958                    0          227.9670433            0.7492946     -0.9959615009662      0.4293259031599                    0
               MQLB1LE           55.2235731                    1          50.20995914                    0          227.9626232            1.2500394     -0.7797447737915       23.41450119443                    0
               MQLB4LE           77.1787307                    1       11.64938409687                    0           18.1118897            1.9465966     -0.3568101236353       5.432478387207                    0
               MQLA2LE           98.9121927                    1       3.898396318058                    0           17.1404258            2.4533248     -0.7725612908602       1.817946216427                    0
               MQLA5LE          119.0986538                    1       5.921535436439                    0          234.1217208              2.94926     -0.9747074495429       2.761400346149                    0
                MQD3E1          164.5639584                    1       16.93705664734                    0           20.9498176            3.4064553     -0.1915415699208       7.898288305582                    0
                MQEAE4          230.8020191                    1      0.4895347752179                    0            7.6858431            4.3815318      -0.936306951775      0.2282856384546                    0
                MQD3E4          270.0136808                    1       9.568652780322                    0           20.9498176            5.0411482     -0.5432584205257        4.46216718339                    0
                MQEAE6          306.4724249                    1       45.63474581957                    0            7.6858431            5.5047961       4.937506819463       21.28093367932                    0
              MQTATNE1          354.4092937                    1       11.43792921586                    0           14.5078121            6.2268103     -0.2116020570833       5.333870249522                    0
              MQTATNE2          397.7476034                    1       1.817599470073                    0           14.5078121            6.6685508     -0.8747158112095      0.8476044532193                    0
                MQEAE8          472.7108711                    1       1.170006839502                    0            7.6858431            7.7060253     -0.8477711782196      0.5456114087771                    0
                MQD3E8          511.9225329                    1       8.711465606481                    0           20.9498176            8.3656416     -0.5841746323137       4.062433535933                    0
               MQEAE10          548.3812769                    1       4.817245245724                    0            7.6858431            8.8292895      -0.373231383591       2.246434701238                    0
               MQEAE11          597.0252838                    1       7.197535595892                    0            7.6858431            9.6370935    -0.06353336878655       3.356439811812                    0
               MQR2NE1          696.7698054                    1       2.507283152284                    0            9.2517301             10.85891     -0.7289930504691       1.169225894015                    0
               MQFRNE3          753.3246054                    1       17.88219149023                    0            9.2517568           11.4337841      0.9328427969739       8.339034748855                    0
               MQDRNE5          781.6020054                    1       35.42275664648                    0           30.1970047           11.7122452      0.1730553079153       16.51875827057                    0
               MQEAE13           881.197528                    1       15.97265509268                    0            7.6858431           12.8899378       1.078191668092       7.448557181713                    0
               MQD3E12          947.4355886                    1       7.219858693012                    0           20.9498176           13.8650143     -0.6553736728948       3.366849782127                    0
               MQEAE16          983.8943327                    1       13.83218604024                    0            7.6858431           14.3286622      0.7996966448931       6.450388371314                    0
               MQD3E14         1023.1059944                    1       5.042962008772                    0           20.9498176           14.9882786     -0.7592837271876       2.351693608206                    0
               MQEAE18         1059.5647385                    1       9.886870258608                    0            7.6858431           15.4519265      0.2863741986365       4.610562116449                    0
              MQTANFE1         1107.5016074                    1        10.0159909656                    0           14.5078121           16.1739407     -0.3096139585653       4.670775209624                    0
               MQD3E16         1189.3444407                    1       8.734458079851                    0           20.9498176           17.1895078     -0.5830771299961       4.073155657687                    0
               MQEAE20         1225.8031848                    1       4.277970904155                    0            7.6858431           17.6531557     -0.4433960141399       1.994953920711                    0
               MQD3E18         1265.0148465                    1       5.107102227331                    0           20.9498176            18.312772     -0.7562221149204       2.381604232508                    0
               MQEAE22         1301.4735906                    1        9.68538621828                    0            7.6858431           18.7764199      0.2601592424232       4.516603698961                    0
               MQEAE23         1350.1175975                    1       19.45190175213                    0            7.6858431           19.5842239       1.530874166834       9.071040578605                    0
                 MQI6E         1404.3012987                    1        29.7092193371                    0           27.8083512           20.2018289     0.06835601734986       13.85435406777                    0
                 MQI5E         1418.7440064                    1       5.353275464159                    0           69.7334913           20.2546404     -0.9232323613179       2.496402643948                    0
                 MQI4E         1424.1361014                    1       16.08960581936                    0           30.1163345           20.2734103     -0.4657515236669       7.503095025927                    0
                MQX2RE         1494.6206604                    1       16.96694311928                    0           22.2827608           21.2341795      -0.238561896725       7.912225318178                    0
                 MQM2E         1564.3492168                    1       10.71232000107                    0           28.5508884           22.0286912     -0.6247990657598       4.995495590043                    0
                 MQM7E         1608.8759522                    1       10.24078684115                    0           35.6097046           22.6624348     -0.7124158440464       4.775604677458                    0
               MQEAE25         1634.7988225                    1         51.846516006                    0            7.6858431           22.9865152       5.745716160404       24.17767972215                    0
               MQD3E21         1671.2575666                    1         11.792315756                    0           20.9498176           23.4501631     -0.4371160655832       5.499131966709                    0
               MQEAE27         1710.4692283                    1       19.00392651499                    0            7.6858431           24.1097794       1.472588402824       8.862135474821                    0
               MQD3E23         1746.9279724                    1       2.138275920482                    0           20.9498176           24.5734273     -0.8979334349678      0.9971460832012                    0
               MQEAE29         1786.1396341                    1      0.4917000411135                    0            7.6858431           25.2330437     -0.9360252304508      0.2292953708218                    0
               MQEAE30          1813.166033                    1       15.73235762336                    0            7.6858431           25.5485039       1.046926722114       7.336498827579                    0
              MQTAFOE1         1861.1278611                    1       4.499848767926                    0           13.8843623           26.2818318     -0.6759052615671       2.098422626825                    0
              MQTAFOE2         1905.3942301                    1       5.985443963444                    0           13.8843623           26.7136413     -0.5689075353901       2.791202925309                    0
               MQEAE32         1980.3824571                    1       9.148489914023                    0            7.6858431           27.7624294      0.1903040167478        4.26623187288                    0
               MQD3E29         2065.4852081                    1       6.104730699434                    0           20.9498176           29.0338813     -0.7086022028452       2.846830124976                    0
               MQEAE35         2104.6968698                    1       26.11205024012                    0            7.6858431           29.6934976       2.397421714231       12.17687968698                    0
               MQR2ORE         2203.8099939                    1       10.50019704075                    0            4.7479218           30.8555494         1.2115353797       4.896575905724                    0
               MQDROE5         2288.3421939                    1       2.961049587719                    0           29.3993215           32.0959819     -0.8992817032284       1.380831617789                    0
               MQEAE37         2389.8065079                    1       21.85082524958                    0            7.6858431           33.3509534       1.842996528199        10.1897349185                    0
               MQD3E31          2426.265252                    1       77.86912443586                    0           20.9498176           33.8146013       2.716935675653       36.31284984775                    0
               MQEAE39         2465.4769137                    1       15.20882315271                    0            7.6858431           34.4742177      0.9788099958365       7.092358049566                    0
               MQD3E33         2501.9356578                    1       6.961091131029                    0           20.9498176           34.9378656     -0.6677254540379       3.246178236225                    0
               MQEAE41         2541.1473195                    1      0.8502884854515                    0            7.6858431           35.5974819     -0.8893695233706      0.3965165696052                    0
              MQTAOTE1         2616.1355465                    1       10.85346832988                    0           13.8843623             36.64627      -0.218295511499       5.061317545891                    0
              MQTAOTE2         2660.4019155                    1       4.500878787214                    0           13.8843623           37.0780795     -0.6758310760002       2.098902957585                    0
               MQEAE44         2735.3901425                    1       1.652412608847                    0            7.6858431           38.1268676     -0.7850056802685      0.7705725650097                    0
               MQEAE45         2784.0341494                    1       4.319778909033                    0            7.6858431           38.9346716     -0.4379564020721       2.014450323355                    0
               MQD3E40           2850.27221                    1       9.283272863403                    0           20.9498176           39.9097482     -0.5568804922004       4.329085449806                    0
               MQLA2RE         2920.9780873                    1       18.00479305304                    0            4.4997139           41.0885679       3.001319517901       8.396207757714                    0
               MQLB1RE         2960.9918734                    1       17.45075652031                    0          263.1461398           42.3540933     -0.9336841629766       8.137842897844                    0
               MQLC7RE         2989.1433603                    1       21.11864967551                    0          263.1507975            42.854773     -0.9197469668489       9.848298156811                    0
               MQLC3RE         3003.3799331                    1       10.61697103385                    0           25.6036831           43.3284036     -0.5853342274085       4.951031333448                    0
                MQC2RE         3013.8146988                    1       17.88374760067                    0          263.7467378           43.3540103     -0.9321934832262       8.339760412654                    0
                MQC1RE         3015.7846995                    1       6.116641350596                    0           93.6284372           43.3550008     -0.9346711155978       2.852384440506                    0