@ Measure_optics:version %s "0.2.0"
@ Command %s "/usr/bin/python2 '/home/akoval/work_local/git/Beta-Beat.src/measure_optics.py' '--model' 'model/' '--accel' 'skekb' '--files' 'output/harmonic_output/HER_2019_05_20_18_28_32.sdds' '--output' 'output/phase_output/HER_2019_05_20_18_28_32.sdds/'"
@ CWD %s "/home/akoval/work_local/git/SKEKB_Kmod"
@ Date %s "14. June 2019, 13:56:43"
@ Model_directory %s "model/"
@ Q1 %le 0.5436733439516476
@ Q2 %le 0.6111203238554305
@ FILENAME %s "getphasex.out"
*                    S               MUXMDL                 NAME                NAME2                   S2               PHASEX               STDPHX               PHXMDL          DELTAPHASEX
$                  %le                  %le                   %s                   %s                  %le                  %le                  %le                  %le                  %le
             0.5300002            0.2203223               MQC1LE               MQC2LE            2.2500008      0.0184034513936                  nan             0.020702     -0.0022985486064
             2.2500008            0.2410243               MQC2LE              MQLC3LE           12.9355133       0.020368788319                  nan            0.0206725  -0.0003037116810001
            12.9355133            0.2616968              MQLC3LE              MQLC7LE           27.2720861      0.2211290282504                  nan              0.21045      0.0106790282504
            27.2720861            0.4721468              MQLC7LE              MQLB1LE           55.2235731      0.5165275954894                  nan            0.5158008   0.0007267954893998
            55.2235731            0.9879476              MQLB1LE              MQLB4LE           77.1787307      0.3243920371779                  nan            0.3322599     -0.0078678628221
            77.1787307            1.3202075              MQLB4LE              MQLA2LE           98.9121927      0.5042475397304                  nan            0.5040403   0.0002072397303999
            98.9121927            1.8242478              MQLA2LE              MQLA5LE          119.0986538       0.487392665702                  nan            0.4878296  -0.0004369342980002
           119.0986538            2.3120774              MQLA5LE               MQD3E1          164.5639584      0.7016905724891                  nan            0.6951392      0.0065513724891
           164.5639584            3.0072166               MQD3E1               MQEAE4          230.8020191      0.0750172707847                  nan            0.0735521      0.0014651707847
           230.8020191            4.0807687               MQEAE4               MQD3E4          270.0136808      0.6029779879822                  nan            0.6054169    -0.00243891201775
           270.0136808            4.6861856               MQD3E4               MQEAE6          306.4724249      0.5396856339777                  nan            0.5427189    -0.00303326602235
           306.4724249            5.2289045               MQEAE6             MQTATNE1          354.4092937      0.6894515375931                  nan            0.7003273     -0.0108757624069
           354.4092937            5.9292318             MQTATNE1             MQTATNE2          397.7476034        0.47297594557                  nan             0.472296        0.00067994557
           397.7476034            6.4015278             MQTATNE2               MQEAE8          472.7108711      0.1790407864955                  nan            0.1684624     0.01057838649547
           472.7108711            7.5699902               MQEAE8               MQD3E8          511.9225329      0.6081714109284                  nan             0.605417     0.00275441092843
           511.9225329            8.1754072               MQD3E8              MQEAE10          548.3812769      0.5425385966152                  nan            0.5427188  -0.0001802033847895
           548.3812769             8.718126              MQEAE10              MQEAE11          597.0252838      0.6707865024689                  nan            0.6800007   -0.009214197531111
           597.0252838            9.3981267              MQEAE11              MQR2NE1          696.7698054      0.5227962530831                  nan            0.5224928   0.0003034530830998
           696.7698054           10.9206195              MQR2NE1              MQFRNE3          753.3246054      0.6198765181522                  nan            0.6172843      0.0025922181522
           753.3246054           11.5379038              MQFRNE3              MQDRNE5          781.6020054      0.3177888900416                  nan            0.3185172  -0.0007283099583988
           781.6020054            11.856421              MQDRNE5              MQEAE13           881.197528      0.3481029312433                  nan            0.3456713    0.002431631243299
            881.197528           13.2020923              MQEAE13              MQD3E12          947.4355886      0.0701920693837                  nan            0.0735521   -0.003360030616299
           947.4355886           14.2756444              MQD3E12              MQEAE16          983.8943327      0.5436591013213                  nan            0.5427189   0.0009402013212993
           983.8943327           14.8183633              MQEAE16              MQD3E14         1023.1059944      0.6068675477942                  nan            0.6054169      0.0014506477942
          1023.1059944           15.4237802              MQD3E14              MQEAE18         1059.5647385      0.5455000047614                  nan            0.5427189    0.002781104761399
          1059.5647385           15.9664991              MQEAE18             MQTANFE1         1107.5016074      0.6945413954938                  nan            0.7003272   -0.005785804506203
          1107.5016074           16.6668263             MQTANFE1              MQD3E16         1189.3444407     0.08916720120783                  nan            0.0980397   -0.008872498792168
          1189.3444407            17.764866              MQD3E16              MQEAE20         1225.8031848      0.5449824425239                  nan            0.5427188    0.002263642523871
          1225.8031848           18.3075848              MQEAE20              MQD3E18         1265.0148465      0.6073240942862                  nan             0.605417    0.001907094286201
          1265.0148465           18.9130018              MQD3E18              MQEAE22         1301.4735906      0.5455649587172                  nan            0.5427188    0.002846158717201
          1301.4735906           19.4557206              MQEAE22              MQEAE23         1350.1175975      0.6847470660972                  nan            0.6800006      0.0047464660972
          1350.1175975           20.1357212              MQEAE23                MQI6E         1404.3012987       0.007121042369                  nan            0.0077888  -0.0006677576310001
          1404.3012987             21.14351                MQI6E                MQI5E         1418.7440064       0.112130654298                  nan            0.1179528   -0.005822145702001
          1418.7440064           21.2614628                MQI5E                MQI4E         1424.1361014      0.0135091745397                  nan            0.0140267  -0.0005175254602987
          1424.1361014           21.2754895                MQI4E               MQX2RE         1494.6206604      0.3705113656473                  nan            0.3617457     0.00876566564732
          1494.6206604           22.6372352               MQX2RE                MQM2E         1564.3492168     0.05428734252201                  nan            0.0578742   -0.003586857477991
          1564.3492168           23.6951094                MQM2E                MQM7E         1608.8759522      0.7443640745393                  nan             0.734562     0.00980207453927
          1608.8759522           24.4296714                MQM7E              MQEAE25         1634.7988225      0.4789155760597                  nan            0.4790364  -0.0001208239402983
          1634.7988225           24.9087078              MQEAE25              MQD3E21         1671.2575666      0.5478859513515                  nan            0.5427189    0.005167051351499
          1671.2575666           25.4514267              MQD3E21              MQEAE27         1710.4692283      0.6019619759026                  nan            0.6054169   -0.003454924097402
          1710.4692283           26.0568436              MQEAE27              MQD3E23         1746.9279724      0.5374557049412                  nan            0.5427189   -0.005263195058811
          1746.9279724           26.5995625              MQD3E23              MQEAE29         1786.1396341       0.599683696637                  nan            0.6054169   -0.005733203362988
          1786.1396341           27.2049794              MQEAE29              MQEAE30          1813.166033      0.4702232727924                  nan            0.4681352    0.002088072792387
           1813.166033           27.6731146              MQEAE30             MQTAFOE1         1861.1278611      0.6822430755475                  nan            0.6906639   -0.008420824452487
          1861.1278611           28.3637785             MQTAFOE1             MQTAFOE2         1905.3942301      0.4768891377186                  nan            0.4749156    0.001973537718597
          1905.3942301           28.8386941             MQTAFOE2              MQEAE32         1980.3824571      0.1612561122161                  nan            0.1587991      0.0024570122161
          1980.3824571           29.9974932              MQEAE32              MQD3E29         2065.4852081      0.2271425082575                  nan            0.2227195      0.0044230082575
          2065.4852081           31.2202127              MQD3E29              MQEAE35         2104.6968698      0.6009723972453                  nan            0.6054169   -0.004444502754698
          2104.6968698           31.8256296              MQEAE35              MQR2ORE         2203.8099939      0.3405110555115                  nan            0.3400272   0.0004838555114984
          2203.8099939           33.1656568              MQR2ORE              MQDROE5         2288.3421939      0.0734690045222                  nan            0.0722261    0.001242904522198
          2288.3421939           34.2378829              MQDROE5              MQEAE37         2389.8065079      0.5939756150898                  nan            0.5955212     -0.0015455849102
          2389.8065079           35.8334041              MQEAE37              MQD3E31          2426.265252      0.5377769133043                  nan            0.5427188   -0.004941886695696
           2426.265252           36.3761229              MQD3E31              MQEAE39         2465.4769137       0.611535035677                  nan            0.6054169    0.006118135676998
          2465.4769137           36.9815398              MQEAE39              MQD3E33         2501.9356578      0.5432722052039                  nan            0.5427189    0.000553305203903
          2501.9356578           37.5242587              MQD3E33              MQEAE41         2541.1473195      0.6021328504541                  nan            0.6054169   -0.003284049545902
          2541.1473195           38.1296756              MQEAE41             MQTAOTE1         2616.1355465      0.1547950808374                  nan            0.1587991   -0.004004019162603
          2616.1355465           39.2884747             MQTAOTE1             MQTAOTE2         2660.4019155      0.4757837402628                  nan            0.4749156   0.0008681402627844
          2660.4019155           39.7633903             MQTAOTE2              MQEAE44         2735.3901425      0.1597375138369                  nan            0.1587991    0.000938413836917
          2735.3901425           40.9221894              MQEAE44              MQEAE45         2784.0341494      0.6792584601304                  nan            0.6800006  -0.0007421398696197
          2784.0341494             41.60219              MQEAE45              MQD3E40           2850.27221     0.07938940854057                  nan            0.0735521    0.005837308540569
            2850.27221           42.6757421              MQD3E40              MQLA2RE         2920.9780873      0.1287805577252                  nan            0.1278497   0.0009308577251513
          2920.9780873           43.8035918              MQLA2RE              MQLB8RE         2942.8131119       0.502171417473                  nan            0.5017116   0.0004598174729998
          2942.8131119           44.3053034              MQLB8RE              MQLB1RE         2960.9918734      0.2030268602656                  nan             0.234258     -0.0312311397344
          2960.9918734           44.5395614              MQLB1RE              MQLC7RE         2989.1433603      0.5306153252665                  nan             0.528155    0.002460325266495
          2989.1433603           45.0677164              MQLC7RE              MQLC3RE         3003.3799331        0.24501236803                  nan            0.2217067        0.02330566803
          3003.3799331           45.2894231              MQLC3RE               MQC2RE         3013.8146988      0.0167659498626                  nan            0.0153077    0.001458249862599
          3013.8146988           45.3047308               MQC2RE               MQC1RE         3015.7846995      0.0190652975336                  nan            0.0210136   -0.001948302466396