@ ErrorsFrom: %s "Analytical N-BPM method"
@ RCond %le 1e-10
@ RangeOfBPMs %d 11
@ Measure_optics:version %s "0.2.0"
@ FILENAME %s "getbetay.out"
@ Model_directory %s "model/"
@ CALCULATION_TIME %s "0.86 s"
@ Command %s "/usr/bin/python2 '/home/akoval/work_local/git/Beta-Beat.src/measure_optics.py' '--model' 'model/' '--accel' 'skekb' '--files' 'output/harmonic_output/HER_2019_05_20_18_21_34.sdds' '--output' 'output/phase_output/HER_2019_05_20_18_21_34.sdds/'"
@ RMS_BETABEAT %s "223.284 %"
@ Date %s "14. June 2019, 13:53:20"
@ BetaAlgorithmVersion %s "2018.7.a"
@ CWD %s "/home/akoval/work_local/git/SKEKB_Kmod"
*                 NAME                    S              BETYMDL              ALFYMDL                 BETY             STATBETY              SYSBETY              ERRBETY                 ALFY             STATALFY              SYSALFY              ERRALFY                 CORR                NCOMB               BBEATY            DELTABETY
$                   %s                  %le                  %le                  %le                  %le                  %le                  %le                  %le                  %le                  %le                  %le                  %le                  %le                   %d                  %le                  %le
                MQC1LE            0.5300002           93.6285972         -176.6390896      -320.7464827277                    0                    0       314.9736717763       794.2462376077                    0                    0       1321.074286599                    0                    3      -4.425732012651      -4.425732012651
                MQC2LE            2.2500008          291.1407337             168.5324      -246.5099382162                    0                    0       979.8645260073      -266.4095515393                    0                    0       1339.227067891                    0                    5      -1.846703706085      -1.846703706085
               MQLC3LE           12.9355133            7.6774363            3.9602896      -3.723677385087                    0                    0       8.793345331825      -2.938377438536                    0                    0       10.42058962416                    0                   13       -1.48501573176       -1.48501573176
               MQLC7LE           27.2720861          227.9670433            2.7768696        241.554948237                    0                    0       534.7079158655       4.410567000141                    0                    0       15.09507774429                    0                    8     0.05960468995982     0.05960468995982
               MQLB4LE           77.1787307           18.1118897           -5.8434664       3.702851847937                    0                    0        27.4464549793     -0.6120096035678                    0                    0       18.82800180339                    0                    9     -0.7955568463992     -0.7955568463992
               MQLA2LE           98.9121927           17.1404258            6.7980612      -8.626755305431                    0                    0       21.71986207251      0.4401894896732                    0                    0       16.41327880183                    0                   13      -1.503298774843      -1.503298774843
               MQLA5LE          119.0986538          234.1217208           14.3138633       18.88703652011                    0                    0       289.6835461368       2.682430797254                    0                    0       34.22605522238                    0                   14     -0.9193281321546     -0.9193281321546
                MQD3E1          164.5639584           20.9498176            1.7084092        -8.4892446153                    0                    0       19.77201688095      -1.443527292559                    0                    0        3.04268132325                    0                   22      -1.405218068118      -1.405218068118
                MQEAE4          230.8020191            7.6858431            1.2526734        1.68030683305                    0                    0       6.961160911878     -0.1113668935948                    0                    0       2.740479897387                    0                   11     -0.7813763810701     -0.7813763810701
                MQD3E4          270.0136808           20.9498176           -1.7084092      -14.46509228532                    0                    0       15.74763325607       2.131352740741                    0                    0       2.970425972391                    0                   24      -1.690463877133      -1.690463877133
                MQEAE6          306.4724249            7.6858431            1.2526734      -1.924221799883                    0                    0       6.874715058754       1.345587489491                    0                    0       2.508008155697                    0                   21      -1.250359235135      -1.250359235135
              MQTATNE1          354.4092937           14.5078121           -1.2253565      -24.19309033831                    0                    0        12.8676516257       1.874073965211                    0                    0       2.147682573694                    0                   22      -2.667590548565      -2.667590548565
              MQTATNE2          397.7476034           14.5078121            1.2253565       24.69675766825                    0                    0        14.3510449313       1.659944109448                    0                    0       2.836939929785                    0                   28      0.7023075221835      0.7023075221835
                MQEAE8          472.7108711            7.6858431            1.2526734      -2.085087373599                    0                    0        7.85552732904      -2.604293038294                    0                    0       2.817290113011                    0                   17      -1.271289349323      -1.271289349323
                MQD3E8          511.9225329           20.9498176           -1.7084092      0.3995072612407                    0                    0       18.70170286281       1.427193063499                    0                    0       3.472249512562                    0                   15     -0.9809302749614     -0.9809302749614
               MQEAE10          548.3812769            7.6858431            1.2526734       8.839296334537                    0                    0       7.814196028441       1.126272143107                    0                    0       2.077404569351                    0                   17      0.1500750431058      0.1500750431058
               MQEAE11          597.0252838            7.6858431           -1.2526734        55.8310090081                    0                    0        9.19484729204      -6.309382744642                    0                    0       2.797315188875                    0                   26       6.264135929096       6.264135929096
               MQR2NE1          696.7698054            9.2517301           -0.6740765       12.98353568563                    0                    0       14.77754764169      -1.356797908186                    0                    0        3.45911553321                    0                   12      0.4033629975464      0.4033629975464
               MQFRNE3          753.3246054            9.2517568           -0.6740695       48.61558736977                    0                    0        8.88049277834      -7.722874446145                    0                    0       2.008326814955                    0                   25       4.254741171943       4.254741171943
               MQDRNE5          781.6020054           30.1970047            1.9356985      -6.944494951043                    0                    0       30.26577147797       0.559382774761                    0                    0       4.589156924164                    0                   30      -1.229972973149      -1.229972973149
               MQEAE13           881.197528            7.6858431           -1.2526734      -19.61131840362                    0                    0       8.312665671008        1.63094266902                    0                    0       3.229502178408                    0                   21      -3.551615762703      -3.551615762703
               MQD3E12          947.4355886           20.9498176           -1.7084092      -44.33371642719                    0                    0       20.48348764402       6.984499366108                    0                    0       3.899441910695                    0                   16       -3.11618627301       -3.11618627301
               MQEAE16          983.8943327            7.6858431            1.2526734       3.971007509304                    0                    0       5.880347270465       1.055685612462                    0                    0       2.120233377009                    0                   28     -0.4833348199232     -0.4833348199232
               MQD3E14         1023.1059944           20.9498176           -1.7084092      -27.09061530475                    0                    0       19.11560537015       1.951165873384                    0                    0       3.475123074428                    0                   15      -2.293119387576      -2.293119387576
               MQEAE18         1059.5647385            7.6858431            1.2526734       5.135482961998                    0                    0       9.369895452924      0.8079469376556                    0                    0       2.843563092287                    0                   11      -0.331825683249      -0.331825683249
              MQTANFE1         1107.5016074           14.5078121           -1.2253565       16.91743454937                    0                    0       25.11726740853      -1.720472502483                    0                    0       2.851553602461                    0                    7       0.166091374272       0.166091374272
               MQD3E16         1189.3444407           20.9498176           -1.7084092      -22.00673266434                    0                    0       21.24286778775      0.6221695876394                    0                    0       3.549264417315                    0                   14      -2.050449845651      -2.050449845651
               MQEAE20         1225.8031848            7.6858431            1.2526734         8.1529675076                    0                    0       6.633825871078      0.9752359054607                    0                    0        2.68834747419                    0                   28     0.06077725000659     0.06077725000659
               MQD3E18         1265.0148465           20.9498176           -1.7084092       11.41294250592                    0                    0       18.63341837163      -2.104014329733                    0                    0       3.464467681966                    0                   31     -0.4552247316023     -0.4552247316023
               MQEAE22         1301.4735906            7.6858431            1.2526734       1.436167449479                    0                    0       7.510845415608     -0.1985712443669                    0                    0       2.333336425091                    0                   27     -0.8131411959894     -0.8131411959894
               MQEAE23         1350.1175975            7.6858431           -1.2526734      -7.892903260429                    0                    0        9.53095674592       1.455235711997                    0                    0       2.147392026007                    0                   24      -2.026940461539      -2.026940461539
                 MQI6E         1404.3012987           27.8083512            1.2057705       -32.8123935275                    0                    0       25.23336038666      -1.915060112921                    0                    0        2.67447322745                    0                   22      -2.179947465835      -2.179947465835
                 MQI5E         1418.7440064           69.7334913            4.4926479       102.3436071517                    0                    0       81.45991800107       4.093240558681                    0                    0       10.00055332984                    0                   27       0.467639225339       0.467639225339
                 MQI4E         1424.1361014           30.1163345            2.8546183      -5.082216056925                    0                    0       32.70575532941      0.2437060689295                    0                    0       6.240060772091                    0                   24      -1.168752809441      -1.168752809441
                MQX2RE         1494.6206604           22.2827608            0.9330685      -36.50750578912                    0                    0         25.417012521      -2.023259545355                    0                    0       1.995679894247                    0                   22      -2.638374441874      -2.638374441874
                 MQM2E         1564.3492168           28.5508884            1.3770404       8.716543737981                    0                    0       31.86173482467       2.856529830596                    0                    0       3.822403660493                    0                   22     -0.6947014882388     -0.6947014882388
                 MQM7E         1608.8759522           35.6097046            -3.009263       6.614094204138                    0                    0       30.74824790564     -0.8059315875202                    0                    0       5.472407769966                    0                   21     -0.8142614694945     -0.8142614694945
               MQEAE25         1634.7988225            7.6858431           -1.2526734       2.480687574677                    0                    0       8.346893399931     -0.5240478775162                    0                    0       2.653273279312                    0                   18     -0.6772393682254     -0.6772393682254
               MQD3E21         1671.2575666           20.9498176            1.7084092       33.70654988742                    0                    0       19.60987789828       1.571644295822                    0                    0       3.472037671588                    0                   15      0.6089185371916      0.6089185371916
               MQEAE27         1710.4692283            7.6858431           -1.2526734      -4.152403698294                    0                    0       5.823403224941      0.8340093088987                    0                    0       2.174063068721                    0                   15       -1.54026651914       -1.54026651914
               MQD3E23         1746.9279724           20.9498176            1.7084092       88.30388049173                    0                    0       19.73733544285       9.637079710259                    0                    0       4.105534792535                    0                   17       3.215019060201       3.215019060201
               MQEAE29         1786.1396341            7.6858431           -1.2526734      -6.487841743755                    0                    0       8.947900903069       1.153436202025                    0                    0       3.597764485596                    0                   19      -1.844128830024      -1.844128830024
               MQEAE30          1813.166033            7.6858431            1.2526734        -2.2975022962                    0                    0       8.648374604958     -0.0813680862368                    0                    0       3.629072072657                    0                   19      -1.298926515453      -1.298926515453
              MQTAFOE1         1861.1278611           13.8843623           -1.6545976       2.128191370732                    0                    0       20.26447971643     -0.4318005918456                    0                    0       5.542773884404                    0                    8     -0.8467202652345     -0.8467202652345
              MQTAFOE2         1905.3942301           13.8843623            1.6545976      -23.50191120448                    0                    0       12.95705289587      -4.146681543295                    0                    0       2.664597153924                    0                   19      -2.692689278533      -2.692689278533
               MQEAE32         1980.3824571            7.6858431            1.2526734       20.89107930763                    0                    0       8.219868000736      0.4520629402367                    0                    0       2.432178065046                    0                   29       1.718124613762       1.718124613762
               MQD3E29         2065.4852081           20.9498176            1.7084092      -33.63145428874                    0                    0       22.03691093029      0.1974919829399                    0                    0       3.769205572713                    0                   21      -2.605333990533      -2.605333990533
               MQEAE35         2104.6968698            7.6858431           -1.2526734       4.690190406659                    0                    0       6.291654284042     0.02695516028586                    0                    0        2.48084157026                    0                   23     -0.3897624052905     -0.3897624052905
               MQR2ORE         2203.8099939            4.7479218            0.5746181     0.09692907896538                    0                    0       7.861491920883    -0.02169900606912                    0                    0       1.988336817959                    0                    3     -0.9795849462042     -0.9795849462042
               MQDROE5         2288.3421939           29.3993215           -2.5237427      -36.73903116606                    0                    0       26.22206344239      0.4003158788623                    0                    0       5.113171670094                    0                   11      -2.249655750255      -2.249655750255
               MQEAE37         2389.8065079            7.6858431           -1.2526734       5.984411231791                    0                    0       8.324812115921      -2.389196487914                    0                    0       2.982185230506                    0                   12      -0.221372183386      -0.221372183386
               MQD3E31          2426.265252           20.9498176            1.7084092      -17.04099360021                    0                    0       20.42444218351      -3.192054462511                    0                    0       3.921765352369                    0                   17      -1.813419664342      -1.813419664342
               MQEAE39         2465.4769137            7.6858431           -1.2526734       8.838409830884                    0                    0       7.102042201559      -2.238782166057                    0                    0       2.218575835276                    0                   14      0.1499597006975      0.1499597006975
               MQD3E33         2501.9356578           20.9498176            1.7084092       5.242963782203                    0                    0       21.53991731421       2.397455008742                    0                    0       5.103986058935                    0                   10     -0.7497370200396     -0.7497370200396
               MQEAE41         2541.1473195            7.6858431           -1.2526734      -17.01071994325                    0                    0       9.219313450575       3.833340351269                    0                    0       3.739722306894                    0                   17      -3.213253604311      -3.213253604311
              MQTAOTE1         2616.1355465           13.8843623           -1.6545976      0.3190875748949                    0                    0       14.99894061074     -0.5323431734373                    0                    0       3.855005422636                    0                   22     -0.9770182045095     -0.9770182045095
              MQTAOTE2         2660.4019155           13.8843623            1.6545976      -59.65270759258                    0                    0       14.49453326067      -2.115642301992                    0                    0       2.987419480301                    0                   23      -5.296395203731      -5.296395203731
               MQEAE44         2735.3901425            7.6858431            1.2526734      -11.50779648792                    0                    0       14.27656720952    0.004435415849214                    0                    0       3.888809378226                    0                    8      -2.497271846197      -2.497271846197
               MQEAE45         2784.0341494            7.6858431           -1.2526734       13.12297589467                    0                    0       11.69410905812      -1.759154460505                    0                    0       2.724280019093                    0                   22      0.7074217784481      0.7074217784481
               MQD3E40           2850.27221           20.9498176           -1.7084092      -23.07502522044                    0                    0       29.10876156824       1.426107395411                    0                    0       4.113106609487                    0                   12      -2.101442774396      -2.101442774396
               MQLA2RE         2920.9780873            4.4997139            1.4176538       12.94360969332                    0                    0       6.754227837596       3.503804282821                    0                    0       3.848886693855                    0                   20       1.876540593686       1.876540593686
               MQLB8RE         2942.8131119            2.4274661            0.9647408       2.027425144548                    0                    0       3.951651457185      -0.892436840248                    0                    0       3.535688305518                    0                   16     -0.1647977516356     -0.1647977516356
               MQLB1RE         2960.9918734          263.1461398             28.21658       1207.642967519                    0                    0        1026.04098225       112.9561368007                    0                    0       633.0505608705                    0                    5       3.589248272603       3.589248272603
               MQLC7RE         2989.1433603          263.1507975          -28.2212238       2135.838264257                    0                    0       547.9644448794       413.7914736063                    0                    0       680.0865177635                    0                    5       7.116404299541       7.116404299541
               MQLC3RE         3003.3799331           25.6036831           -7.2885555      -13.12302317828                    0                    0       35.10255427595       1.655497322939                    0                    0       20.11262099425                    0                   30      -1.512544352585      -1.512544352585
                MQC2RE         3013.8146988          263.7467378         -135.9911137      -605.2279244806                    0                    0       726.4196812736       29.82801516003                    0                    0       1217.890705704                    0                    3      -3.294731413662      -3.294731413662
                MQC1RE         3015.7846995           93.6284372          176.6381914       58.12814476716                    0                    0       240.5468379618      -12.68285669271                    0                    0       1205.393326903                    0                    4     -0.3791614331553     -0.3791614331553