@ Measure_optics:version %s "0.2.0"
@ Command %s "/usr/bin/python2 '/home/akoval/work_local/git/Beta-Beat.src/measure_optics.py' '--model' 'model/' '--accel' 'skekb' '--files' 'output/harmonic_output/HER_2019_05_20_18_21_34.sdds' '--output' 'output/phase_output/HER_2019_05_20_18_21_34.sdds/'"
@ CWD %s "/home/akoval/work_local/git/SKEKB_Kmod"
@ Date %s "14. June 2019, 13:53:20"
@ Model_directory %s "model/"
@ Q1 %le 0.5437808804848574
@ Q2 %le 0.6115570461001769
@ FILENAME %s "getphasetoty.out"
*                    S               MUYMDL                 NAME                NAME2                   S2               PHASEY               STDPHY               PHYMDL          DELTAPHASEY
$                  %le                  %le                   %s                   %s                  %le                  %le                  %le                  %le                  %le
             0.5300002            0.2490992               MQC1LE               MQC1LE            0.5300002                    0                  nan                    0                    0
             2.2500008            0.2499778               MQC2LE               MQC1LE            0.5300002      0.4541390362544                  nan            0.0008786      0.4532604362544
            12.9355133            0.2953789              MQLC3LE               MQC1LE            0.5300002      0.3721372272636                  nan            0.0462797      0.3258575272636
            27.2720861            0.7492946              MQLC7LE               MQC1LE            0.5300002      0.6388374070644                  nan            0.5001954      0.1386420070644
            77.1787307            1.9465966              MQLB4LE               MQC1LE            0.5300002     0.07028977717495                  nan            0.6974974       0.372792377175
            98.9121927            2.4533248              MQLA2LE               MQC1LE            0.5300002      0.5140148343784                  nan            0.2042256      0.3097892343784
           119.0986538              2.94926              MQLA5LE               MQC1LE            0.5300002      0.0102413294165                  nan            0.7001608      0.3100805294165
           164.5639584            3.4064553               MQD3E1               MQC1LE            0.5300002      0.7257411703325                  nan            0.1573561     -0.4316149296675
           230.8020191            4.3815318               MQEAE4               MQC1LE            0.5300002     0.07610983643291                  nan            0.1324326    -0.05632276356709
           270.0136808            5.0411482               MQD3E4               MQC1LE            0.5300002      0.2931984570537                  nan             0.792049     -0.4988505429463
           306.4724249            5.5047961               MQEAE6               MQC1LE            0.5300002      0.6114446349955                  nan            0.2556969      0.3557477349955
           354.4092937            6.2268103             MQTATNE1               MQC1LE            0.5300002      0.2619358619655                  nan            0.9777111      0.2842247619655
           397.7476034            6.6685508             MQTATNE2               MQC1LE            0.5300002      0.3537292619107                  nan            0.4194516    -0.06572233808928
           472.7108711            7.7060253               MQEAE8               MQC1LE            0.5300002     0.08394071308039                  nan            0.4569261     -0.3729853869196
           511.9225329            8.3656416               MQD3E8               MQC1LE            0.5300002      0.8808403565374                  nan            0.1165424     -0.2357020434626
           548.3812769            8.8292895              MQEAE10               MQC1LE            0.5300002      0.6109688133417                  nan            0.5801903     0.03077851334172
           597.0252838            9.6370935              MQEAE11               MQC1LE            0.5300002      0.2293024464405                  nan            0.3879943     -0.1586918535595
           696.7698054             10.85891              MQR2NE1               MQC1LE            0.5300002     0.08066236252667                  nan            0.6098108      0.4708515625267
           753.3246054           11.4337841              MQFRNE3               MQC1LE            0.5300002      0.2172832416044                  nan            0.1846849     0.03259834160442
           781.6020054           11.7122452              MQDRNE5               MQC1LE            0.5300002      0.4970864814894                  nan             0.463146     0.03394048148942
            881.197528           12.8899378              MQEAE13               MQC1LE            0.5300002      0.4792607118119                  nan            0.6408386     -0.1615778881881
           947.4355886           13.8650143              MQD3E12               MQC1LE            0.5300002      0.3193069568146                  nan            0.6159151     -0.2966081431854
           983.8943327           14.3286622              MQEAE16               MQC1LE            0.5300002      0.5659933591333                  nan             0.079563      0.4864303591333
          1023.1059944           14.9882786              MQD3E14               MQC1LE            0.5300002      0.2988440329818                  nan            0.7391794     -0.4403353670182
          1059.5647385           15.4519265              MQEAE18               MQC1LE            0.5300002      0.7921204865704                  nan            0.2028273     -0.4107068134296
          1107.5016074           16.1739407             MQTANFE1               MQC1LE            0.5300002      0.7949616560261                  nan            0.9248415     -0.1298798439739
          1189.3444407           17.1895078              MQD3E16               MQC1LE            0.5300002      0.2054350353774                  nan            0.9404086      0.2650264353774
          1225.8031848           17.6531557              MQEAE20               MQC1LE            0.5300002      0.4939895436821                  nan            0.4040565     0.08993304368212
          1265.0148465            18.312772              MQD3E18               MQC1LE            0.5300002      0.7099929961419                  nan            0.0636728     -0.3536798038581
          1301.4735906           18.7764199              MQEAE22               MQC1LE            0.5300002      0.1338548503469                  nan            0.5273207     -0.3934658496531
          1350.1175975           19.5842239              MQEAE23               MQC1LE            0.5300002      0.8356488287648                  nan            0.3351247     -0.4994758712352
          1404.3012987           20.2018289                MQI6E               MQC1LE            0.5300002      0.3059236503452                  nan            0.9527297      0.3531939503452
          1418.7440064           20.2546404                MQI5E               MQC1LE            0.5300002      0.5470707744146                  nan            0.0055412     -0.4584704255854
          1424.1361014           20.2734103                MQI4E               MQC1LE            0.5300002      0.6264462355139                  nan            0.0243111     -0.3978648644861
          1494.6206604           21.2341795               MQX2RE               MQC1LE            0.5300002      0.5423439057197                  nan            0.9850803     -0.4427363942803
          1564.3492168           22.0286912                MQM2E               MQC1LE            0.5300002     0.06974286173775                  nan             0.779592      0.2901508617377
          1608.8759522           22.6624348                MQM7E               MQC1LE            0.5300002       0.886398671127                  nan            0.4133356      0.4730630711271
          1634.7988225           22.9865152              MQEAE25               MQC1LE            0.5300002      0.3108715331506                  nan             0.737416     -0.4265444668494
          1671.2575666           23.4501631              MQD3E21               MQC1LE            0.5300002      0.9725374248169                  nan            0.2010639     -0.2285264751831
          1710.4692283           24.1097794              MQEAE27               MQC1LE            0.5300002      0.1993793876139                  nan            0.8606802      0.3386991876139
          1746.9279724           24.5734273              MQD3E23               MQC1LE            0.5300002      0.9841145653978                  nan            0.3243281     -0.3402135346022
          1786.1396341           25.2330437              MQEAE29               MQC1LE            0.5300002     0.07787018633212                  nan            0.9839445     0.09392568633212
           1813.166033           25.5485039              MQEAE30               MQC1LE            0.5300002      0.2466836996863                  nan            0.2994047    -0.05272100031368
          1861.1278611           26.2818318             MQTAFOE1               MQC1LE            0.5300002      0.4773955611473                  nan            0.0327326      0.4446629611473
          1905.3942301           26.7136413             MQTAFOE2               MQC1LE            0.5300002      0.6016211926146                  nan            0.4645421      0.1370790926146
          1980.3824571           27.7624294              MQEAE32               MQC1LE            0.5300002      0.1376189446809                  nan            0.5133302     -0.3757112553191
          2065.4852081           29.0338813              MQD3E29               MQC1LE            0.5300002      0.6511702058826                  nan            0.7847821     -0.1336118941174
          2104.6968698           29.6934976              MQEAE35               MQC1LE            0.5300002       0.868965520512                  nan            0.4443984       0.424567120512
          2203.8099939           30.8555494              MQR2ORE               MQC1LE            0.5300002      0.3650576345049                  nan            0.6064502     -0.2413925654951
          2288.3421939           32.0959819              MQDROE5               MQC1LE            0.5300002      0.6146682601013                  nan            0.8468827     -0.2322144398987
          2389.8065079           33.3509534              MQEAE37               MQC1LE            0.5300002      0.5648624272798                  nan            0.1018542      0.4630082272798
           2426.265252           33.8146013              MQD3E31               MQC1LE            0.5300002     0.08896457427712                  nan            0.5655021     -0.4765375257229
          2465.4769137           34.4742177              MQEAE39               MQC1LE            0.5300002      0.3029545564923                  nan            0.2251185     0.07783605649233
          2501.9356578           34.9378656              MQD3E33               MQC1LE            0.5300002      0.8730286747408                  nan            0.6887664      0.1842622747408
          2541.1473195           35.5974819              MQEAE41               MQC1LE            0.5300002      0.6610968568942                  nan            0.3483827      0.3127141568942
          2616.1355465             36.64627             MQTAOTE1               MQC1LE            0.5300002      0.3426021531561                  nan            0.3971708    -0.05456864684388
          2660.4019155           37.0780795             MQTAOTE2               MQC1LE            0.5300002      0.6065381633749                  nan            0.8289803     -0.2224421366251
          2735.3901425           38.1268676              MQEAE44               MQC1LE            0.5300002      0.4754250801553                  nan            0.8777684     -0.4023433198447
          2784.0341494           38.9346716              MQEAE45               MQC1LE            0.5300002      0.4188005620558                  nan            0.6855724     -0.2667718379442
            2850.27221           39.9097482              MQD3E40               MQC1LE            0.5300002      0.2552481612297                  nan             0.660649     -0.4054008387703
          2920.9780873           41.0885679              MQLA2RE               MQC1LE            0.5300002      0.4733452069678                  nan            0.8394687     -0.3661234930322
          2942.8131119           41.6299859              MQLB8RE               MQC1LE            0.5300002      0.7493639094986                  nan            0.3808867      0.3684772094986
          2960.9918734           42.3540933              MQLB1RE               MQC1LE            0.5300002      0.4156994070828                  nan            0.1049941      0.3107053070828
          2989.1433603            42.854773              MQLC7RE               MQC1LE            0.5300002      0.2644159964199                  nan            0.6056738     -0.3412578035801
          3003.3799331           43.3284036              MQLC3RE               MQC1LE            0.5300002     0.02333193268836                  nan            0.0793044    -0.05597246731164
          3013.8146988           43.3540103               MQC2RE               MQC1LE            0.5300002      0.5464044350949                  nan            0.1049111      0.4414933350949
          3015.7846995           43.3550008               MQC1RE               MQC1LE            0.5300002      0.6020476656833                  nan            0.1059016      0.4961460656833