@ Measure_optics:version %s "0.2.0"
@ Command %s "/usr/bin/python2 '/home/akoval/work_local/git/Beta-Beat.src/measure_optics.py' '--model' 'model/' '--accel' 'skekb' '--files' 'output/harmonic_output/HER_2019_05_20_18_26_28.sdds' '--output' 'output/phase_output/HER_2019_05_20_18_26_28.sdds/'"
@ CWD %s "/home/akoval/work_local/git/SKEKB_Kmod"
@ Date %s "14. June 2019, 13:55:13"
@ Model_directory %s "model/"
@ FILENAME %s "getcouple.out"
@ CG %le nan
@ CG_std %le nan
@ QG %le nan
@ Q1F %le 0.5443286235935375
@ Q2F %le 0.6102921245218453
*                 NAME                    S                COUNT               F1001W               FWSTD1               F1001R               F1001I               F1010W               FWSTD2               F1010R               F1010I                Q1001             Q1001STD                Q1010             Q1010STD            MDLF1001R            MDLF1001I            MDLF1010R            MDLF1010I
$                   %s                  %le                  %le                  %le                  %le                  %le                  %le                  %le                  %le                  %le                  %le                  %le                  %le                  %le                  %le                  %le                  %le                  %le                  %le
             "MQLA2LE"           98.9121927                    1                  nan                  nan                  nan                  nan                  nan                  nan                  nan                  nan      0.7594435412955     0.09663197821359      0.5769428991221      0.1615323599835                  nan                  nan                  nan                  nan
              "MQD3E4"          270.0136808                    1                  nan                  nan                  nan                  nan                  nan                  nan                  nan                  nan       0.473905787619      0.1260226494004     0.03918609336802      0.1027241949074                  nan                  nan                  nan                  nan
             "MQEAE18"         1059.5647385                    1                  nan                  nan                  nan                  nan                  nan                  nan                  nan                  nan      0.7020190493217     0.05741349810342      0.7762079534156     0.02553173148782                  nan                  nan                  nan                  nan
               "MQI5E"         1418.7440064                    1                  nan                  nan                  nan                  nan                  nan                  nan                  nan                  nan      0.4977994893124      0.1421948512486      0.8016971014055      0.1881844393419                  nan                  nan                  nan                  nan
             "MQD3E21"         1671.2575666                    1                  nan                  nan                  nan                  nan                  nan                  nan                  nan                  nan      0.7003771161732     0.03928696105106      0.6872583148965      0.1328472877876                  nan                  nan                  nan                  nan
             "MQEAE35"         2104.6968698                    1                  nan                  nan                  nan                  nan                  nan                  nan                  nan                  nan      0.1869196816678      0.1303003637222      0.3891208988665     0.01058429635321                  nan                  nan                  nan                  nan
             "MQEAE37"         2389.8065079                    1                  nan                  nan                  nan                  nan                  nan                  nan                  nan                  nan      0.8542065711408      0.2023849079162      0.8665583490292        0.17279892997                  nan                  nan                  nan                  nan
             "MQD3E33"         2501.9356578                    1                  nan                  nan                  nan                  nan                  nan                  nan                  nan                  nan      0.3394076727231     0.08361700031582      0.1178448747789       0.162147945375                  nan                  nan                  nan                  nan
             "MQLC7RE"         2989.1433603                    1                  nan                    0                  nan                  nan                  nan                    0                  nan                  nan      0.8187081770992       0.139453635312      0.5357259554449     0.05637448614234                  nan                  nan                  nan                  nan