@ Measure_optics:version %s "0.2.0"
@ Command %s "/usr/bin/python2 '/home/akoval/work_local/git/Beta-Beat.src/measure_optics.py' '--model' 'model/' '--accel' 'skekb' '--files' 'output/harmonic_output/HER_2019_05_20_18_24_59.sdds' '--output' 'output/phase_output/HER_2019_05_20_18_24_59.sdds/'"
@ CWD %s "/home/akoval/work_local/git/SKEKB_Kmod"
@ Date %s "14. June 2019, 13:54:16"
@ Model_directory %s "model/"
@ FILENAME %s "getcouple.out"
@ CG %le nan
@ CG_std %le nan
@ QG %le nan
@ Q1F %le 0.5447712070796205
@ Q2F %le 0.6122371712571784
*                 NAME                    S                COUNT               F1001W               FWSTD1               F1001R               F1001I               F1010W               FWSTD2               F1010R               F1010I                Q1001             Q1001STD                Q1010             Q1010STD            MDLF1001R            MDLF1001I            MDLF1010R            MDLF1010I
$                   %s                  %le                  %le                  %le                  %le                  %le                  %le                  %le                  %le                  %le                  %le                  %le                  %le                  %le                  %le                  %le                  %le                  %le                  %le
            "MQTATNE1"          354.4092937                    1                  nan                  nan                  nan                  nan                  nan                  nan                  nan                  nan      0.7065879431153     0.04884784386199      0.7923570508145     0.05041239478369                  nan                  nan                  nan                  nan
               "MQI4E"         1424.1361014                    1                  nan                  nan                  nan                  nan                  nan                  nan                  nan                  nan      0.8665995277473      0.1950425028975      0.8104137059286     0.09468001958598                  nan                  nan                  nan                  nan
               "MQM2E"         1564.3492168                    1                  nan                  nan                  nan                  nan                  nan                  nan                  nan                  nan      0.5754094722742      0.1373804933558      0.8924823398273      0.2095769560816                  nan                  nan                  nan                  nan
             "MQD3E21"         1671.2575666                    1                  nan                  nan                  nan                  nan                  nan                  nan                  nan                  nan      0.8968422415532     0.03063259959901      0.6300110500323     0.07061038835088                  nan                  nan                  nan                  nan
            "MQTAFOE1"         1861.1278611                    1                  nan                  nan                  nan                  nan                  nan                  nan                  nan                  nan      0.8254680620905      0.1661015125773      0.8273049717067     0.07562546269215                  nan                  nan                  nan                  nan
            "MQTAFOE2"         1905.3942301                    1                  nan                  nan                  nan                  nan                  nan                  nan                  nan                  nan      0.2336490136041      0.2200391625933      0.3913854539909    0.002597241728602                  nan                  nan                  nan                  nan
             "MQD3E33"         2501.9356578                    1                  nan                  nan                  nan                  nan                  nan                  nan                  nan                  nan       0.352904268012     0.02495520299353      0.1355505875441    0.008530474970646                  nan                  nan                  nan                  nan
             "MQLB1RE"         2960.9918734                    1                  nan                  nan                  nan                  nan                  nan                  nan                  nan                  nan      0.7772037760731     0.04162664267963      0.6729388559421     0.02951485840674                  nan                  nan                  nan                  nan