@ Measure_optics:version %s "0.2.0"
@ Command %s "/usr/bin/python2 '/home/akoval/work_local/git/Beta-Beat.src/measure_optics.py' '--model' 'model/' '--accel' 'skekb' '--files' 'output/harmonic_output/HER_2019_05_20_18_26_02.sdds' '--output' 'output/phase_output/HER_2019_05_20_18_26_02.sdds/'"
@ CWD %s "/home/akoval/work_local/git/SKEKB_Kmod"
@ Date %s "14. June 2019, 13:54:45"
@ Model_directory %s "model/"
@ Q1 %le 0.5443252118326277
@ Q2 %le 0.6103323536269583
@ RMSbetabeat %le 0.6891252953837127
@ RescalingFactor %le 1.6274187763313908
@ FILENAME %s "getampbetay.out"
*                 NAME                    S                COUNT                 BETY              BETYSTD              BETYMDL               MUYMDL            DELTABETY              BETYRES           BETYSTDRES
$                   %s                  %le                   %d                  %le                  %le                  %le                  %le                  %le                  %le                  %le
                MQC1LE            0.5300002                    1       64.46168068977                    0           93.6285972            0.2490992     -0.3115171793927       104.9061495084                    0
                MQC2LE            2.2500008                    1       277.4324615357                    0          291.1407337            0.2499778    -0.04708469333742        451.498797067                    0
               MQLC3LE           12.9355133                    1       25.64744234358                    0            7.6774363            0.2953789       2.340625873194       41.73912923481                    0
               MQLC7LE           27.2720861                    1       153.1812255711                    0          227.9670433            0.7492946      -0.328055391895       249.2900026758                    0
               MQLB1LE           55.2235731                    1        159.034583661                    0          227.9626232            1.2500394     -0.3023655306797        258.815867536                    0
               MQLB4LE           77.1787307                    1       28.01077083456                    0           18.1118897            1.9465966      0.5465404934834       45.58525439567                    0
               MQLA2LE           98.9121927                    1       25.24483498472                    0           17.1404258            2.4533248      0.4728242623192       41.08391845952                    0
               MQLA5LE          119.0986538                    1       182.5364336263                    0          234.1217208              2.94926     -0.2203353323966        297.063219448                    0
                MQD3E1          164.5639584                    1       6.663780225502                    0           20.9498176            3.4064553     -0.6819170289339       10.84476106033                    0
                MQD3E4          270.0136808                    1       10.45989956181                    0           20.9498176            5.0411482     -0.5007164376548       17.02263694543                    0
              MQTATNE2          397.7476034                    1       7.756034391103                    0           14.5078121            6.6685508     -0.4653891063903       12.62231599795                    0
                MQEAE8          472.7108711                    1       6.055110778838                    0            7.6858431            7.7060253     -0.2121735117338       9.854200974248                    0
                MQD3E8          511.9225329                    1       10.13200832187                    0           20.9498176            8.3656416      -0.516367707093       16.48902058496                    0
               MQEAE11          597.0252838                    1       27.31888554077                    0            7.6858431            9.6370935       2.554442262915        44.4592672775                    0
               MQDRNE5          781.6020054                    1       8.776405075057                    0           30.1970047           11.7122452     -0.7093617343095       14.28288640784                    0
               MQD3E12          947.4355886                    1       12.89239137681                    0           20.9498176           13.8650143     -0.3846060322352       20.98131979844                    0
               MQD3E14         1023.1059944                    1       12.23755103763                    0           20.9498176           14.9882786     -0.4158635998038       19.91562033496                    0
              MQTANFE1         1107.5016074                    1       6.933665543644                    0           14.5078121           16.1739407     -0.5220736596358       11.28397749453                    0
               MQD3E16         1189.3444407                    1       15.31481785879                    0           20.9498176           17.1895078     -0.2689760764892       24.92362213948                    0
               MQD3E18         1265.0148465                    1       18.46989117534                    0           20.9498176            18.312772     -0.1183746069779       30.05824769555                    0
                 MQI6E         1404.3012987                    1       20.68287332902                    0           27.8083512           20.2018289     -0.2562351798471       33.65969640412                    0
                 MQI5E         1418.7440064                    1       20.68298719914                    0           69.7334913           20.2546404     -0.7033995170246        33.6598817185                    0
                 MQI4E         1424.1361014                    1       30.82662291987                    0           30.1163345           20.2734103      0.0235848230426       50.16782495069                    0
                MQX2RE         1494.6206604                    1       23.62049795806                    0           22.2827608           21.2341795     0.06003462362965       38.44044188324                    0
                 MQM2E         1564.3492168                    1       18.48596595563                    0           28.5508884           22.0286912     -0.3525257184071       30.08440809481                    0
                 MQM7E         1608.8759522                    1        32.4398212547                    0           35.6097046           22.6624348    -0.08901740075948       52.79317421073                    0
               MQEAE27         1710.4692283                    1       12.67964744043                    0            7.6858431           24.1097794      0.6497406043102       20.63509632181                    0
               MQD3E23         1746.9279724                    1       17.29851890473                    0           20.9498176           24.5734273     -0.1742878513304       28.15193446828                    0
               MQEAE29         1786.1396341                    1       5.545203686228                    0            7.6858431           25.2330437     -0.2785171888003       9.024368597549                    0
               MQEAE30          1813.166033                    1        13.4947549816                    0            7.6858431           25.5485039      0.7557937113762       21.96161763905                    0
              MQTAFOE2         1905.3942301                    1       9.015706633422                    0           13.8843623           26.7136413     -0.3506574923198       14.67233025713                    0
               MQD3E29         2065.4852081                    1       21.33674620146                    0           20.9498176           29.0338813     0.01846930645639       34.72382139407                    0
               MQEAE39         2465.4769137                    1       11.37673178526                    0            7.6858431           34.4742177      0.4802191037776       18.51470692061                    0
               MQD3E33         2501.9356578                    1       17.29203826764                    0           20.9498176           34.9378656     -0.1745971923097        28.1413877578                    0
               MQEAE41         2541.1473195                    1        6.54463664696                    0            7.6858431           35.5974819     -0.1484816224052       10.65086456353                    0
              MQTAOTE1         2616.1355465                    1       10.51213088317                    0           13.8843623             36.64627     -0.2428798200429       17.10763917852                    0
              MQTAOTE2         2660.4019155                    1         7.1138940551                    0           13.8843623           37.0780795     -0.4876326401321        11.5772847581                    0
               MQEAE45         2784.0341494                    1        6.84328403042                    0            7.6858431           38.9346716     -0.1096248074047       11.13688892287                    0
               MQD3E40           2850.27221                    1        26.4381601026                    0           20.9498176           39.9097482      0.2619756700223       43.02595816263                    0
               MQLB1RE         2960.9918734                    1       209.1294839719                    0          263.1461398           42.3540933     -0.2052724614133       340.3412489003                    0
               MQLC7RE         2989.1433603                    1       223.1304932825                    0          263.1507975            42.854773     -0.1520812575821         363.12675434                    0
               MQLC3RE         3003.3799331                    1       69.44766591298                    0           25.6036831           43.3284036       1.712409212446       113.0204354792                    0
                MQC2RE         3013.8146988                    1       230.9460764457                    0          263.7467378           43.3540103     -0.1243642352807       375.8459811278                    0
                MQC1RE         3015.7846995                    1       91.57723167521                    0           93.6284372           43.3550008    -0.02190793295422       149.0345063127                    0