@ Measure_optics:version %s "0.2.0"
@ Command %s "/usr/bin/python2 '/home/akoval/work_local/git/Beta-Beat.src/measure_optics.py' '--model' 'model/' '--accel' 'skekb' '--files' 'output/harmonic_output/HER_2019_05_20_18_26_02.sdds' '--output' 'output/phase_output/HER_2019_05_20_18_26_02.sdds/'"
@ CWD %s "/home/akoval/work_local/git/SKEKB_Kmod"
@ Date %s "14. June 2019, 13:54:45"
@ Model_directory %s "model/"
@ FILENAME %s "getcouple.out"
@ CG %le nan
@ CG_std %le nan
@ QG %le nan
@ Q1F %le 0.5443252118326277
@ Q2F %le 0.6103323536269583
*                 NAME                    S                COUNT               F1001W               FWSTD1               F1001R               F1001I               F1010W               FWSTD2               F1010R               F1010I                Q1001             Q1001STD                Q1010             Q1010STD            MDLF1001R            MDLF1001I            MDLF1010R            MDLF1010I
$                   %s                  %le                  %le                  %le                  %le                  %le                  %le                  %le                  %le                  %le                  %le                  %le                  %le                  %le                  %le                  %le                  %le                  %le                  %le
             "MQLC3LE"           12.9355133                    1                  nan                  nan                  nan                  nan                  nan                  nan                  nan                  nan      0.8576886502341      0.1309790218603       0.819973149616      0.1504616599363                  nan                  nan                  nan                  nan
             "MQLC7LE"           27.2720861                    1                  nan                  nan                  nan                  nan                  nan                  nan                  nan                  nan      0.1441516298554     0.03171572155893      0.2711719497375       0.179062984008                  nan                  nan                  nan                  nan
             "MQLA2LE"           98.9121927                    1                  nan                  nan                  nan                  nan                  nan                  nan                  nan                  nan      0.7865523477125       0.126849013697      0.5367307776288      0.1530413543757                  nan                  nan                  nan                  nan
             "MQDRNE5"          781.6020054                    1                  nan                  nan                  nan                  nan                  nan                  nan                  nan                  nan      0.2754563617564      0.1337969092225      0.3529584541487     0.06242088762262                  nan                  nan                  nan                  nan
             "MQD3E18"         1265.0148465                    1                  nan                  nan                  nan                  nan                  nan                  nan                  nan                  nan      0.7102339714266     0.05905470508789      0.7191238030324     0.04264997292512                  nan                  nan                  nan                  nan
             "MQD3E33"         2501.9356578                    1                  nan                  nan                  nan                  nan                  nan                  nan                  nan                  nan      0.3795352184845     0.09011900582177        0.12184632478     0.08785978930183                  nan                  nan                  nan                  nan
             "MQEAE41"         2541.1473195                    1                  nan                  nan                  nan                  nan                  nan                  nan                  nan                  nan      0.0453882396028      0.1533880982273      0.5952051596087     0.06598733785209                  nan                  nan                  nan                  nan
            "MQTAOTE1"         2616.1355465                    1                  nan                  nan                  nan                  nan                  nan                  nan                  nan                  nan      0.1276264953938      0.1310800223692      0.3339315968855      0.2177701816674                  nan                  nan                  nan                  nan
             "MQEAE45"         2784.0341494                    1                  nan                  nan                  nan                  nan                  nan                  nan                  nan                  nan      0.2811831395527      0.0115355449542      0.1390138312659      0.1388109264175                  nan                  nan                  nan                  nan
             "MQLB1RE"         2960.9918734                    1                  nan                  nan                  nan                  nan                  nan                  nan                  nan                  nan      0.7633490314057     0.01227913409444      0.7035084218123     0.06053708732677                  nan                  nan                  nan                  nan