@ Measure_optics:version %s "0.2.0"
@ Command %s "/usr/bin/python2 '/home/akoval/work_local/git/Beta-Beat.src/measure_optics.py' '--model' 'model/' '--accel' 'skekb' '--files' 'output/harmonic_output/HER_2019_05_20_18_26_02.sdds' '--output' 'output/phase_output/HER_2019_05_20_18_26_02.sdds/'"
@ CWD %s "/home/akoval/work_local/git/SKEKB_Kmod"
@ Date %s "14. June 2019, 13:54:45"
@ Model_directory %s "model/"
@ Q1 %le 0.5443252118326277
@ Q2 %le 0.6103323536269583
@ FILENAME %s "getphasetoty.out"
*                    S               MUYMDL                 NAME                NAME2                   S2               PHASEY               STDPHY               PHYMDL          DELTAPHASEY
$                  %le                  %le                   %s                   %s                  %le                  %le                  %le                  %le                  %le
             0.5300002            0.2490992               MQC1LE               MQC1LE            0.5300002                    0                  nan                    0                    0
             2.2500008            0.2499778               MQC2LE               MQC1LE            0.5300002      0.0223166722612                  nan            0.0008786      0.0214380722612
            12.9355133            0.2953789              MQLC3LE               MQC1LE            0.5300002      0.1403425722021                  nan            0.0462797      0.0940628722021
            27.2720861            0.7492946              MQLC7LE               MQC1LE            0.5300002      0.4884040908295                  nan            0.5001954     -0.0117913091705
            55.2235731            1.2500394              MQLB1LE               MQC1LE            0.5300002      0.9911885197348                  nan   0.0009401999999998     -0.0097516802652
            77.1787307            1.9465966              MQLB4LE               MQC1LE            0.5300002      0.6707872916152                  nan            0.6974974    -0.02671010838483
            98.9121927            2.4533248              MQLA2LE               MQC1LE            0.5300002      0.2347637883996                  nan            0.2042256      0.0305381883996
           119.0986538              2.94926              MQLA5LE               MQC1LE            0.5300002      0.7399643229304                  nan            0.7001608      0.0398035229304
           164.5639584            3.4064553               MQD3E1               MQC1LE            0.5300002      0.1354314322371                  nan            0.1573561     -0.0219246677629
           270.0136808            5.0411482               MQD3E4               MQC1LE            0.5300002       0.857840520082                  nan             0.792049       0.065791520082
           397.7476034            6.6685508             MQTATNE2               MQC1LE            0.5300002       0.356271995269                  nan            0.4194516      -0.063179604731
           472.7108711            7.7060253               MQEAE8               MQC1LE            0.5300002      0.5079011831904                  nan            0.4569261      0.0509750831904
           511.9225329            8.3656416               MQD3E8               MQC1LE            0.5300002      0.1364642328248                  nan            0.1165424      0.0199218328248
           597.0252838            9.6370935              MQEAE11               MQC1LE            0.5300002      0.4174130992808                  nan            0.3879943      0.0294187992808
           781.6020054           11.7122452              MQDRNE5               MQC1LE            0.5300002      0.5566298929391                  nan             0.463146      0.0934838929391
           947.4355886           13.8650143              MQD3E12               MQC1LE            0.5300002      0.6556148513237                  nan            0.6159151     0.03969975132373
          1023.1059944           14.9882786              MQD3E14               MQC1LE            0.5300002      0.7709979508228                  nan            0.7391794      0.0318185508228
          1107.5016074           16.1739407             MQTANFE1               MQC1LE            0.5300002      0.9589287406102                  nan            0.9248415      0.0340872406102
          1189.3444407           17.1895078              MQD3E16               MQC1LE            0.5300002      0.9715858512796                  nan            0.9404086      0.0311772512796
          1265.0148465            18.312772              MQD3E18               MQC1LE            0.5300002      0.1176036598025                  nan            0.0636728      0.0539308598025
          1404.3012987           20.2018289                MQI6E               MQC1LE            0.5300002       0.918528396885                  nan            0.9527297      -0.034201303115
          1418.7440064           20.2546404                MQI5E               MQC1LE            0.5300002      0.0307163479109                  nan            0.0055412      0.0251751479109
          1424.1361014           20.2734103                MQI4E               MQC1LE            0.5300002      0.9786721888154                  nan            0.0243111     -0.0456389111846
          1494.6206604           21.2341795               MQX2RE               MQC1LE            0.5300002       0.977448889536                  nan            0.9850803      -0.007631410464
          1564.3492168           22.0286912                MQM2E               MQC1LE            0.5300002      0.8023635299912                  nan             0.779592      0.0227715299912
          1608.8759522           22.6624348                MQM7E               MQC1LE            0.5300002      0.3974106715154                  nan            0.4133356     -0.0159249284846
          1710.4692283           24.1097794              MQEAE27               MQC1LE            0.5300002       0.862552235818                  nan            0.8606802    0.001872035817999
          1746.9279724           24.5734273              MQD3E23               MQC1LE            0.5300002      0.3444674793846                  nan            0.3243281      0.0201393793846
          1786.1396341           25.2330437              MQEAE29               MQC1LE            0.5300002      0.0259578643071                  nan            0.9839445      0.0420133643071
           1813.166033           25.5485039              MQEAE30               MQC1LE            0.5300002      0.3886826736005                  nan            0.2994047      0.0892779736005
          1905.3942301           26.7136413             MQTAFOE2               MQC1LE            0.5300002      0.4266626985772                  nan            0.4645421     -0.0378794014228
          2065.4852081           29.0338813              MQD3E29               MQC1LE            0.5300002      0.8146746352171                  nan            0.7847821      0.0298925352171
          2465.4769137           34.4742177              MQEAE39               MQC1LE            0.5300002      0.1692288905509                  nan            0.2251185    -0.05588960944909
          2501.9356578           34.9378656              MQD3E33               MQC1LE            0.5300002      0.6854546715385                  nan            0.6887664   -0.003311728461539
          2541.1473195           35.5974819              MQEAE41               MQC1LE            0.5300002      0.3167152578281                  nan            0.3483827    -0.03166744217189
          2616.1355465             36.64627             MQTAOTE1               MQC1LE            0.5300002      0.4102270763423                  nan            0.3971708      0.0130562763423
          2660.4019155           37.0780795             MQTAOTE2               MQC1LE            0.5300002      0.9077177854098                  nan            0.8289803      0.0787374854098
          2784.0341494           38.9346716              MQEAE45               MQC1LE            0.5300002       0.639565585893                  nan            0.6855724      -0.046006814107
            2850.27221           39.9097482              MQD3E40               MQC1LE            0.5300002      0.6911883516268                  nan             0.660649      0.0305393516268
          2960.9918734           42.3540933              MQLB1RE               MQC1LE            0.5300002      0.1212071487433                  nan            0.1049941      0.0162130487433
          2989.1433603            42.854773              MQLC7RE               MQC1LE            0.5300002      0.6263178607259                  nan            0.6056738     0.02064406072586
          3003.3799331           43.3284036              MQLC3RE               MQC1LE            0.5300002       0.089977848444                  nan            0.0793044       0.010673448444
          3013.8146988           43.3540103               MQC2RE               MQC1LE            0.5300002       0.098075309081                  nan            0.1049111   -0.006835790918995
          3015.7846995           43.3550008               MQC1RE               MQC1LE            0.5300002      0.1168091591935                  nan            0.1059016      0.0109075591935