@ Measure_optics:version %s "0.2.0"
@ Command %s "/usr/bin/python2 '/home/akoval/work_local/git/Beta-Beat.src/measure_optics.py' '--model' 'model/' '--accel' 'skekb' '--files' 'output/harmonic_output/HER_2019_05_20_18_30_21.sdds' '--output' 'output/phase_output/HER_2019_05_20_18_30_21.sdds/'"
@ CWD %s "/home/akoval/work_local/git/SKEKB_Kmod"
@ Date %s "14. June 2019, 13:58:16"
@ Model_directory %s "model/"
@ Q1 %le 0.5440298346613024
@ Q2 %le 0.6077041672656596
@ RMSbetabeat %le 0.3243970107573979
@ RescalingFactor %le 1.1539916174510323
@ FILENAME %s "getampbetax.out"
*                 NAME                    S                COUNT                 BETX              BETXSTD              BETXMDL               MUXMDL            DELTABETX              BETXRES           BETXSTDRES
$                   %s                  %le                   %d                  %le                  %le                  %le                  %le                  %le                  %le                  %le
                MQC1LE            0.5300002                    1       1.125967428762                    0            2.9087358            0.2203223      -0.612901443726       1.299356974315                    0
                MQC2LE            2.2500008                    1       232.9985721799                    0          142.9688048            0.2410243      0.6297161643466       268.8783991736                    0
               MQLC3LE           12.9355133                    1       45.37190022214                    0           26.9933253            0.2616968      0.6808562753157       52.35879252418                    0
               MQLC7LE           27.2720861                    1       9.770062427531                    0            9.3764221            0.4721468     0.04198193333581       11.27457014334                    0
               MQLB1LE           55.2235731                    1       12.56854257328                    0           12.5617527            0.9879476   0.0005405195785495       14.50399277314                    0
               MQLB4LE           77.1787307                    1       42.88459743085                    0           35.3516866            1.3202075      0.2130849064171       49.48846595296                    0
               MQLA2LE           98.9121927                    1       51.89221177295                    0           36.8830728            1.8242478      0.4069384092355       59.88317739698                    0
               MQLA5LE          119.0986538                    1       12.13415561881                    0           10.0415612            2.3120774      0.2083933341772       14.00271386896                    0
                MQD3E1          164.5639584                    1       7.026023461176                    0            7.4403317            3.0072166    -0.05568410865666       8.107972178211                    0
                MQEAE4          230.8020191                    1       37.78786671446                    0           48.5050151            4.0807687     -0.2209492845934       43.60688142985                    0
                MQD3E4          270.0136808                    1       7.084256490771                    0            7.4403317            4.6861856    -0.04785743748878       8.175172606223                    0
                MQEAE6          306.4724249                    1       57.97990948731                    0           48.5050151            5.2289045        0.19533844836       66.90832952893                    0
              MQTATNE1          354.4092937                    1       35.22297814653                    0           45.9537751            5.9292318     -0.2335128491646       40.64702152276                    0
              MQTATNE2          397.7476034                    1       31.99785702846                    0           45.9537751            6.4015278     -0.3036947028002       36.92525878724                    0
                MQEAE8          472.7108711                    1       36.16196292862                    0           48.5050151            7.5699902     -0.2544696078525       41.73060209021                    0
                MQD3E8          511.9225329                    1       6.443604850601                    0            7.4403317            8.1754072     -0.1339626900504        7.43586598376                    0
               MQEAE10          548.3812769                    1       49.18870427374                    0           48.5050151             8.718126     0.01409522649008       56.76335240517                    0
               MQEAE11          597.0252838                    1       51.44509374423                    0           48.5050151            9.3981267     0.06061391050317       59.36720693982                    0
               MQR2NE1          696.7698054                    1       10.83530973071                    0           28.8232835           10.9206195     -0.6240778837459       12.50385660173                    0
               MQFRNE3          753.3246054                    1       13.75220464861                    0           28.8233021           11.5379038      -0.522878933132       15.86992888597                    0
               MQDRNE5          781.6020054                    1       3.221729728217                    0            8.5241331            11.856421     -0.6220460555436       3.717849100055                    0
               MQEAE13           881.197528                    1       56.48954056372                    0           48.5050151           13.2020923      0.1646123694067       65.18845628419                    0
               MQD3E12          947.4355886                    1       7.495635331613                    0            7.4403317           14.2756444    0.007432952433119       8.649900340151                    0
               MQEAE16          983.8943327                    1       41.30397481673                    0           48.5050151           14.8183633     -0.1484597060412       47.66444070591                    0
               MQD3E14         1023.1059944                    1        5.78770164338                    0            7.4403317           15.4237802     -0.2221177930307       6.678959180768                    0
               MQEAE18         1059.5647385                    1       37.57144665133                    0           48.5050151           15.9664991      -0.225411092567       43.35713449115                    0
              MQTANFE1         1107.5016074                    1       41.08018413885                    0           45.9537751           16.6668263     -0.1060542023054       47.40618813957                    0
               MQD3E16         1189.3444407                    1       7.384038097448                    0            7.4403317            17.764866   -0.007566007111211       8.521118067394                    0
               MQEAE20         1225.8031848                    1       31.20874925305                    0           48.5050151           18.3075848     -0.3565871654981       36.01463502915                    0
               MQD3E18         1265.0148465                    1       4.909799762272                    0            7.4403317           18.9130018     -0.3401100972055       5.665867769025                    0
               MQEAE22         1301.4735906                    1       35.72203532065                    0           48.5050151           19.4557206     -0.2635393423338       41.22292931832                    0
               MQEAE23         1350.1175975                    1       57.93312937618                    0           48.5050151           20.1357212      0.1943740097132       66.85434567282                    0
                 MQI6E         1404.3012987                    1       11.79911134523                    0           12.5196316             21.14351    -0.05755123455591       13.61607558577                    0
                 MQI5E         1418.7440064                    1       80.13334546252                    0           36.6707357           21.2614628       1.185212375287       92.47320894205                    0
                 MQI4E         1424.1361014                    1       130.5120279928                    0          102.3414091           21.2754895      0.2752611981852       150.6097862803                    0
                MQX2RE         1494.6206604                    1       82.61726094456                    0            79.143814           22.6372352     0.04388778817967       95.33962658679                    0
                 MQM2E         1564.3492168                    1       27.25131372904                    0           29.3408767           23.6951094    -0.07121678715742       31.44778760785                    0
                 MQM7E         1608.8759522                    1       4.998316575721                    0            5.5669757           24.4296714     -0.1021486629229       5.768015429748                    0
               MQEAE25         1634.7988225                    1       37.44465962116                    0           48.5050151           24.9087078       -0.22802498785       43.21082332113                    0
               MQD3E21         1671.2575666                    1        8.12140357127                    0            7.4403317           25.4514267     0.09153783711949       9.372031643182                    0
               MQEAE27         1710.4692283                    1       52.41353142137                    0           48.5050151           26.0568436     0.08057963312265       60.48477590126                    0
               MQD3E23         1746.9279724                    1       7.449043885665                    0            7.4403317           26.5995625    0.001170940492469       8.596134202082                    0
               MQEAE29         1786.1396341                    1       43.25111080852                    0           48.5050151           27.2049794     -0.1083167231398       49.91141931848                    0
               MQEAE30          1813.166033                    1       69.23762584276                    0           48.5050151           27.6731146      0.4274323118963       79.89963983475                    0
              MQTAFOE1         1861.1278611                    1       50.16474378397                    0           48.1181067           28.3637785      0.0425336162275       57.88969381828                    0
              MQTAFOE2         1905.3942301                    1       46.71993390827                    0           48.1181067           28.8386941    -0.02905710319095         53.914412098                    0
               MQEAE32         1980.3824571                    1       42.29521061146                    0           48.5050151           29.9974932     -0.1280239677431       48.80831850395                    0
               MQD3E29         2065.4852081                    1        6.34507003055                    0            7.4403317           31.2202127     -0.1472060270444       7.322157627395                    0
               MQEAE35         2104.6968698                    1       65.60244459002                    0           48.5050151           31.8256296      0.3524878706826       75.70467114118                    0
               MQR2ORE         2203.8099939                    1       36.40135476493                    0           34.8057218           33.1656568     0.04584398433403       42.00685826259                    0
               MQDROE5         2288.3421939                    1       1.259185114514                    0            6.9657018           34.2378829     -0.8192306890723       1.453089066968                    0
               MQEAE37         2389.8065079                    1        56.1175054692                    0           48.5050151           35.8334041      0.1569423358287       64.75913090372                    0
               MQD3E31          2426.265252                    1       9.201345236336                    0            7.4403317           36.3761229      0.2366848155891         10.618275272                    0
               MQEAE39         2465.4769137                    1       47.81383855933                    0           48.5050151           36.9815398    -0.01424958922798       55.17676889562                    0
               MQD3E33         2501.9356578                    1        6.29131816679                    0            7.4403317           37.5242587      -0.154430417828       7.260128427193                    0
               MQEAE41         2541.1473195                    1       37.92653956785                    0           48.5050151           38.1296756      -0.218090346129       43.76690874022                    0
              MQTAOTE1         2616.1355465                    1         39.448153547                    0           48.1181067           39.2884747     -0.1801806793242       45.52283851716                    0
              MQTAOTE2         2660.4019155                    1        38.6930597976                    0           48.1181067           39.7633903     -0.1958731868059       44.65146665997                    0
               MQEAE44         2735.3901425                    1       45.23731337844                    0           48.5050151           40.9221894    -0.06736832706529       52.20348043472                    0
               MQEAE45         2784.0341494                    1       36.70531753065                    0           48.5050151             41.60219     -0.2432675785179       42.35762874625                    0
               MQD3E40           2850.27221                    1        7.74545315804                    0            7.4403317           42.6757421     0.04100912033803       8.938188017738                    0
               MQLA2RE         2920.9780873                    1       105.1785103515                    0           78.5903189           43.8035918      0.3383138257191       121.3751192817                    0
               MQLB8RE         2942.8131119                    1       102.6355807527                    0           78.6738756           44.3053034      0.3045700363676       118.4405998408                    0
               MQLB1RE         2960.9918734                    1       8.721714421404                    0            6.3964764           44.5395614      0.3635185805429        10.0647853321                    0
               MQLC7RE         2989.1433603                    1       5.902050037254                    0            5.1390694           45.0677164      0.1484666926766       6.810916268767                    0
               MQLC3RE         3003.3799331                    1       57.40317528989                    0           34.9614517           45.2894231      0.6418990773742       66.24278309961                    0
                MQC2RE         3013.8146988                    1       226.8683380851                    0          190.7130202           45.3047308      0.1895797038249       261.8041604152                    0
                MQC1RE         3015.7846995                    1       3.726684316523                    0            2.9087304           45.3257444      0.2812065073212       4.300562462154                    0