@ Measure_optics:version %s "0.2.0"
@ Command %s "/usr/bin/python2 '/home/akoval/work_local/git/Beta-Beat.src/measure_optics.py' '--model' 'model/' '--accel' 'skekb' '--files' 'output/harmonic_output/HER_2019_05_20_18_30_21.sdds' '--output' 'output/phase_output/HER_2019_05_20_18_30_21.sdds/'"
@ CWD %s "/home/akoval/work_local/git/SKEKB_Kmod"
@ Date %s "14. June 2019, 13:58:16"
@ Model_directory %s "model/"
@ FILENAME %s "getcouple.out"
@ CG %le nan
@ CG_std %le nan
@ QG %le nan
@ Q1F %le 0.5440298346613024
@ Q2F %le 0.6077041672656596
*                 NAME                    S                COUNT               F1001W               FWSTD1               F1001R               F1001I               F1010W               FWSTD2               F1010R               F1010I                Q1001             Q1001STD                Q1010             Q1010STD            MDLF1001R            MDLF1001I            MDLF1010R            MDLF1010I
$                   %s                  %le                  %le                  %le                  %le                  %le                  %le                  %le                  %le                  %le                  %le                  %le                  %le                  %le                  %le                  %le                  %le                  %le                  %le
              "MQEAE4"          230.8020191                    1                  nan                  nan                  nan                  nan                  nan                  nan                  nan                  nan      0.8848573089735       0.015392560217      0.6223386794462     0.02565554721762                  nan                  nan                  nan                  nan
              "MQD3E4"          270.0136808                    1                  nan                  nan                  nan                  nan                  nan                  nan                  nan                  nan      0.1965499584019     0.09762342036157      0.2736051977249     0.05073884060123                  nan                  nan                  nan                  nan
            "MQTATNE2"          397.7476034                    1                  nan                  nan                  nan                  nan                  nan                  nan                  nan                  nan      0.2092586920374      0.1089122936307       0.354028994619     0.01194580991266                  nan                  nan                  nan                  nan
             "MQEAE11"          597.0252838                    1                  nan                  nan                  nan                  nan                  nan                  nan                  nan                  nan      0.2336072557102     0.06142864970203       0.368750151335     0.08903902527925                  nan                  nan                  nan                  nan
             "MQD3E14"         1023.1059944                    1                  nan                  nan                  nan                  nan                  nan                  nan                  nan                  nan      0.1351073629231      0.2125045649851      0.5472989477819      0.0923680398116                  nan                  nan                  nan                  nan
               "MQI6E"         1404.3012987                    1                  nan                  nan                  nan                  nan                  nan                  nan                  nan                  nan      0.7489925552096     0.09307635008763      0.6587964066831     0.04264934122253                  nan                  nan                  nan                  nan
            "MQTAOTE1"         2616.1355465                    1                  nan                  nan                  nan                  nan                  nan                  nan                  nan                  nan      0.6233476568694      0.1507389056822       0.723500241088     0.08786298282671                  nan                  nan                  nan                  nan
             "MQEAE45"         2784.0341494                    1                  nan                  nan                  nan                  nan                  nan                  nan                  nan                  nan      0.8818725030301       0.105053918351      0.6263862430816      0.1196444149239                  nan                  nan                  nan                  nan