@ Measure_optics:version %s "0.2.0"
@ Command %s "/usr/bin/python2 '/home/akoval/work_local/git/Beta-Beat.src/measure_optics.py' '--model' 'model/' '--accel' 'skekb' '--files' 'output/harmonic_output/HER_2019_05_20_18_30_21.sdds' '--output' 'output/phase_output/HER_2019_05_20_18_30_21.sdds/'"
@ CWD %s "/home/akoval/work_local/git/SKEKB_Kmod"
@ Date %s "14. June 2019, 13:58:16"
@ Model_directory %s "model/"
@ Q1 %le 0.5440298346613024
@ Q2 %le 0.6077041672656596
@ FILENAME %s "getphasey.out"
*                    S               MUYMDL                 NAME                NAME2                   S2               PHASEY               STDPHY               PHYMDL          DELTAPHASEY
$                  %le                  %le                   %s                   %s                  %le                  %le                  %le                  %le                  %le
             0.5300002            0.2490992               MQC1LE               MQC2LE            2.2500008      0.2246609058413                  nan            0.0008786      0.2237823058413
             2.2500008            0.2499778               MQC2LE              MQLC3LE           12.9355133     0.07480658630751                  nan            0.0454011     0.02940548630751
            12.9355133            0.2953789              MQLC3LE              MQLC7LE           27.2720861      0.7455050753858                  nan            0.4539157      0.2915893753858
            27.2720861            0.7492946              MQLC7LE              MQLB1LE           55.2235731      0.9387945895008                  nan            0.5007448      0.4380497895008
            55.2235731            1.2500394              MQLB1LE              MQLB4LE           77.1787307      0.3198020126236                  nan            0.6965572     -0.3767551873764
            77.1787307            1.9465966              MQLB4LE              MQLA2LE           98.9121927      0.2874282657991                  nan            0.5067282     -0.2192999342009
            98.9121927            2.4533248              MQLA2LE              MQLA5LE          119.0986538      0.3840923703995                  nan            0.4959352     -0.1118428296005
           119.0986538              2.94926              MQLA5LE               MQD3E1          164.5639584      0.3628397335787                  nan            0.4571953     -0.0943555664213
           164.5639584            3.4064553               MQD3E1               MQEAE4          230.8020191      0.4751841882457                  nan            0.9750765     -0.4998923117543
           230.8020191            4.3815318               MQEAE4               MQD3E4          270.0136808      0.3659581550116                  nan            0.6596164     -0.2936582449884
           270.0136808            5.0411482               MQD3E4               MQEAE6          306.4724249      0.3061606275756                  nan            0.4636479     -0.1574872724244
           306.4724249            5.5047961               MQEAE6             MQTATNE1          354.4092937      0.2899760477849                  nan            0.7220142     -0.4320381522151
           354.4092937            6.2268103             MQTATNE1             MQTATNE2          397.7476034      0.2797125573439                  nan            0.4417405     -0.1620279426561
           397.7476034            6.6685508             MQTATNE2               MQEAE8          472.7108711      0.2401441792256                  nan            0.0374745      0.2026696792256
           472.7108711            7.7060253               MQEAE8               MQD3E8          511.9225329      0.0056004390641                  nan            0.6596163      0.3459841390641
           511.9225329            8.3656416               MQD3E8              MQEAE10          548.3812769        0.19605358939                  nan            0.4636479       -0.26759431061
           548.3812769            8.8292895              MQEAE10              MQEAE11          597.0252838      0.6118731653273                  nan             0.807804     -0.1959308346727
           597.0252838            9.6370935              MQEAE11              MQR2NE1          696.7698054      0.8943194402384                  nan            0.2218165     -0.3274970597616
           696.7698054             10.85891              MQR2NE1              MQFRNE3          753.3246054        0.93143861232                  nan            0.5748741        0.35656451232
           753.3246054           11.4337841              MQFRNE3              MQDRNE5          781.6020054      0.3241478501236                  nan            0.2784611     0.04568675012365
           781.6020054           11.7122452              MQDRNE5              MQEAE13           881.197528      0.6189615982001                  nan            0.1776926      0.4412689982001
            881.197528           12.8899378              MQEAE13              MQD3E12          947.4355886       0.015418265404                  nan            0.9750765       0.040341765404
           947.4355886           13.8650143              MQD3E12              MQEAE16          983.8943327      0.4731654312541                  nan            0.4636479      0.0095175312541
           983.8943327           14.3286622              MQEAE16              MQD3E14         1023.1059944      0.5660250906924                  nan            0.6596164     -0.0935913093076
          1023.1059944           14.9882786              MQD3E14              MQEAE18         1059.5647385       0.547975242548                  nan            0.4636479       0.084327342548
          1059.5647385           15.4519265              MQEAE18             MQTANFE1         1107.5016074      0.4380617429803                  nan            0.7220142     -0.2839524570197
          1107.5016074           16.1739407             MQTANFE1              MQD3E16         1189.3444407      0.0176402900642                  nan            0.0155671    0.002073190064198
          1189.3444407           17.1895078              MQD3E16              MQEAE20         1225.8031848      0.5915307825929                  nan            0.4636479      0.1278828825929
          1225.8031848           17.6531557              MQEAE20              MQD3E18         1265.0148465      0.9670266197989                  nan            0.6596163      0.3074103197989
          1265.0148465            18.312772              MQD3E18              MQEAE22         1301.4735906      0.5820146917465                  nan            0.4636479      0.1183667917465
          1301.4735906           18.7764199              MQEAE22                MQI6E         1404.3012987      0.6524703185134                  nan             0.425409      0.2270613185134
          1404.3012987           20.2018289                MQI6E                MQI5E         1418.7440064      0.2435401421513                  nan            0.0528115      0.1907286421513
          1418.7440064           20.2546404                MQI5E                MQI4E         1424.1361014       0.466002311121                  nan            0.0187699       0.447232411121
          1424.1361014           20.2734103                MQI4E               MQX2RE         1494.6206604      0.5322518577067                  nan            0.9607692     -0.4285173422933
          1494.6206604           21.2341795               MQX2RE                MQM2E         1564.3492168      0.8223924805338                  nan            0.7945117      0.0278807805338
          1564.3492168           22.0286912                MQM2E                MQM7E         1608.8759522      0.9369425416574                  nan            0.6337436      0.3031989416574
          1608.8759522           22.6624348                MQM7E              MQEAE25         1634.7988225      0.4068881754046                  nan            0.3240804     0.08280777540455
          1634.7988225           22.9865152              MQEAE25              MQD3E21         1671.2575666       0.871801189998                  nan            0.4636479      0.4081532899979
          1671.2575666           23.4501631              MQD3E21              MQEAE27         1710.4692283      0.9689870306941                  nan            0.6596163      0.3093707306941
          1710.4692283           24.1097794              MQEAE27              MQD3E23         1746.9279724      0.9473754549003                  nan            0.4636479      0.4837275549003
          1746.9279724           24.5734273              MQD3E23              MQEAE29         1786.1396341       0.428637790598                  nan            0.6596164      -0.230978609402
          1786.1396341           25.2330437              MQEAE29              MQEAE30          1813.166033      0.9654010695003                  nan            0.3154602     -0.3500591304997
           1813.166033           25.5485039              MQEAE30             MQTAFOE1         1861.1278611      0.3773865640078                  nan            0.7333279     -0.3559413359922
          1861.1278611           26.2818318             MQTAFOE1             MQTAFOE2         1905.3942301      0.8430822029211                  nan            0.4318095      0.4112727029211
          1905.3942301           26.7136413             MQTAFOE2              MQEAE32         1980.3824571       0.610018326234                  nan            0.0487881      -0.438769773766
          1980.3824571           27.7624294              MQEAE32              MQD3E29         2065.4852081      0.9195679909161                  nan            0.2714519     -0.3518839090839
          2065.4852081           29.0338813              MQD3E29              MQEAE35         2104.6968698      0.4908037955409                  nan            0.6596163     -0.1688125044591
          2104.6968698           29.6934976              MQEAE35              MQDROE5         2288.3421939      0.5782595630058                  nan            0.4024843      0.1757752630058
          2288.3421939           32.0959819              MQDROE5              MQEAE37         2389.8065079      0.3525009018954                  nan            0.2549715     0.09752940189543
          2389.8065079           33.3509534              MQEAE37              MQD3E31          2426.265252      0.3471114574315                  nan            0.4636479     -0.1165364425685
           2426.265252           33.8146013              MQD3E31              MQD3E33         2501.9356578      0.5057851946424                  nan            0.1232643      0.3825208946424
          2501.9356578           34.9378656              MQD3E33             MQTAOTE1         2616.1355465      0.2911312674536                  nan            0.7084044     -0.4172731325464
          2616.1355465             36.64627             MQTAOTE1             MQTAOTE2         2660.4019155      0.3477656246191                  nan            0.4318095     -0.0840438753809
          2660.4019155           37.0780795             MQTAOTE2              MQEAE44         2735.3901425      0.3176081191409                  nan            0.0487881      0.2688200191409
          2735.3901425           38.1268676              MQEAE44              MQEAE45         2784.0341494      0.5687333916265                  nan             0.807804     -0.2390706083735
          2784.0341494           38.9346716              MQEAE45              MQD3E40           2850.27221      0.1572169472258                  nan            0.9750766      0.1821403472258
            2850.27221           39.9097482              MQD3E40              MQLA2RE         2920.9780873      0.5592706960983                  nan            0.1788197      0.3804509960983
          2920.9780873           41.0885679              MQLA2RE              MQLB8RE         2942.8131119      0.8375837558367                  nan             0.541418      0.2961657558367
          2942.8131119           41.6299859              MQLB8RE              MQLB1RE         2960.9918734      0.2641969213793                  nan            0.7241074     -0.4599104786207
          2960.9918734           42.3540933              MQLB1RE              MQLC7RE         2989.1433603      0.1492992466698                  nan            0.5006797     -0.3513804533302
          2989.1433603            42.854773              MQLC7RE              MQLC3RE         3003.3799331      0.5664873767287                  nan            0.4736306      0.0928567767287
          3003.3799331           43.3284036              MQLC3RE               MQC2RE         3013.8146988      0.5159128008304                  nan            0.0256067      0.4903061008304
          3013.8146988           43.3540103               MQC2RE               MQC1RE         3015.7846995      0.4892466426177                  nan   0.0009905000000003      0.4882561426177