@ Measure_optics:version %s "0.2.0"
@ Command %s "/usr/bin/python2 '/home/akoval/work_local/git/Beta-Beat.src/measure_optics.py' '--model' 'model/' '--accel' 'skekb' '--files' 'output/harmonic_output/HER_2019_05_20_18_26_35.sdds' '--output' 'output/phase_output/HER_2019_05_20_18_26_35.sdds/'"
@ CWD %s "/home/akoval/work_local/git/SKEKB_Kmod"
@ Date %s "14. June 2019, 13:55:27"
@ Model_directory %s "model/"
@ FILENAME %s "getcouple.out"
@ CG %le nan
@ CG_std %le nan
@ QG %le nan
@ Q1F %le 0.5443937236917246
@ Q2F %le 0.610541626884042
*                 NAME                    S                COUNT               F1001W               FWSTD1               F1001R               F1001I               F1010W               FWSTD2               F1010R               F1010I                Q1001             Q1001STD                Q1010             Q1010STD            MDLF1001R            MDLF1001I            MDLF1010R            MDLF1010I
$                   %s                  %le                  %le                  %le                  %le                  %le                  %le                  %le                  %le                  %le                  %le                  %le                  %le                  %le                  %le                  %le                  %le                  %le                  %le
             "MQLA2LE"           98.9121927                    1                  nan                  nan                  nan                  nan                  nan                  nan                  nan                  nan       0.870762788097      0.1904270513398      0.5191621226073    0.002379482877914                  nan                  nan                  nan                  nan
             "MQEAE18"         1059.5647385                    1                  nan                  nan                  nan                  nan                  nan                  nan                  nan                  nan      0.8209805426755      0.2162172313067      0.6539393557837      0.1565548880161                  nan                  nan                  nan                  nan
               "MQI5E"         1418.7440064                    1                  nan                  nan                  nan                  nan                  nan                  nan                  nan                  nan      0.8206443758678       0.154680481174      0.8037660703279     0.04086261227876                  nan                  nan                  nan                  nan
             "MQEAE29"         1786.1396341                    1                  nan                  nan                  nan                  nan                  nan                  nan                  nan                  nan       0.615476923669      0.1493486669884      0.6666982682227      0.2239123937637                  nan                  nan                  nan                  nan
            "MQTAFOE2"         1905.3942301                    1                  nan                  nan                  nan                  nan                  nan                  nan                  nan                  nan      0.2824359566976      0.1781457204353      0.3767817881473     0.07731405281052                  nan                  nan                  nan                  nan
             "MQD3E31"          2426.265252                    1                  nan                    0                  nan                  nan                  nan                    0                  nan                  nan      0.4598377842584      0.1766572021318      0.3911076421304     0.08365955601494                  nan                  nan                  nan                  nan
             "MQD3E33"         2501.9356578                    1                  nan                  nan                  nan                  nan                  nan                  nan                  nan                  nan      0.3831276157686     0.02282196999002      0.1017545065049     0.04469821803025                  nan                  nan                  nan                  nan
             "MQEAE45"         2784.0341494                    1                  nan                  nan                  nan                  nan                  nan                  nan                  nan                  nan      0.3330049156723     0.04790540837388      0.1073714160917     0.03745974326615                  nan                  nan                  nan                  nan
             "MQLB1RE"         2960.9918734                    1                  nan                  nan                  nan                  nan                  nan                  nan                  nan                  nan      0.7942311191574     0.02909914640609      0.6724972420116     0.01815378651749                  nan                  nan                  nan                  nan
              "MQC2RE"         3013.8146988                    1                  nan                    0                  nan                  nan                  nan                    0                  nan                  nan      0.4000097967526      0.1108132843606      0.5670446630315     0.05758967429901                  nan                  nan                  nan                  nan