@ Measure_optics:version %s "0.2.0"
@ Command %s "/usr/bin/python2 '/home/akoval/work_local/git/Beta-Beat.src/measure_optics.py' '--model' 'model/' '--accel' 'skekb' '--files' 'output/harmonic_output/HER_2019_05_20_18_28_23.sdds' '--output' 'output/phase_output/HER_2019_05_20_18_28_23.sdds/'"
@ CWD %s "/home/akoval/work_local/git/SKEKB_Kmod"
@ Date %s "14. June 2019, 13:56:28"
@ Model_directory %s "model/"
@ FILENAME %s "getcouple.out"
@ CG %le nan
@ CG_std %le nan
@ QG %le nan
@ Q1F %le 0.5437382542545829
@ Q2F %le 0.6108058566959051
*                 NAME                    S                COUNT               F1001W               FWSTD1               F1001R               F1001I               F1010W               FWSTD2               F1010R               F1010I                Q1001             Q1001STD                Q1010             Q1010STD            MDLF1001R            MDLF1001I            MDLF1010R            MDLF1010I
$                   %s                  %le                  %le                  %le                  %le                  %le                  %le                  %le                  %le                  %le                  %le                  %le                  %le                  %le                  %le                  %le                  %le                  %le                  %le
              "MQC2LE"            2.2500008                    1                  nan                  nan                  nan                  nan                  nan                  nan                  nan                  nan      0.6601505255198      0.1423034258725      0.6592403373719      0.1445907582267                  nan                  nan                  nan                  nan
             "MQLC3LE"           12.9355133                    1                  nan                  nan                  nan                  nan                  nan                  nan                  nan                  nan      0.6469831690874      0.1982265029813      0.6311223925185      0.1791111497568                  nan                  nan                  nan                  nan
             "MQLC7LE"           27.2720861                    1                  nan                  nan                  nan                  nan                  nan                  nan                  nan                  nan       0.755045471936     0.06206699591814      0.7068938529073    0.006737956960909                  nan                  nan                  nan                  nan
              "MQD3E4"          270.0136808                    1                  nan                  nan                  nan                  nan                  nan                  nan                  nan                  nan      0.1424733389809     0.04552990386288      0.4245492594458     0.05069249850606                  nan                  nan                  nan                  nan
             "MQR2NE1"          696.7698054                    1                  nan                  nan                  nan                  nan                  nan                  nan                  nan                  nan      0.5719149752331      0.2005765673055      0.8841515220123      0.1092410310374                  nan                  nan                  nan                  nan
             "MQEAE20"         1225.8031848                    1                  nan                  nan                  nan                  nan                  nan                  nan                  nan                  nan      0.2090844910001       0.127515206097      0.4279798261831     0.08107817361651                  nan                  nan                  nan                  nan
            "MQTAFOE1"         1861.1278611                    1                  nan                  nan                  nan                  nan                  nan                  nan                  nan                  nan      0.9928929350689     0.03871451159811      0.5271100173899     0.01005759368357                  nan                  nan                  nan                  nan
            "MQTAFOE2"         1905.3942301                    1                  nan                  nan                  nan                  nan                  nan                  nan                  nan                  nan      0.5909647182491     0.06853733946866      0.9529564735371       0.144760726098                  nan                  nan                  nan                  nan
             "MQEAE45"         2784.0341494                    1                  nan                  nan                  nan                  nan                  nan                  nan                  nan                  nan      0.7745688195485       0.139121503628      0.7387034470139      0.1143977473191                  nan                  nan                  nan                  nan
             "MQD3E40"           2850.27221                    1                  nan                  nan                  nan                  nan                  nan                  nan                  nan                  nan      0.8291210895694      0.1201762128607      0.5112980981966      0.1265671357858                  nan                  nan                  nan                  nan