@ Measure_optics:version %s "0.2.0"
@ Command %s "/usr/bin/python2 '/home/akoval/work_local/git/Beta-Beat.src/measure_optics.py' '--model' 'model/' '--accel' 'skekb' '--files' 'output/harmonic_output/HER_2019_05_20_18_28_44.sdds' '--output' 'output/phase_output/HER_2019_05_20_18_28_44.sdds/'"
@ CWD %s "/home/akoval/work_local/git/SKEKB_Kmod"
@ Date %s "14. June 2019, 13:56:58"
@ Model_directory %s "model/"
@ Q1 %le 0.5436251353721478
@ Q2 %le 0.6107033358460618
@ FILENAME %s "getphasetotx.out"
*                    S               MUXMDL                 NAME                NAME2                   S2               PHASEX               STDPHX               PHXMDL          DELTAPHASEX
$                  %le                  %le                   %s                   %s                  %le                  %le                  %le                  %le                  %le
             0.5300002            0.2203223               MQC1LE               MQC1LE            0.5300002                    0                  nan                    0                    0
             2.2500008            0.2410243               MQC2LE               MQC1LE            0.5300002      0.0191713245535                  nan             0.020702     -0.0015306754465
            12.9355133            0.2616968              MQLC3LE               MQC1LE            0.5300002      0.0392919819025                  nan            0.0413745     -0.0020825180975
            27.2720861            0.4721468              MQLC7LE               MQC1LE            0.5300002      0.2605954945772                  nan            0.2518245      0.0087709945772
            55.2235731            0.9879476              MQLB1LE               MQC1LE            0.5300002      0.7780760327171                  nan            0.7676253      0.0104507327171
            77.1787307            1.3202075              MQLB4LE               MQC1LE            0.5300002      0.1026453182656                  nan            0.0998852      0.0027601182656
            98.9121927            1.8242478              MQLA2LE               MQC1LE            0.5300002      0.6061347502547                  nan            0.6039255      0.0022092502547
           119.0986538            2.3120774              MQLA5LE               MQC1LE            0.5300002      0.0952453713692                  nan            0.0917551      0.0034902713692
           164.5639584            3.0072166               MQD3E1               MQC1LE            0.5300002      0.7943725714099                  nan            0.7868943      0.0074782714099
           230.8020191            4.0807687               MQEAE4               MQC1LE            0.5300002      0.8696953490587                  nan            0.8604464      0.0092489490587
           270.0136808            4.6861856               MQD3E4               MQC1LE            0.5300002      0.4714241969722                  nan            0.4658633     0.00556089697221
           306.4724249            5.2289045               MQEAE6               MQC1LE            0.5300002      0.0118401654931                  nan    0.008582199999999    0.003257965493101
           354.4092937            5.9292318             MQTATNE1               MQC1LE            0.5300002      0.7022713543522                  nan            0.7089095     -0.0066381456478
           397.7476034            6.4015278             MQTATNE2               MQC1LE            0.5300002      0.1738004340319                  nan            0.1812055     -0.0074050659681
           472.7108711            7.5699902               MQEAE8               MQC1LE            0.5300002      0.3537401027152                  nan            0.3496679     0.00407220271524
           511.9225329            8.1754072               MQD3E8               MQC1LE            0.5300002      0.9607949961599                  nan            0.9550849      0.0057100961599
           548.3812769             8.718126              MQEAE10               MQC1LE            0.5300002      0.5035225889448                  nan            0.4978037     0.00571888894484
           597.0252838            9.3981267              MQEAE11               MQC1LE            0.5300002      0.1753410693702                  nan            0.1778044   -0.002463330629801
           696.7698054           10.9206195              MQR2NE1               MQC1LE            0.5300002      0.6990951129939                  nan            0.7002972   -0.001202087006101
           753.3246054           11.5379038              MQFRNE3               MQC1LE            0.5300002      0.3184595904706                  nan            0.3175815   0.0008780904705989
           781.6020054            11.856421              MQDRNE5               MQC1LE            0.5300002      0.6326308730404                  nan            0.6360987     -0.0034678269596
            881.197528           13.2020923              MQEAE13               MQC1LE            0.5300002      0.9820056008627                  nan              0.98177   0.0002356008626991
           947.4355886           14.2756444              MQD3E12               MQC1LE            0.5300002      0.0537769333217                  nan            0.0553221     -0.0015451666783
           983.8943327           14.8183633              MQEAE16               MQC1LE            0.5300002      0.5972736879073                  nan             0.598041  -0.0007673120927004
          1023.1059944           15.4237802              MQD3E14               MQC1LE            0.5300002      0.2048809845135                  nan            0.2034579      0.0014230845135
          1059.5647385           15.9664991              MQEAE18               MQC1LE            0.5300002      0.7501576545815                  nan            0.7461768    0.003980854581499
          1107.5016074           16.6668263             MQTANFE1               MQC1LE            0.5300002      0.4439778946919                  nan             0.446504   -0.002526105308061
          1189.3444407            17.764866              MQD3E16               MQC1LE            0.5300002      0.5342941201928                  nan            0.5445437     -0.0102495798072
          1225.8031848           18.3075848              MQEAE20               MQC1LE            0.5300002      0.0779018382244                  nan            0.0872625   -0.009360661775601
          1265.0148465           18.9130018              MQD3E18               MQC1LE            0.5300002      0.6858555342225                  nan            0.6926795   -0.006823965777501
          1301.4735906           19.4557206              MQEAE22               MQC1LE            0.5300002      0.2319103501117                  nan            0.2353983     -0.0034879498883
          1350.1175975           20.1357212              MQEAE23               MQC1LE            0.5300002      0.9153077623528                  nan            0.9153989   -9.11376471997e-05
          1404.3012987             21.14351                MQI6E               MQC1LE            0.5300002      0.9226303270409                  nan            0.9231877  -0.0005573729590997
          1418.7440064           21.2614628                MQI5E               MQC1LE            0.5300002      0.0351873005011                  nan            0.0411405   -0.005953199498901
          1424.1361014           21.2754895                MQI4E               MQC1LE            0.5300002      0.0486236628016                  nan            0.0551672     -0.0065435371984
          1494.6206604           22.6372352               MQX2RE               MQC1LE            0.5300002      0.4196562977428                  nan            0.4169129     0.00274339774283
          1564.3492168           23.6951094                MQM2E               MQC1LE            0.5300002      0.4720831792668                  nan            0.4747871     -0.0027039207332
          1608.8759522           24.4296714                MQM7E               MQC1LE            0.5300002      0.2185080448143                  nan            0.2093491    0.009158944814299
          1634.7988225           24.9087078              MQEAE25               MQC1LE            0.5300002      0.6962240887643                  nan            0.6883855    0.007838588764301
          1671.2575666           25.4514267              MQD3E21               MQC1LE            0.5300002      0.2411050111315                  nan            0.2311044      0.0100006111315
          1710.4692283           26.0568436              MQEAE27               MQC1LE            0.5300002      0.8463700772364                  nan            0.8365213    0.009848777236399
          1746.9279724           26.5995625              MQD3E23               MQC1LE            0.5300002      0.3855362677368                  nan            0.3792402    0.006296067736768
          1786.1396341           27.2049794              MQEAE29               MQC1LE            0.5300002      0.9837209724633                  nan            0.9846571  -0.0009361275366997
           1813.166033           27.6731146              MQEAE30               MQC1LE            0.5300002      0.4534819781382                  nan            0.4527923   0.0006896781381577
          1861.1278611           28.3637785             MQTAFOE1               MQC1LE            0.5300002      0.1379335469184                  nan            0.1434562   -0.005522653081599
          1905.3942301           28.8386941             MQTAFOE2               MQC1LE            0.5300002      0.6134713991687                  nan            0.6183718   -0.004900400831302
          1980.3824571           29.9974932              MQEAE32               MQC1LE            0.5300002      0.7753296465777                  nan            0.7771709   -0.001841253422302
          2065.4852081           31.2202127              MQD3E29               MQC1LE            0.5300002      0.0017695370152                  nan            0.9998904    0.001879137015198
          2104.6968698           31.8256296              MQEAE35               MQC1LE            0.5300002      0.6023893455904                  nan            0.6053073     -0.0029179544096
          2203.8099939           33.1656568              MQR2ORE               MQC1LE            0.5300002      0.9440918183419                  nan            0.9453345   -0.001242681658101
          2288.3421939           34.2378829              MQDROE5               MQC1LE            0.5300002      0.0120194656544                  nan            0.0175606   -0.005541134345603
          2389.8065079           35.8334041              MQEAE37               MQC1LE            0.5300002      0.6104686571891                  nan            0.6130818   -0.002613142810903
           2426.265252           36.3761229              MQD3E31               MQC1LE            0.5300002      0.1549578826822                  nan            0.1558006  -0.0008427173177992
          2465.4769137           36.9815398              MQEAE39               MQC1LE            0.5300002      0.7599408762004                  nan            0.7612175   -0.001276623799601
          2501.9356578           37.5242587              MQD3E33               MQC1LE            0.5300002      0.3031717034839                  nan            0.3039364  -0.0007646965160978
          2541.1473195           38.1296756              MQEAE41               MQC1LE            0.5300002      0.9050753177819                  nan            0.9093533   -0.004277982218099
          2616.1355465           39.2884747             MQTAOTE1               MQC1LE            0.5300002      0.0599802123152                  nan            0.0681524   -0.008172187684802
          2660.4019155           39.7633903             MQTAOTE2               MQC1LE            0.5300002      0.5361498061972                  nan             0.543068   -0.006918193802798
          2735.3901425           40.9221894              MQEAE44               MQC1LE            0.5300002        0.69482346578                  nan            0.7018671   -0.007043634220001
          2784.0341494             41.60219              MQEAE45               MQC1LE            0.5300002       0.375044146128                  nan            0.3818677   -0.006823553871961
            2850.27221           42.6757421              MQD3E40               MQC1LE            0.5300002       0.452189207677                  nan            0.4554198   -0.003230592322961
          2920.9780873           43.8035918              MQLA2RE               MQC1LE            0.5300002      0.5827329494521                  nan            0.5832695  -0.0005365505479002
          2942.8131119           44.3053034              MQLB8RE               MQC1LE            0.5300002      0.0847778601342                  nan            0.0849811  -0.0002032398658003
          2960.9918734           44.5395614              MQLB1RE               MQC1LE            0.5300002      0.2894033628843                  nan            0.3192391     -0.0298357371157
          2989.1433603           45.0677164              MQLC7RE               MQC1LE            0.5300002      0.8153721074488                  nan            0.8473941     -0.0320219925512
          3003.3799331           45.2894231              MQLC3RE               MQC1LE            0.5300002      0.0639531955449                  nan            0.0691008   -0.005147604455101
          3013.8146988           45.3047308               MQC2RE               MQC1LE            0.5300002      0.0801251918954                  nan            0.0844085   -0.004283308104602
          3015.7846995           45.3257444               MQC1RE               MQC1LE            0.5300002      0.1028697675819                  nan            0.1054221   -0.002552332418098